TID: [2026-01-08 20:28:55,247]  INFO {org.wso2.config.mapper.ConfigParser} - Initializing configurations with deployment configurations {org.wso2.config.mapper.ConfigParser}
TID: [] [] [2026-01-08 20:28:57,686] []  INFO {org.ops4j.pax.logging.spi.support.EventAdminConfigurationNotifier} - Sending Event Admin notification (configuration successful) to org/ops4j/pax/logging/Configuration
TID: [] [] [2026-01-08 20:28:57,885] []  INFO {org.wso2.carbon.core.internal.CarbonCoreActivator} - Starting WSO2 Carbon...
TID: [] [] [2026-01-08 20:28:57,886] []  INFO {org.wso2.carbon.core.internal.CarbonCoreActivator} - Operating System : Mac OS X 26.2, aarch64
TID: [] [] [2026-01-08 20:28:57,886] []  INFO {org.wso2.carbon.core.internal.CarbonCoreActivator} - Java Home        : /Library/Java/JavaVirtualMachines/temurin-17.jdk/Contents/Home
TID: [] [] [2026-01-08 20:28:57,886] []  INFO {org.wso2.carbon.core.internal.CarbonCoreActivator} - Java Version     : 17.0.17
TID: [] [] [2026-01-08 20:28:57,886] []  INFO {org.wso2.carbon.core.internal.CarbonCoreActivator} - Java VM          : OpenJDK 64-Bit Server VM 17.0.17+10,Eclipse Adoptium
TID: [] [] [2026-01-08 20:28:57,886] []  INFO {org.wso2.carbon.core.internal.CarbonCoreActivator} - Carbon Home      : /Users/udeepa/Desktop/VC/IS-Packs/wso2is-7.2.1-SNAPSHOT
TID: [] [] [2026-01-08 20:28:57,886] []  INFO {org.wso2.carbon.core.internal.CarbonCoreActivator} - Java Temp Dir    : /Users/udeepa/Desktop/VC/IS-Packs/wso2is-7.2.1-SNAPSHOT/tmp
TID: [] [] [2026-01-08 20:28:57,886] []  INFO {org.wso2.carbon.core.internal.CarbonCoreActivator} - User             : udeepa, en-GB, Asia/Colombo
TID: [2026-01-08 20:28:58,723]  INFO {io.vertx.core.spi.resolver.ResolverProvider} - Using the default address resolver as the dns resolver could not be loaded {io.vertx.core.spi.resolver.ResolverProvider}
TID: [] [] [2026-01-08 20:29:00,397] []  INFO {org.apache.jasper.servlet.TldScanner} - At least one JAR was scanned for TLDs yet contained no TLDs. Enable debug logging for this logger for a complete list of JARs that were scanned but no TLDs were found in them. Skipping unneeded JARs during scanning can improve startup time and JSP compilation time.
TID: [] [] [2026-01-08 20:29:00,452] []  INFO {org.wso2.carbon.identity.openid4vc.presentation.internal.WalletAuthenticatorServiceComponent} - Wallet Authenticator activated successfully
TID: [] [] [2026-01-08 20:29:00,455] []  INFO {org.wso2.carbon.identity.openid4vc.presentation.internal.WalletServletRegistrationComponent} - Wallet Response Servlet registered successfully at: /wallet-callback
TID: [] [] [2026-01-08 20:29:00,456] []  INFO {org.wso2.carbon.identity.openid4vc.presentation.internal.WalletServletRegistrationComponent} - Wallet Status Servlet registered successfully at: /wallet-callback/status
TID: [] [] [2026-01-08 20:29:00,457] []  INFO {org.wso2.carbon.identity.openid4vc.presentation.internal.WalletServletRegistrationComponent} - Wallet Template Servlet registered successfully at: /wallet-callback/template
TID: [] [] [2026-01-08 20:29:03,319] []  INFO {org.wso2.carbon.registry.indexing.solr.SolrClient} - Default Embedded Solr Server Initialized
TID: [] [] [2026-01-08 20:29:03,811] []  INFO {org.apache.axis2.transport.mail.MailTransportSender} - MAILTO Sender started
TID: [] [] [2026-01-08 20:29:03,880] []  INFO {org.wso2.carbon.core.init.CarbonServerManager} - Repository       : /Users/udeepa/Desktop/VC/IS-Packs/wso2is-7.2.1-SNAPSHOT/repository/deployment/server/
TID: [] [] [2026-01-08 20:29:03,898] []  INFO {org.wso2.carbon.core.multitenancy.eager.TenantLoadingConfig} - Using tenant lazy loading policy...
TID: [] [] [2026-01-08 20:29:03,907] []  INFO {org.wso2.carbon.core.internal.permission.update.PermissionUpdater} - Permission cache updated for tenant -1234
TID: [] [] [2026-01-08 20:29:05,877] []  INFO {org.wso2.carbon.identity.configuration.mgt.core.ConfigurationManagerImpl} - Resource: ocspvalidator added successfully
TID: [] [] [2026-01-08 20:29:05,878] []  INFO {org.wso2.carbon.identity.configuration.mgt.core.ConfigurationManagerImpl} - Resource: crlvalidator added successfully
TID: [] [] [2026-01-08 20:29:06,010] []  WARN {org.wso2.carbon.identity.auth.service.internal.AuthenticationServiceComponent} - 

##################################  ALERT  ##################################
[WARNING]: Internal authentication is utilizing default credentials,
which may expose the environment to potential security risks.
If this is a production environment, change the credentials immediately.
#############################################################################

TID: [] [] [2026-01-08 20:29:06,029] []  WARN {org.wso2.carbon.identity.event.internal.IdentityEventServiceComponent} - Properties for IdentityFraudDetectorEventHandler is not configured. This event handler will not be activated
TID: [] [] [2026-01-08 20:29:07,421] []  INFO {org.wso2.carbon.identity.application.authentication.framework.store.SessionDataStore} - Thread pool size for temporary authentication context data delete task: 20
TID: [] [] [2026-01-08 20:29:07,630] []  INFO {org.opensaml.core.config.InitializationService} - Initializing OpenSAML using the Java Services API
TID: [] [] [2026-01-08 20:29:08,926] []  INFO {org.wso2.carbon.identity.user.store.configuration.utils.SecondaryUserStoreConfigurationUtil} - folder 'userstores' created to store configurations for tenant = -1234
TID: [] [] [2026-01-08 20:29:09,921] []  INFO {org.wso2.carbon.user.core.common.UserStoreDeploymentManager} - Realm configuration of tenant:-1234  modified with /Users/udeepa/Desktop/VC/IS-Packs/wso2is-7.2.1-SNAPSHOT/repository/deployment/server/userstores/AGENT.xml
TID: [] [] [2026-01-08 20:29:13,386] []  INFO {org.hibernate.validator.internal.util.Version} - HV000001: Hibernate Validator 6.2.5.Final
TID: [] [] [2026-01-08 20:29:19,953] []  INFO {org.wso2.carbon.core.transports.http.HttpTransportListener} - HTTP port        : 9763
TID: [] [] [2026-01-08 20:29:19,954] []  INFO {org.wso2.carbon.core.transports.http.HttpsTransportListener} - HTTPS port       : 9443
TID: [] [] [2026-01-08 20:29:20,123] []  WARN {org.apache.tomcat.util.net.SSLUtilBase} - The trusted certificate with alias [wso2carbon] and DN [CN=localhost, OU=WSO2, O=WSO2, L=Santa Clara, ST=CA, C=US] is not valid due to [NotAfter: Thu Jan 08 14:02:07 IST 2026]. Certificates signed by this trusted certificate WILL be accepted
TID: [] [] [2026-01-08 20:29:20,128] []  INFO {org.apache.tomcat.util.net.NioEndpoint.certificate} - Connector [https-jsse-nio-9443], TLS virtual host [_default_], certificate type [UNDEFINED] configured from keystore [/Users/udeepa/Desktop/VC/IS-Packs/wso2is-7.2.1-SNAPSHOT/repository/resources/security/wso2carbon.p12] using alias [wso2carbon] with trust store [/Users/udeepa/Desktop/VC/IS-Packs/wso2is-7.2.1-SNAPSHOT/repository/resources/security/client-truststore.p12]
TID: [] [] [2026-01-08 20:29:20,157] []  INFO {org.wso2.identity.apps.common.internal.AppsCommonServiceStartupObserver} - My Account URL : https://localhost:9443/myaccount
TID: [] [] [2026-01-08 20:29:20,157] []  INFO {org.wso2.identity.apps.common.internal.AppsCommonServiceStartupObserver} - Console URL : https://localhost:9443/console
TID: [] [] [2026-01-08 20:29:20,157] []  INFO {org.wso2.carbon.core.internal.StartupFinalizerServiceComponent} - Server           :  WSO2 Identity Server-7.2.1-SNAPSHOT
TID: [] [] [2026-01-08 20:29:20,158] []  INFO {org.wso2.carbon.core.internal.StartupFinalizerServiceComponent} - WSO2 Carbon started in 25 sec
TID: [] [] [2026-01-08 20:29:20,169] []  INFO {org.wso2.carbon.healthcheck.api.core.internal.HealthMonitorServiceComponent} - Carbon health monitoring service is activated..
TID: [-1234] [] [2026-01-08 20:29:39,685] [cdf69264-eb13-47ff-a772-0d101359e836]  WARN {org.wso2.carbon.identity.oidc.session.OIDCInboundSessionContextMgtListener} - No session state found for the received Session ID : d4a07187-0eaa-498f-83bd-200af8a31a2c-v2
TID: [-1234] [] [2026-01-08 20:30:16,630] [12417fd0-c1c8-4c2f-b695-fe20642daa65]  INFO {org.opensaml.core.config.InitializationService} - Initializing OpenSAML using the Java Services API
TID: [-1234] [] [2026-01-08 20:31:31,431] [99162b77-d7aa-4778-903d-edf8ac964c6d]  INFO {org.wso2.carbon.identity.openid4vc.presentation.authenticator.WalletAuthenticator} - === WalletAuthenticator.canHandle called ===
TID: [-1234] [] [2026-01-08 20:31:31,432] [99162b77-d7aa-4778-903d-edf8ac964c6d]  INFO {org.wso2.carbon.identity.openid4vc.presentation.authenticator.WalletAuthenticator} -     proceedAuth=null
TID: [-1234] [] [2026-01-08 20:31:31,433] [99162b77-d7aa-4778-903d-edf8ac964c6d]  INFO {org.wso2.carbon.identity.openid4vc.presentation.authenticator.WalletAuthenticator} -     walletState=null
TID: [-1234] [] [2026-01-08 20:31:31,433] [99162b77-d7aa-4778-903d-edf8ac964c6d]  INFO {org.wso2.carbon.identity.openid4vc.presentation.authenticator.WalletAuthenticator} -     sessionDataKey=36201efe-7185-4a53-8f24-1e308c702bdb
TID: [-1234] [] [2026-01-08 20:31:31,434] [99162b77-d7aa-4778-903d-edf8ac964c6d]  INFO {org.wso2.carbon.identity.openid4vc.presentation.authenticator.WalletAuthenticator} -     canHandle result=false
TID: [-1234] [] [2026-01-08 20:31:31,434] [99162b77-d7aa-4778-903d-edf8ac964c6d]  INFO {org.wso2.carbon.identity.openid4vc.presentation.authenticator.WalletAuthenticator} - === WalletAuthenticator.initiateAuthenticationRequest CALLED ===
TID: [-1234] [] [2026-01-08 20:31:31,435] [99162b77-d7aa-4778-903d-edf8ac964c6d]  INFO {org.wso2.carbon.identity.openid4vc.presentation.authenticator.WalletAuthenticator} - Generated state: 4fa0ee09-233d-4b20-ba5a-f9ef9b07dece, sessionDataKey: 36201efe-7185-4a53-8f24-1e308c702bdb
TID: [-1234] [] [2026-01-08 20:31:31,439] [99162b77-d7aa-4778-903d-edf8ac964c6d]  INFO {org.wso2.carbon.identity.openid4vc.presentation.authenticator.WalletAuthenticator} - === REDIRECTING TO QR CODE PAGE: https://localhost:9443/authenticationendpoint/wallet/login.jsp?walletState=4fa0ee09-233d-4b20-ba5a-f9ef9b07dece&client_id=pCUHiAzyP1VdZwCBHNq_XdRJRbQa&code_challenge=4IIyHGdyX4J76l4Cj83wBZGv1tLi6Bu3qXZwQ5V4xTQ&code_challenge_method=S256&commonAuthCallerPath=%2Foauth2%2Fauthorize&forceAuth=false&passiveAuth=false&redirect_uri=http%3A%2F%2Flocalhost%3A5173&response_mode=query&response_type=code&scope=openid+profile&state=request_0&sessionDataKey=36201efe-7185-4a53-8f24-1e308c702bdb&relyingParty=pCUHiAzyP1VdZwCBHNq_XdRJRbQa&type=oidc&sp=WalletAuth&spId=dd304979-1fdb-41d7-b3c0-6d5f0338a19c&&isSaaSApp=false ===
TID: [-1234] [] [2026-01-08 20:31:31,440] [99162b77-d7aa-4778-903d-edf8ac964c6d]  INFO {org.wso2.carbon.identity.openid4vc.presentation.authenticator.WalletAuthenticator} - === REDIRECT SENT SUCCESSFULLY ===
TID: [-1234] [] [2026-01-08 21:03:28,061] [f41589a4-aeae-4883-a3a2-f92f40e6e5f2]  INFO {org.wso2.carbon.identity.openid4vc.presentation.authenticator.WalletAuthenticator} - === WalletAuthenticator.canHandle called ===
TID: [-1234] [] [2026-01-08 21:03:28,062] [f41589a4-aeae-4883-a3a2-f92f40e6e5f2]  INFO {org.wso2.carbon.identity.openid4vc.presentation.authenticator.WalletAuthenticator} -     proceedAuth=null
TID: [-1234] [] [2026-01-08 21:03:28,062] [f41589a4-aeae-4883-a3a2-f92f40e6e5f2]  INFO {org.wso2.carbon.identity.openid4vc.presentation.authenticator.WalletAuthenticator} -     walletState=null
TID: [-1234] [] [2026-01-08 21:03:28,062] [f41589a4-aeae-4883-a3a2-f92f40e6e5f2]  INFO {org.wso2.carbon.identity.openid4vc.presentation.authenticator.WalletAuthenticator} -     sessionDataKey=36201efe-7185-4a53-8f24-1e308c702bdb
TID: [-1234] [] [2026-01-08 21:03:28,063] [f41589a4-aeae-4883-a3a2-f92f40e6e5f2]  INFO {org.wso2.carbon.identity.openid4vc.presentation.authenticator.WalletAuthenticator} -     canHandle result=false
TID: [-1234] [] [2026-01-08 21:03:28,063] [f41589a4-aeae-4883-a3a2-f92f40e6e5f2]  INFO {org.wso2.carbon.identity.openid4vc.presentation.authenticator.WalletAuthenticator} - === WalletAuthenticator.initiateAuthenticationRequest CALLED ===
TID: [-1234] [] [2026-01-08 21:03:28,063] [f41589a4-aeae-4883-a3a2-f92f40e6e5f2]  INFO {org.wso2.carbon.identity.openid4vc.presentation.authenticator.WalletAuthenticator} - Generated state: 191e1b97-1f89-4793-b585-230788396e40, sessionDataKey: 36201efe-7185-4a53-8f24-1e308c702bdb
TID: [-1234] [] [2026-01-08 21:03:28,063] [f41589a4-aeae-4883-a3a2-f92f40e6e5f2]  INFO {org.wso2.carbon.identity.openid4vc.presentation.authenticator.WalletAuthenticator} - === REDIRECTING TO QR CODE PAGE: https://localhost:9443/authenticationendpoint/wallet/login.jsp?walletState=191e1b97-1f89-4793-b585-230788396e40&client_id=pCUHiAzyP1VdZwCBHNq_XdRJRbQa&code_challenge=4IIyHGdyX4J76l4Cj83wBZGv1tLi6Bu3qXZwQ5V4xTQ&code_challenge_method=S256&commonAuthCallerPath=%2Foauth2%2Fauthorize&forceAuth=false&passiveAuth=false&redirect_uri=http%3A%2F%2Flocalhost%3A5173&response_mode=query&response_type=code&scope=openid+profile&state=request_0&sessionDataKey=36201efe-7185-4a53-8f24-1e308c702bdb&relyingParty=pCUHiAzyP1VdZwCBHNq_XdRJRbQa&type=oidc&sp=WalletAuth&spId=dd304979-1fdb-41d7-b3c0-6d5f0338a19c&&isSaaSApp=false ===
TID: [-1234] [] [2026-01-08 21:03:28,063] [f41589a4-aeae-4883-a3a2-f92f40e6e5f2]  INFO {org.wso2.carbon.identity.openid4vc.presentation.authenticator.WalletAuthenticator} - === REDIRECT SENT SUCCESSFULLY ===
TID: [-1234] [] [2026-01-08 21:03:30,291] [5314391b-88e3-4933-8955-a67f0b17e329]  INFO {org.wso2.carbon.identity.openid4vc.presentation.servlet.WalletStatusServlet} - === WalletStatusServlet.doGet called ===
TID: [-1234] [] [2026-01-08 21:03:30,293] [5314391b-88e3-4933-8955-a67f0b17e329]  INFO {org.wso2.carbon.identity.openid4vc.presentation.servlet.WalletStatusServlet} -     state parameter: 191e1b97-1f89-4793-b585-230788396e40
TID: [-1234] [] [2026-01-08 21:03:30,293] [5314391b-88e3-4933-8955-a67f0b17e329]  INFO {org.wso2.carbon.identity.openid4vc.presentation.servlet.WalletStatusServlet} -     Token received for state 191e1b97-1f89-4793-b585-230788396e40: false
TID: [-1234] [] [2026-01-08 21:03:32,290] [37352644-16a7-45f5-8c8f-84d30b090308]  INFO {org.wso2.carbon.identity.openid4vc.presentation.servlet.WalletStatusServlet} - === WalletStatusServlet.doGet called ===
TID: [-1234] [] [2026-01-08 21:03:32,290] [37352644-16a7-45f5-8c8f-84d30b090308]  INFO {org.wso2.carbon.identity.openid4vc.presentation.servlet.WalletStatusServlet} -     state parameter: 191e1b97-1f89-4793-b585-230788396e40
TID: [-1234] [] [2026-01-08 21:03:32,290] [37352644-16a7-45f5-8c8f-84d30b090308]  INFO {org.wso2.carbon.identity.openid4vc.presentation.servlet.WalletStatusServlet} -     Token received for state 191e1b97-1f89-4793-b585-230788396e40: false
TID: [-1234] [] [2026-01-08 21:03:34,777] [6d1e7d61-6ddb-4827-a38b-b2068974f6b3]  INFO {org.wso2.carbon.identity.openid4vc.presentation.servlet.WalletStatusServlet} - === WalletStatusServlet.doGet called ===
TID: [-1234] [] [2026-01-08 21:03:34,779] [6d1e7d61-6ddb-4827-a38b-b2068974f6b3]  INFO {org.wso2.carbon.identity.openid4vc.presentation.servlet.WalletStatusServlet} -     state parameter: 191e1b97-1f89-4793-b585-230788396e40
TID: [-1234] [] [2026-01-08 21:03:34,779] [6d1e7d61-6ddb-4827-a38b-b2068974f6b3]  INFO {org.wso2.carbon.identity.openid4vc.presentation.servlet.WalletStatusServlet} -     Token received for state 191e1b97-1f89-4793-b585-230788396e40: false
TID: [-1234] [] [2026-01-08 21:03:36,777] [e33c23ca-bf29-40cb-8bf5-e3219143ed9c]  INFO {org.wso2.carbon.identity.openid4vc.presentation.servlet.WalletStatusServlet} - === WalletStatusServlet.doGet called ===
TID: [-1234] [] [2026-01-08 21:03:36,777] [e33c23ca-bf29-40cb-8bf5-e3219143ed9c]  INFO {org.wso2.carbon.identity.openid4vc.presentation.servlet.WalletStatusServlet} -     state parameter: 191e1b97-1f89-4793-b585-230788396e40
TID: [-1234] [] [2026-01-08 21:03:36,778] [e33c23ca-bf29-40cb-8bf5-e3219143ed9c]  INFO {org.wso2.carbon.identity.openid4vc.presentation.servlet.WalletStatusServlet} -     Token received for state 191e1b97-1f89-4793-b585-230788396e40: false
TID: [-1234] [] [2026-01-08 21:03:38,776] [7ac69983-1307-4460-b40c-31189cc6313c]  INFO {org.wso2.carbon.identity.openid4vc.presentation.servlet.WalletStatusServlet} - === WalletStatusServlet.doGet called ===
TID: [-1234] [] [2026-01-08 21:03:38,777] [7ac69983-1307-4460-b40c-31189cc6313c]  INFO {org.wso2.carbon.identity.openid4vc.presentation.servlet.WalletStatusServlet} -     state parameter: 191e1b97-1f89-4793-b585-230788396e40
TID: [-1234] [] [2026-01-08 21:03:38,777] [7ac69983-1307-4460-b40c-31189cc6313c]  INFO {org.wso2.carbon.identity.openid4vc.presentation.servlet.WalletStatusServlet} -     Token received for state 191e1b97-1f89-4793-b585-230788396e40: false
TID: [-1234] [] [2026-01-08 21:03:40,778] [ec6958cf-3913-441d-a9ab-7ce6c8514ace]  INFO {org.wso2.carbon.identity.openid4vc.presentation.servlet.WalletStatusServlet} - === WalletStatusServlet.doGet called ===
TID: [-1234] [] [2026-01-08 21:03:40,779] [ec6958cf-3913-441d-a9ab-7ce6c8514ace]  INFO {org.wso2.carbon.identity.openid4vc.presentation.servlet.WalletStatusServlet} -     state parameter: 191e1b97-1f89-4793-b585-230788396e40
TID: [-1234] [] [2026-01-08 21:03:40,780] [ec6958cf-3913-441d-a9ab-7ce6c8514ace]  INFO {org.wso2.carbon.identity.openid4vc.presentation.servlet.WalletStatusServlet} -     Token received for state 191e1b97-1f89-4793-b585-230788396e40: false
TID: [-1234] [] [2026-01-08 21:03:42,778] [cee40b25-5ad7-4e2a-99d9-4ac04df5aaea]  INFO {org.wso2.carbon.identity.openid4vc.presentation.servlet.WalletStatusServlet} - === WalletStatusServlet.doGet called ===
TID: [-1234] [] [2026-01-08 21:03:42,779] [cee40b25-5ad7-4e2a-99d9-4ac04df5aaea]  INFO {org.wso2.carbon.identity.openid4vc.presentation.servlet.WalletStatusServlet} -     state parameter: 191e1b97-1f89-4793-b585-230788396e40
TID: [-1234] [] [2026-01-08 21:03:42,780] [cee40b25-5ad7-4e2a-99d9-4ac04df5aaea]  INFO {org.wso2.carbon.identity.openid4vc.presentation.servlet.WalletStatusServlet} -     Token received for state 191e1b97-1f89-4793-b585-230788396e40: false
TID: [-1234] [] [2026-01-08 21:03:44,785] [253d3888-c271-4fe3-aa14-71b34734425d]  INFO {org.wso2.carbon.identity.openid4vc.presentation.servlet.WalletStatusServlet} - === WalletStatusServlet.doGet called ===
TID: [-1234] [] [2026-01-08 21:03:44,786] [253d3888-c271-4fe3-aa14-71b34734425d]  INFO {org.wso2.carbon.identity.openid4vc.presentation.servlet.WalletStatusServlet} -     state parameter: 191e1b97-1f89-4793-b585-230788396e40
TID: [-1234] [] [2026-01-08 21:03:44,786] [253d3888-c271-4fe3-aa14-71b34734425d]  INFO {org.wso2.carbon.identity.openid4vc.presentation.servlet.WalletStatusServlet} -     Token received for state 191e1b97-1f89-4793-b585-230788396e40: false
TID: [-1234] [] [2026-01-08 21:03:46,777] [e01b79f6-44bf-4093-b40c-b87f8374a4bd]  INFO {org.wso2.carbon.identity.openid4vc.presentation.servlet.WalletStatusServlet} - === WalletStatusServlet.doGet called ===
TID: [-1234] [] [2026-01-08 21:03:46,778] [e01b79f6-44bf-4093-b40c-b87f8374a4bd]  INFO {org.wso2.carbon.identity.openid4vc.presentation.servlet.WalletStatusServlet} -     state parameter: 191e1b97-1f89-4793-b585-230788396e40
TID: [-1234] [] [2026-01-08 21:03:46,778] [e01b79f6-44bf-4093-b40c-b87f8374a4bd]  INFO {org.wso2.carbon.identity.openid4vc.presentation.servlet.WalletStatusServlet} -     Token received for state 191e1b97-1f89-4793-b585-230788396e40: false
TID: [-1234] [] [2026-01-08 21:03:48,777] [5d7b4f30-c145-49e6-9cb6-43712eff6a02]  INFO {org.wso2.carbon.identity.openid4vc.presentation.servlet.WalletStatusServlet} - === WalletStatusServlet.doGet called ===
TID: [-1234] [] [2026-01-08 21:03:48,778] [5d7b4f30-c145-49e6-9cb6-43712eff6a02]  INFO {org.wso2.carbon.identity.openid4vc.presentation.servlet.WalletStatusServlet} -     state parameter: 191e1b97-1f89-4793-b585-230788396e40
TID: [-1234] [] [2026-01-08 21:03:48,779] [5d7b4f30-c145-49e6-9cb6-43712eff6a02]  INFO {org.wso2.carbon.identity.openid4vc.presentation.servlet.WalletStatusServlet} -     Token received for state 191e1b97-1f89-4793-b585-230788396e40: false
TID: [-1234] [] [2026-01-08 21:03:50,779] [23f267c6-0d70-48d9-9421-edc292bca4c9]  INFO {org.wso2.carbon.identity.openid4vc.presentation.servlet.WalletStatusServlet} - === WalletStatusServlet.doGet called ===
TID: [-1234] [] [2026-01-08 21:03:50,780] [23f267c6-0d70-48d9-9421-edc292bca4c9]  INFO {org.wso2.carbon.identity.openid4vc.presentation.servlet.WalletStatusServlet} -     state parameter: 191e1b97-1f89-4793-b585-230788396e40
TID: [-1234] [] [2026-01-08 21:03:50,780] [23f267c6-0d70-48d9-9421-edc292bca4c9]  INFO {org.wso2.carbon.identity.openid4vc.presentation.servlet.WalletStatusServlet} -     Token received for state 191e1b97-1f89-4793-b585-230788396e40: false
TID: [-1234] [] [2026-01-08 21:03:52,783] [da596429-dc85-44ef-a798-9f49d8f0675a]  INFO {org.wso2.carbon.identity.openid4vc.presentation.servlet.WalletStatusServlet} - === WalletStatusServlet.doGet called ===
TID: [-1234] [] [2026-01-08 21:03:52,784] [da596429-dc85-44ef-a798-9f49d8f0675a]  INFO {org.wso2.carbon.identity.openid4vc.presentation.servlet.WalletStatusServlet} -     state parameter: 191e1b97-1f89-4793-b585-230788396e40
TID: [-1234] [] [2026-01-08 21:03:52,784] [da596429-dc85-44ef-a798-9f49d8f0675a]  INFO {org.wso2.carbon.identity.openid4vc.presentation.servlet.WalletStatusServlet} -     Token received for state 191e1b97-1f89-4793-b585-230788396e40: false
TID: [-1234] [] [2026-01-08 21:03:54,777] [b514daf3-e9bd-4501-a6ff-3fcddc165e9c]  INFO {org.wso2.carbon.identity.openid4vc.presentation.servlet.WalletStatusServlet} - === WalletStatusServlet.doGet called ===
TID: [-1234] [] [2026-01-08 21:03:54,778] [b514daf3-e9bd-4501-a6ff-3fcddc165e9c]  INFO {org.wso2.carbon.identity.openid4vc.presentation.servlet.WalletStatusServlet} -     state parameter: 191e1b97-1f89-4793-b585-230788396e40
TID: [-1234] [] [2026-01-08 21:03:54,778] [b514daf3-e9bd-4501-a6ff-3fcddc165e9c]  INFO {org.wso2.carbon.identity.openid4vc.presentation.servlet.WalletStatusServlet} -     Token received for state 191e1b97-1f89-4793-b585-230788396e40: false
TID: [-1234] [] [2026-01-08 21:03:56,778] [7133acf1-3676-43a0-8e21-0fa5aafa2c72]  INFO {org.wso2.carbon.identity.openid4vc.presentation.servlet.WalletStatusServlet} - === WalletStatusServlet.doGet called ===
TID: [-1234] [] [2026-01-08 21:03:56,779] [7133acf1-3676-43a0-8e21-0fa5aafa2c72]  INFO {org.wso2.carbon.identity.openid4vc.presentation.servlet.WalletStatusServlet} -     state parameter: 191e1b97-1f89-4793-b585-230788396e40
TID: [-1234] [] [2026-01-08 21:03:56,779] [7133acf1-3676-43a0-8e21-0fa5aafa2c72]  INFO {org.wso2.carbon.identity.openid4vc.presentation.servlet.WalletStatusServlet} -     Token received for state 191e1b97-1f89-4793-b585-230788396e40: false
TID: [-1234] [] [2026-01-08 21:03:58,777] [68014058-2fe2-4e03-9ef0-46e1461ad5e7]  INFO {org.wso2.carbon.identity.openid4vc.presentation.servlet.WalletStatusServlet} - === WalletStatusServlet.doGet called ===
TID: [-1234] [] [2026-01-08 21:03:58,778] [68014058-2fe2-4e03-9ef0-46e1461ad5e7]  INFO {org.wso2.carbon.identity.openid4vc.presentation.servlet.WalletStatusServlet} -     state parameter: 191e1b97-1f89-4793-b585-230788396e40
TID: [-1234] [] [2026-01-08 21:03:58,778] [68014058-2fe2-4e03-9ef0-46e1461ad5e7]  INFO {org.wso2.carbon.identity.openid4vc.presentation.servlet.WalletStatusServlet} -     Token received for state 191e1b97-1f89-4793-b585-230788396e40: false
TID: [-1234] [] [2026-01-08 21:04:00,777] [f19c7c13-50d8-484e-ab0f-385f7ac49ece]  INFO {org.wso2.carbon.identity.openid4vc.presentation.servlet.WalletStatusServlet} - === WalletStatusServlet.doGet called ===
TID: [-1234] [] [2026-01-08 21:04:00,778] [f19c7c13-50d8-484e-ab0f-385f7ac49ece]  INFO {org.wso2.carbon.identity.openid4vc.presentation.servlet.WalletStatusServlet} -     state parameter: 191e1b97-1f89-4793-b585-230788396e40
TID: [-1234] [] [2026-01-08 21:04:00,779] [f19c7c13-50d8-484e-ab0f-385f7ac49ece]  INFO {org.wso2.carbon.identity.openid4vc.presentation.servlet.WalletStatusServlet} -     Token received for state 191e1b97-1f89-4793-b585-230788396e40: false
TID: [-1234] [] [2026-01-08 21:04:02,776] [d8fbbda8-8ae5-49c7-a3cf-d98bb0447ab5]  INFO {org.wso2.carbon.identity.openid4vc.presentation.servlet.WalletStatusServlet} - === WalletStatusServlet.doGet called ===
TID: [-1234] [] [2026-01-08 21:04:02,778] [d8fbbda8-8ae5-49c7-a3cf-d98bb0447ab5]  INFO {org.wso2.carbon.identity.openid4vc.presentation.servlet.WalletStatusServlet} -     state parameter: 191e1b97-1f89-4793-b585-230788396e40
TID: [-1234] [] [2026-01-08 21:04:02,778] [d8fbbda8-8ae5-49c7-a3cf-d98bb0447ab5]  INFO {org.wso2.carbon.identity.openid4vc.presentation.servlet.WalletStatusServlet} -     Token received for state 191e1b97-1f89-4793-b585-230788396e40: false
TID: [-1234] [] [2026-01-08 21:04:04,777] [28702f6f-85c5-46ef-a57a-4d41b5ff6969]  INFO {org.wso2.carbon.identity.openid4vc.presentation.servlet.WalletStatusServlet} - === WalletStatusServlet.doGet called ===
TID: [-1234] [] [2026-01-08 21:04:04,778] [28702f6f-85c5-46ef-a57a-4d41b5ff6969]  INFO {org.wso2.carbon.identity.openid4vc.presentation.servlet.WalletStatusServlet} -     state parameter: 191e1b97-1f89-4793-b585-230788396e40
TID: [-1234] [] [2026-01-08 21:04:04,779] [28702f6f-85c5-46ef-a57a-4d41b5ff6969]  INFO {org.wso2.carbon.identity.openid4vc.presentation.servlet.WalletStatusServlet} -     Token received for state 191e1b97-1f89-4793-b585-230788396e40: false
TID: [-1234] [] [2026-01-08 21:04:06,778] [83a1a0d1-3f59-4522-81d3-b432adee6b93]  INFO {org.wso2.carbon.identity.openid4vc.presentation.servlet.WalletStatusServlet} - === WalletStatusServlet.doGet called ===
TID: [-1234] [] [2026-01-08 21:04:06,780] [83a1a0d1-3f59-4522-81d3-b432adee6b93]  INFO {org.wso2.carbon.identity.openid4vc.presentation.servlet.WalletStatusServlet} -     state parameter: 191e1b97-1f89-4793-b585-230788396e40
TID: [-1234] [] [2026-01-08 21:04:06,781] [83a1a0d1-3f59-4522-81d3-b432adee6b93]  INFO {org.wso2.carbon.identity.openid4vc.presentation.servlet.WalletStatusServlet} -     Token received for state 191e1b97-1f89-4793-b585-230788396e40: false
TID: [-1234] [] [2026-01-08 21:04:08,776] [7167bacc-a870-4fd8-9638-cfd266756ce3]  INFO {org.wso2.carbon.identity.openid4vc.presentation.servlet.WalletStatusServlet} - === WalletStatusServlet.doGet called ===
TID: [-1234] [] [2026-01-08 21:04:08,777] [7167bacc-a870-4fd8-9638-cfd266756ce3]  INFO {org.wso2.carbon.identity.openid4vc.presentation.servlet.WalletStatusServlet} -     state parameter: 191e1b97-1f89-4793-b585-230788396e40
TID: [-1234] [] [2026-01-08 21:04:08,777] [7167bacc-a870-4fd8-9638-cfd266756ce3]  INFO {org.wso2.carbon.identity.openid4vc.presentation.servlet.WalletStatusServlet} -     Token received for state 191e1b97-1f89-4793-b585-230788396e40: false
TID: [-1234] [] [2026-01-08 21:04:10,777] [097f47b4-41db-4e62-8400-e9c503851815]  INFO {org.wso2.carbon.identity.openid4vc.presentation.servlet.WalletStatusServlet} - === WalletStatusServlet.doGet called ===
TID: [-1234] [] [2026-01-08 21:04:10,778] [097f47b4-41db-4e62-8400-e9c503851815]  INFO {org.wso2.carbon.identity.openid4vc.presentation.servlet.WalletStatusServlet} -     state parameter: 191e1b97-1f89-4793-b585-230788396e40
TID: [-1234] [] [2026-01-08 21:04:10,778] [097f47b4-41db-4e62-8400-e9c503851815]  INFO {org.wso2.carbon.identity.openid4vc.presentation.servlet.WalletStatusServlet} -     Token received for state 191e1b97-1f89-4793-b585-230788396e40: false
TID: [-1234] [] [2026-01-08 21:04:12,776] [4030a817-c3bb-4663-b8b7-0e89d303d8e2]  INFO {org.wso2.carbon.identity.openid4vc.presentation.servlet.WalletStatusServlet} - === WalletStatusServlet.doGet called ===
TID: [-1234] [] [2026-01-08 21:04:12,777] [4030a817-c3bb-4663-b8b7-0e89d303d8e2]  INFO {org.wso2.carbon.identity.openid4vc.presentation.servlet.WalletStatusServlet} -     state parameter: 191e1b97-1f89-4793-b585-230788396e40
TID: [-1234] [] [2026-01-08 21:04:12,777] [4030a817-c3bb-4663-b8b7-0e89d303d8e2]  INFO {org.wso2.carbon.identity.openid4vc.presentation.servlet.WalletStatusServlet} -     Token received for state 191e1b97-1f89-4793-b585-230788396e40: false
TID: [-1234] [] [2026-01-08 21:04:14,777] [256c619c-3d6d-4129-902a-c1b99073a6f6]  INFO {org.wso2.carbon.identity.openid4vc.presentation.servlet.WalletStatusServlet} - === WalletStatusServlet.doGet called ===
TID: [-1234] [] [2026-01-08 21:04:14,778] [256c619c-3d6d-4129-902a-c1b99073a6f6]  INFO {org.wso2.carbon.identity.openid4vc.presentation.servlet.WalletStatusServlet} -     state parameter: 191e1b97-1f89-4793-b585-230788396e40
TID: [-1234] [] [2026-01-08 21:04:14,779] [256c619c-3d6d-4129-902a-c1b99073a6f6]  INFO {org.wso2.carbon.identity.openid4vc.presentation.servlet.WalletStatusServlet} -     Token received for state 191e1b97-1f89-4793-b585-230788396e40: false
TID: [-1234] [] [2026-01-08 21:04:16,778] [0d2eaf13-7539-4962-9660-dd5747652ddb]  INFO {org.wso2.carbon.identity.openid4vc.presentation.servlet.WalletStatusServlet} - === WalletStatusServlet.doGet called ===
TID: [-1234] [] [2026-01-08 21:04:16,780] [0d2eaf13-7539-4962-9660-dd5747652ddb]  INFO {org.wso2.carbon.identity.openid4vc.presentation.servlet.WalletStatusServlet} -     state parameter: 191e1b97-1f89-4793-b585-230788396e40
TID: [-1234] [] [2026-01-08 21:04:16,782] [0d2eaf13-7539-4962-9660-dd5747652ddb]  INFO {org.wso2.carbon.identity.openid4vc.presentation.servlet.WalletStatusServlet} -     Token received for state 191e1b97-1f89-4793-b585-230788396e40: false
TID: [-1234] [] [2026-01-08 21:04:18,778] [68373f46-5f5a-41d3-b242-7c6c32ea569d]  INFO {org.wso2.carbon.identity.openid4vc.presentation.servlet.WalletStatusServlet} - === WalletStatusServlet.doGet called ===
TID: [-1234] [] [2026-01-08 21:04:18,779] [68373f46-5f5a-41d3-b242-7c6c32ea569d]  INFO {org.wso2.carbon.identity.openid4vc.presentation.servlet.WalletStatusServlet} -     state parameter: 191e1b97-1f89-4793-b585-230788396e40
TID: [-1234] [] [2026-01-08 21:04:18,779] [68373f46-5f5a-41d3-b242-7c6c32ea569d]  INFO {org.wso2.carbon.identity.openid4vc.presentation.servlet.WalletStatusServlet} -     Token received for state 191e1b97-1f89-4793-b585-230788396e40: false
TID: [-1234] [] [2026-01-08 21:04:20,776] [7f52a534-42c6-471e-9dfe-ff42c61d0c6b]  INFO {org.wso2.carbon.identity.openid4vc.presentation.servlet.WalletStatusServlet} - === WalletStatusServlet.doGet called ===
TID: [-1234] [] [2026-01-08 21:04:20,777] [7f52a534-42c6-471e-9dfe-ff42c61d0c6b]  INFO {org.wso2.carbon.identity.openid4vc.presentation.servlet.WalletStatusServlet} -     state parameter: 191e1b97-1f89-4793-b585-230788396e40
TID: [-1234] [] [2026-01-08 21:04:20,778] [7f52a534-42c6-471e-9dfe-ff42c61d0c6b]  INFO {org.wso2.carbon.identity.openid4vc.presentation.servlet.WalletStatusServlet} -     Token received for state 191e1b97-1f89-4793-b585-230788396e40: false
TID: [-1234] [] [2026-01-08 21:04:22,779] [97829c6a-af08-43b6-a99c-83cb484e12e0]  INFO {org.wso2.carbon.identity.openid4vc.presentation.servlet.WalletStatusServlet} - === WalletStatusServlet.doGet called ===
TID: [-1234] [] [2026-01-08 21:04:22,781] [97829c6a-af08-43b6-a99c-83cb484e12e0]  INFO {org.wso2.carbon.identity.openid4vc.presentation.servlet.WalletStatusServlet} -     state parameter: 191e1b97-1f89-4793-b585-230788396e40
TID: [-1234] [] [2026-01-08 21:04:22,781] [97829c6a-af08-43b6-a99c-83cb484e12e0]  INFO {org.wso2.carbon.identity.openid4vc.presentation.servlet.WalletStatusServlet} -     Token received for state 191e1b97-1f89-4793-b585-230788396e40: false
TID: [-1234] [] [2026-01-08 21:04:24,778] [f6223d56-8fec-4245-a9f6-4f3d084fc606]  INFO {org.wso2.carbon.identity.openid4vc.presentation.servlet.WalletStatusServlet} - === WalletStatusServlet.doGet called ===
TID: [-1234] [] [2026-01-08 21:04:24,779] [f6223d56-8fec-4245-a9f6-4f3d084fc606]  INFO {org.wso2.carbon.identity.openid4vc.presentation.servlet.WalletStatusServlet} -     state parameter: 191e1b97-1f89-4793-b585-230788396e40
TID: [-1234] [] [2026-01-08 21:04:24,780] [f6223d56-8fec-4245-a9f6-4f3d084fc606]  INFO {org.wso2.carbon.identity.openid4vc.presentation.servlet.WalletStatusServlet} -     Token received for state 191e1b97-1f89-4793-b585-230788396e40: false
TID: [-1234] [] [2026-01-08 21:04:26,777] [815417d6-146e-4ae8-b2b1-7c4f817d6795]  INFO {org.wso2.carbon.identity.openid4vc.presentation.servlet.WalletStatusServlet} - === WalletStatusServlet.doGet called ===
TID: [-1234] [] [2026-01-08 21:04:26,778] [815417d6-146e-4ae8-b2b1-7c4f817d6795]  INFO {org.wso2.carbon.identity.openid4vc.presentation.servlet.WalletStatusServlet} -     state parameter: 191e1b97-1f89-4793-b585-230788396e40
TID: [-1234] [] [2026-01-08 21:04:26,779] [815417d6-146e-4ae8-b2b1-7c4f817d6795]  INFO {org.wso2.carbon.identity.openid4vc.presentation.servlet.WalletStatusServlet} -     Token received for state 191e1b97-1f89-4793-b585-230788396e40: false
TID: [-1234] [] [2026-01-08 21:04:28,779] [48cc9da3-37b1-4696-a001-2cedff0cff53]  INFO {org.wso2.carbon.identity.openid4vc.presentation.servlet.WalletStatusServlet} - === WalletStatusServlet.doGet called ===
TID: [-1234] [] [2026-01-08 21:04:28,780] [48cc9da3-37b1-4696-a001-2cedff0cff53]  INFO {org.wso2.carbon.identity.openid4vc.presentation.servlet.WalletStatusServlet} -     state parameter: 191e1b97-1f89-4793-b585-230788396e40
TID: [-1234] [] [2026-01-08 21:04:28,781] [48cc9da3-37b1-4696-a001-2cedff0cff53]  INFO {org.wso2.carbon.identity.openid4vc.presentation.servlet.WalletStatusServlet} -     Token received for state 191e1b97-1f89-4793-b585-230788396e40: false
TID: [-1234] [] [2026-01-08 21:04:30,777] [e8e435b4-2cf2-4d2c-bd13-c5284882b902]  INFO {org.wso2.carbon.identity.openid4vc.presentation.servlet.WalletStatusServlet} - === WalletStatusServlet.doGet called ===
TID: [-1234] [] [2026-01-08 21:04:30,778] [e8e435b4-2cf2-4d2c-bd13-c5284882b902]  INFO {org.wso2.carbon.identity.openid4vc.presentation.servlet.WalletStatusServlet} -     state parameter: 191e1b97-1f89-4793-b585-230788396e40
TID: [-1234] [] [2026-01-08 21:04:30,778] [e8e435b4-2cf2-4d2c-bd13-c5284882b902]  INFO {org.wso2.carbon.identity.openid4vc.presentation.servlet.WalletStatusServlet} -     Token received for state 191e1b97-1f89-4793-b585-230788396e40: false
TID: [-1234] [] [2026-01-08 21:04:32,778] [af615f50-8324-4eee-9ebf-3f0072bffbec]  INFO {org.wso2.carbon.identity.openid4vc.presentation.servlet.WalletStatusServlet} - === WalletStatusServlet.doGet called ===
TID: [-1234] [] [2026-01-08 21:04:32,780] [af615f50-8324-4eee-9ebf-3f0072bffbec]  INFO {org.wso2.carbon.identity.openid4vc.presentation.servlet.WalletStatusServlet} -     state parameter: 191e1b97-1f89-4793-b585-230788396e40
TID: [-1234] [] [2026-01-08 21:04:32,780] [af615f50-8324-4eee-9ebf-3f0072bffbec]  INFO {org.wso2.carbon.identity.openid4vc.presentation.servlet.WalletStatusServlet} -     Token received for state 191e1b97-1f89-4793-b585-230788396e40: false
TID: [-1234] [] [2026-01-08 21:04:34,779] [e02b99b5-1bd2-4bdf-bc09-d6be170101e1]  INFO {org.wso2.carbon.identity.openid4vc.presentation.servlet.WalletStatusServlet} - === WalletStatusServlet.doGet called ===
TID: [-1234] [] [2026-01-08 21:04:34,780] [e02b99b5-1bd2-4bdf-bc09-d6be170101e1]  INFO {org.wso2.carbon.identity.openid4vc.presentation.servlet.WalletStatusServlet} -     state parameter: 191e1b97-1f89-4793-b585-230788396e40
TID: [-1234] [] [2026-01-08 21:04:34,780] [e02b99b5-1bd2-4bdf-bc09-d6be170101e1]  INFO {org.wso2.carbon.identity.openid4vc.presentation.servlet.WalletStatusServlet} -     Token received for state 191e1b97-1f89-4793-b585-230788396e40: false
TID: [-1234] [] [2026-01-08 21:04:36,778] [d2d9f849-62ed-466b-abee-909fff331b74]  INFO {org.wso2.carbon.identity.openid4vc.presentation.servlet.WalletStatusServlet} - === WalletStatusServlet.doGet called ===
TID: [-1234] [] [2026-01-08 21:04:36,778] [d2d9f849-62ed-466b-abee-909fff331b74]  INFO {org.wso2.carbon.identity.openid4vc.presentation.servlet.WalletStatusServlet} -     state parameter: 191e1b97-1f89-4793-b585-230788396e40
TID: [-1234] [] [2026-01-08 21:04:36,779] [d2d9f849-62ed-466b-abee-909fff331b74]  INFO {org.wso2.carbon.identity.openid4vc.presentation.servlet.WalletStatusServlet} -     Token received for state 191e1b97-1f89-4793-b585-230788396e40: false
TID: [-1234] [] [2026-01-08 21:04:38,774] [f6087e52-b321-4639-be27-e19bcf346d98]  INFO {org.wso2.carbon.identity.openid4vc.presentation.servlet.WalletStatusServlet} - === WalletStatusServlet.doGet called ===
TID: [-1234] [] [2026-01-08 21:04:38,774] [f6087e52-b321-4639-be27-e19bcf346d98]  INFO {org.wso2.carbon.identity.openid4vc.presentation.servlet.WalletStatusServlet} -     state parameter: 191e1b97-1f89-4793-b585-230788396e40
TID: [-1234] [] [2026-01-08 21:04:38,774] [f6087e52-b321-4639-be27-e19bcf346d98]  INFO {org.wso2.carbon.identity.openid4vc.presentation.servlet.WalletStatusServlet} -     Token received for state 191e1b97-1f89-4793-b585-230788396e40: false
TID: [-1234] [] [2026-01-08 21:04:40,778] [1ea0c3da-f4a5-4f74-b17e-b4997c336082]  INFO {org.wso2.carbon.identity.openid4vc.presentation.servlet.WalletStatusServlet} - === WalletStatusServlet.doGet called ===
TID: [-1234] [] [2026-01-08 21:04:40,779] [1ea0c3da-f4a5-4f74-b17e-b4997c336082]  INFO {org.wso2.carbon.identity.openid4vc.presentation.servlet.WalletStatusServlet} -     state parameter: 191e1b97-1f89-4793-b585-230788396e40
TID: [-1234] [] [2026-01-08 21:04:40,779] [1ea0c3da-f4a5-4f74-b17e-b4997c336082]  INFO {org.wso2.carbon.identity.openid4vc.presentation.servlet.WalletStatusServlet} -     Token received for state 191e1b97-1f89-4793-b585-230788396e40: false
TID: [-1234] [] [2026-01-08 21:04:42,778] [b3f8f055-828a-4187-bde7-f8b5160276af]  INFO {org.wso2.carbon.identity.openid4vc.presentation.servlet.WalletStatusServlet} - === WalletStatusServlet.doGet called ===
TID: [-1234] [] [2026-01-08 21:04:42,779] [b3f8f055-828a-4187-bde7-f8b5160276af]  INFO {org.wso2.carbon.identity.openid4vc.presentation.servlet.WalletStatusServlet} -     state parameter: 191e1b97-1f89-4793-b585-230788396e40
TID: [-1234] [] [2026-01-08 21:04:42,780] [b3f8f055-828a-4187-bde7-f8b5160276af]  INFO {org.wso2.carbon.identity.openid4vc.presentation.servlet.WalletStatusServlet} -     Token received for state 191e1b97-1f89-4793-b585-230788396e40: false
TID: [-1234] [] [2026-01-08 21:04:44,776] [4f2df746-2b1d-427b-a3bf-a31c64b8f5be]  INFO {org.wso2.carbon.identity.openid4vc.presentation.servlet.WalletStatusServlet} - === WalletStatusServlet.doGet called ===
TID: [-1234] [] [2026-01-08 21:04:44,777] [4f2df746-2b1d-427b-a3bf-a31c64b8f5be]  INFO {org.wso2.carbon.identity.openid4vc.presentation.servlet.WalletStatusServlet} -     state parameter: 191e1b97-1f89-4793-b585-230788396e40
TID: [-1234] [] [2026-01-08 21:04:44,777] [4f2df746-2b1d-427b-a3bf-a31c64b8f5be]  INFO {org.wso2.carbon.identity.openid4vc.presentation.servlet.WalletStatusServlet} -     Token received for state 191e1b97-1f89-4793-b585-230788396e40: false
TID: [-1234] [] [2026-01-08 21:04:45,176] [4854004b-ebc6-4201-bf93-dfcbd9c19427]  INFO {org.wso2.carbon.identity.openid4vc.presentation.servlet.WalletResponseServlet} - VP token received and stored for state: 191e1b97-1f89-4793-b585-230788396e40
TID: [-1234] [] [2026-01-08 21:04:46,789] [c31b28a9-1bda-43b4-8450-48771c1ee02e]  INFO {org.wso2.carbon.identity.openid4vc.presentation.servlet.WalletStatusServlet} - === WalletStatusServlet.doGet called ===
TID: [-1234] [] [2026-01-08 21:04:46,790] [c31b28a9-1bda-43b4-8450-48771c1ee02e]  INFO {org.wso2.carbon.identity.openid4vc.presentation.servlet.WalletStatusServlet} -     state parameter: 191e1b97-1f89-4793-b585-230788396e40
TID: [-1234] [] [2026-01-08 21:04:46,790] [c31b28a9-1bda-43b4-8450-48771c1ee02e]  INFO {org.wso2.carbon.identity.openid4vc.presentation.servlet.WalletStatusServlet} -     Token received for state 191e1b97-1f89-4793-b585-230788396e40: true
TID: [-1234] [] [2026-01-08 21:04:47,129] [0826f96a-e34d-4e9b-8e1d-084a939aa3b0]  INFO {org.wso2.carbon.identity.openid4vc.presentation.authenticator.WalletAuthenticator} - === WalletAuthenticator.canHandle called ===
TID: [-1234] [] [2026-01-08 21:04:47,129] [0826f96a-e34d-4e9b-8e1d-084a939aa3b0]  INFO {org.wso2.carbon.identity.openid4vc.presentation.authenticator.WalletAuthenticator} -     proceedAuth=true
TID: [-1234] [] [2026-01-08 21:04:47,130] [0826f96a-e34d-4e9b-8e1d-084a939aa3b0]  INFO {org.wso2.carbon.identity.openid4vc.presentation.authenticator.WalletAuthenticator} -     walletState=191e1b97-1f89-4793-b585-230788396e40
TID: [-1234] [] [2026-01-08 21:04:47,130] [0826f96a-e34d-4e9b-8e1d-084a939aa3b0]  INFO {org.wso2.carbon.identity.openid4vc.presentation.authenticator.WalletAuthenticator} -     sessionDataKey=36201efe-7185-4a53-8f24-1e308c702bdb
TID: [-1234] [] [2026-01-08 21:04:47,130] [0826f96a-e34d-4e9b-8e1d-084a939aa3b0]  INFO {org.wso2.carbon.identity.openid4vc.presentation.authenticator.WalletAuthenticator} -     canHandle result=true
TID: [-1234] [] [2026-01-08 21:04:47,130] [0826f96a-e34d-4e9b-8e1d-084a939aa3b0]  INFO {org.wso2.carbon.identity.openid4vc.presentation.authenticator.WalletAuthenticator} - === WalletAuthenticator.canHandle called ===
TID: [-1234] [] [2026-01-08 21:04:47,131] [0826f96a-e34d-4e9b-8e1d-084a939aa3b0]  INFO {org.wso2.carbon.identity.openid4vc.presentation.authenticator.WalletAuthenticator} -     proceedAuth=true
TID: [-1234] [] [2026-01-08 21:04:47,131] [0826f96a-e34d-4e9b-8e1d-084a939aa3b0]  INFO {org.wso2.carbon.identity.openid4vc.presentation.authenticator.WalletAuthenticator} -     walletState=191e1b97-1f89-4793-b585-230788396e40
TID: [-1234] [] [2026-01-08 21:04:47,131] [0826f96a-e34d-4e9b-8e1d-084a939aa3b0]  INFO {org.wso2.carbon.identity.openid4vc.presentation.authenticator.WalletAuthenticator} -     sessionDataKey=36201efe-7185-4a53-8f24-1e308c702bdb
TID: [-1234] [] [2026-01-08 21:04:47,132] [0826f96a-e34d-4e9b-8e1d-084a939aa3b0]  INFO {org.wso2.carbon.identity.openid4vc.presentation.authenticator.WalletAuthenticator} -     canHandle result=true
TID: [-1234] [] [2026-01-08 21:04:47,132] [0826f96a-e34d-4e9b-8e1d-084a939aa3b0]  INFO {org.wso2.carbon.identity.openid4vc.presentation.authenticator.WalletAuthenticator} - === WalletAuthenticator.processAuthenticationResponse CALLED ===
TID: [-1234] [] [2026-01-08 21:04:47,132] [0826f96a-e34d-4e9b-8e1d-084a939aa3b0]  INFO {org.wso2.carbon.identity.openid4vc.presentation.authenticator.WalletAuthenticator} -     sessionDataKey from request: 36201efe-7185-4a53-8f24-1e308c702bdb
TID: [-1234] [] [2026-01-08 21:04:47,133] [0826f96a-e34d-4e9b-8e1d-084a939aa3b0]  INFO {org.wso2.carbon.identity.openid4vc.presentation.authenticator.WalletAuthenticator} -     walletState from request: 191e1b97-1f89-4793-b585-230788396e40
TID: [-1234] [] [2026-01-08 21:04:47,133] [0826f96a-e34d-4e9b-8e1d-084a939aa3b0]  INFO {org.wso2.carbon.identity.openid4vc.presentation.authenticator.WalletAuthenticator} -     Using state for token lookup: 191e1b97-1f89-4793-b585-230788396e40
TID: [-1234] [] [2026-01-08 21:04:47,134] [0826f96a-e34d-4e9b-8e1d-084a939aa3b0]  INFO {org.wso2.carbon.identity.openid4vc.presentation.authenticator.WalletAuthenticator} -     Token exists in cache: true
TID: [-1234] [] [2026-01-08 21:04:47,134] [0826f96a-e34d-4e9b-8e1d-084a939aa3b0]  INFO {org.wso2.carbon.identity.openid4vc.presentation.authenticator.WalletAuthenticator} -     Extracting email from VP token...
TID: [-1234] [] [2026-01-08 21:04:47,141] [0826f96a-e34d-4e9b-8e1d-084a939aa3b0]  INFO {org.wso2.carbon.identity.openid4vc.presentation.authenticator.WalletAuthenticator} -     Extracted email: user1
TID: [-1234] [] [2026-01-08 21:04:47,142] [0826f96a-e34d-4e9b-8e1d-084a939aa3b0]  INFO {org.wso2.carbon.identity.openid4vc.presentation.authenticator.WalletAuthenticator} -     Validating user exists in user store...
TID: [-1234] [] [2026-01-08 21:04:47,167] [0826f96a-e34d-4e9b-8e1d-084a939aa3b0]  WARN {org.wso2.carbon.identity.openid4vc.presentation.authenticator.WalletAuthenticator} - User not found in user store: user1
TID: [-1234] [] [2026-01-08 21:04:47,168] [0826f96a-e34d-4e9b-8e1d-084a939aa3b0] ERROR {org.wso2.carbon.identity.openid4vc.presentation.authenticator.WalletAuthenticator} - User not found in user store: user1
TID: [-1234] [] [2026-01-08 21:04:47,169] [0826f96a-e34d-4e9b-8e1d-084a939aa3b0] ERROR {org.wso2.carbon.identity.openid4vc.presentation.authenticator.WalletAuthenticator} - Authentication failed: User not found: user1
TID: [-1234] [] [2026-01-08 21:06:10,862] [b4b416c8-b0d0-4eef-a39d-0ee367b38a55]  INFO {org.wso2.carbon.identity.openid4vc.presentation.authenticator.WalletAuthenticator} - === WalletAuthenticator.canHandle called ===
TID: [-1234] [] [2026-01-08 21:06:10,863] [b4b416c8-b0d0-4eef-a39d-0ee367b38a55]  INFO {org.wso2.carbon.identity.openid4vc.presentation.authenticator.WalletAuthenticator} -     proceedAuth=null
TID: [-1234] [] [2026-01-08 21:06:10,864] [b4b416c8-b0d0-4eef-a39d-0ee367b38a55]  INFO {org.wso2.carbon.identity.openid4vc.presentation.authenticator.WalletAuthenticator} -     walletState=null
TID: [-1234] [] [2026-01-08 21:06:10,864] [b4b416c8-b0d0-4eef-a39d-0ee367b38a55]  INFO {org.wso2.carbon.identity.openid4vc.presentation.authenticator.WalletAuthenticator} -     sessionDataKey=1d874405-c5cb-4ddc-8733-42e3f8061ba8
TID: [-1234] [] [2026-01-08 21:06:10,864] [b4b416c8-b0d0-4eef-a39d-0ee367b38a55]  INFO {org.wso2.carbon.identity.openid4vc.presentation.authenticator.WalletAuthenticator} -     canHandle result=false
TID: [-1234] [] [2026-01-08 21:06:10,864] [b4b416c8-b0d0-4eef-a39d-0ee367b38a55]  INFO {org.wso2.carbon.identity.openid4vc.presentation.authenticator.WalletAuthenticator} - === WalletAuthenticator.initiateAuthenticationRequest CALLED ===
TID: [-1234] [] [2026-01-08 21:06:10,864] [b4b416c8-b0d0-4eef-a39d-0ee367b38a55]  INFO {org.wso2.carbon.identity.openid4vc.presentation.authenticator.WalletAuthenticator} - Generated state: 1d62e194-9710-4ab8-bc5a-3e6fb3db7f77, sessionDataKey: 1d874405-c5cb-4ddc-8733-42e3f8061ba8
TID: [-1234] [] [2026-01-08 21:06:10,865] [b4b416c8-b0d0-4eef-a39d-0ee367b38a55]  INFO {org.wso2.carbon.identity.openid4vc.presentation.authenticator.WalletAuthenticator} - === REDIRECTING TO QR CODE PAGE: https://localhost:9443/authenticationendpoint/wallet/login.jsp?walletState=1d62e194-9710-4ab8-bc5a-3e6fb3db7f77&client_id=pCUHiAzyP1VdZwCBHNq_XdRJRbQa&code_challenge=7xa2wIB5EWS6z8slxXpYmMD8uRWRlZ4kT3wVbvCbtIM&code_challenge_method=S256&commonAuthCallerPath=%2Foauth2%2Fauthorize&forceAuth=false&passiveAuth=false&redirect_uri=http%3A%2F%2Flocalhost%3A5173&response_mode=query&response_type=code&scope=openid+profile&state=request_0&sessionDataKey=1d874405-c5cb-4ddc-8733-42e3f8061ba8&relyingParty=pCUHiAzyP1VdZwCBHNq_XdRJRbQa&type=oidc&sp=WalletAuth&spId=dd304979-1fdb-41d7-b3c0-6d5f0338a19c&&isSaaSApp=false ===
TID: [-1234] [] [2026-01-08 21:06:10,865] [b4b416c8-b0d0-4eef-a39d-0ee367b38a55]  INFO {org.wso2.carbon.identity.openid4vc.presentation.authenticator.WalletAuthenticator} - === REDIRECT SENT SUCCESSFULLY ===
TID: [-1234] [] [2026-01-08 21:06:12,953] [a740694d-abe3-4e62-a698-3a33ad49566f]  INFO {org.wso2.carbon.identity.openid4vc.presentation.servlet.WalletStatusServlet} - === WalletStatusServlet.doGet called ===
TID: [-1234] [] [2026-01-08 21:06:12,954] [a740694d-abe3-4e62-a698-3a33ad49566f]  INFO {org.wso2.carbon.identity.openid4vc.presentation.servlet.WalletStatusServlet} -     state parameter: 1d62e194-9710-4ab8-bc5a-3e6fb3db7f77
TID: [-1234] [] [2026-01-08 21:06:12,954] [a740694d-abe3-4e62-a698-3a33ad49566f]  INFO {org.wso2.carbon.identity.openid4vc.presentation.servlet.WalletStatusServlet} -     Token received for state 1d62e194-9710-4ab8-bc5a-3e6fb3db7f77: false
TID: [-1234] [] [2026-01-08 21:06:14,952] [7065ac49-389d-49b0-9f65-0b6d04cba88f]  INFO {org.wso2.carbon.identity.openid4vc.presentation.servlet.WalletStatusServlet} - === WalletStatusServlet.doGet called ===
TID: [-1234] [] [2026-01-08 21:06:14,953] [7065ac49-389d-49b0-9f65-0b6d04cba88f]  INFO {org.wso2.carbon.identity.openid4vc.presentation.servlet.WalletStatusServlet} -     state parameter: 1d62e194-9710-4ab8-bc5a-3e6fb3db7f77
TID: [-1234] [] [2026-01-08 21:06:14,953] [7065ac49-389d-49b0-9f65-0b6d04cba88f]  INFO {org.wso2.carbon.identity.openid4vc.presentation.servlet.WalletStatusServlet} -     Token received for state 1d62e194-9710-4ab8-bc5a-3e6fb3db7f77: false
TID: [-1234] [] [2026-01-08 21:06:16,952] [f63032de-389e-40e6-b2ef-e4c147131990]  INFO {org.wso2.carbon.identity.openid4vc.presentation.servlet.WalletStatusServlet} - === WalletStatusServlet.doGet called ===
TID: [-1234] [] [2026-01-08 21:06:16,953] [f63032de-389e-40e6-b2ef-e4c147131990]  INFO {org.wso2.carbon.identity.openid4vc.presentation.servlet.WalletStatusServlet} -     state parameter: 1d62e194-9710-4ab8-bc5a-3e6fb3db7f77
TID: [-1234] [] [2026-01-08 21:06:16,953] [f63032de-389e-40e6-b2ef-e4c147131990]  INFO {org.wso2.carbon.identity.openid4vc.presentation.servlet.WalletStatusServlet} -     Token received for state 1d62e194-9710-4ab8-bc5a-3e6fb3db7f77: false
TID: [-1234] [] [2026-01-08 21:06:18,953] [5b480a7f-083b-4f8b-8eac-4af6cc24b63e]  INFO {org.wso2.carbon.identity.openid4vc.presentation.servlet.WalletStatusServlet} - === WalletStatusServlet.doGet called ===
TID: [-1234] [] [2026-01-08 21:06:18,954] [5b480a7f-083b-4f8b-8eac-4af6cc24b63e]  INFO {org.wso2.carbon.identity.openid4vc.presentation.servlet.WalletStatusServlet} -     state parameter: 1d62e194-9710-4ab8-bc5a-3e6fb3db7f77
TID: [-1234] [] [2026-01-08 21:06:18,955] [5b480a7f-083b-4f8b-8eac-4af6cc24b63e]  INFO {org.wso2.carbon.identity.openid4vc.presentation.servlet.WalletStatusServlet} -     Token received for state 1d62e194-9710-4ab8-bc5a-3e6fb3db7f77: false
TID: [-1234] [] [2026-01-08 21:06:20,953] [856c17c6-6e40-41d9-9d37-a4892d2968d5]  INFO {org.wso2.carbon.identity.openid4vc.presentation.servlet.WalletStatusServlet} - === WalletStatusServlet.doGet called ===
TID: [-1234] [] [2026-01-08 21:06:20,954] [856c17c6-6e40-41d9-9d37-a4892d2968d5]  INFO {org.wso2.carbon.identity.openid4vc.presentation.servlet.WalletStatusServlet} -     state parameter: 1d62e194-9710-4ab8-bc5a-3e6fb3db7f77
TID: [-1234] [] [2026-01-08 21:06:20,954] [856c17c6-6e40-41d9-9d37-a4892d2968d5]  INFO {org.wso2.carbon.identity.openid4vc.presentation.servlet.WalletStatusServlet} -     Token received for state 1d62e194-9710-4ab8-bc5a-3e6fb3db7f77: false
TID: [-1234] [] [2026-01-08 21:06:22,953] [8f7cc5ec-97e4-4c7a-abdd-0cf9deb65208]  INFO {org.wso2.carbon.identity.openid4vc.presentation.servlet.WalletStatusServlet} - === WalletStatusServlet.doGet called ===
TID: [-1234] [] [2026-01-08 21:06:22,953] [8f7cc5ec-97e4-4c7a-abdd-0cf9deb65208]  INFO {org.wso2.carbon.identity.openid4vc.presentation.servlet.WalletStatusServlet} -     state parameter: 1d62e194-9710-4ab8-bc5a-3e6fb3db7f77
TID: [-1234] [] [2026-01-08 21:06:22,954] [8f7cc5ec-97e4-4c7a-abdd-0cf9deb65208]  INFO {org.wso2.carbon.identity.openid4vc.presentation.servlet.WalletStatusServlet} -     Token received for state 1d62e194-9710-4ab8-bc5a-3e6fb3db7f77: false
TID: [-1234] [] [2026-01-08 21:06:24,952] [c736936a-8867-4641-aa7f-d830e08b8c3e]  INFO {org.wso2.carbon.identity.openid4vc.presentation.servlet.WalletStatusServlet} - === WalletStatusServlet.doGet called ===
TID: [-1234] [] [2026-01-08 21:06:24,953] [c736936a-8867-4641-aa7f-d830e08b8c3e]  INFO {org.wso2.carbon.identity.openid4vc.presentation.servlet.WalletStatusServlet} -     state parameter: 1d62e194-9710-4ab8-bc5a-3e6fb3db7f77
TID: [-1234] [] [2026-01-08 21:06:24,953] [c736936a-8867-4641-aa7f-d830e08b8c3e]  INFO {org.wso2.carbon.identity.openid4vc.presentation.servlet.WalletStatusServlet} -     Token received for state 1d62e194-9710-4ab8-bc5a-3e6fb3db7f77: false
TID: [-1234] [] [2026-01-08 21:06:26,950] [661af570-8f39-4b18-8a1a-c02fd04961ee]  INFO {org.wso2.carbon.identity.openid4vc.presentation.servlet.WalletStatusServlet} - === WalletStatusServlet.doGet called ===
TID: [-1234] [] [2026-01-08 21:06:26,951] [661af570-8f39-4b18-8a1a-c02fd04961ee]  INFO {org.wso2.carbon.identity.openid4vc.presentation.servlet.WalletStatusServlet} -     state parameter: 1d62e194-9710-4ab8-bc5a-3e6fb3db7f77
TID: [-1234] [] [2026-01-08 21:06:26,951] [661af570-8f39-4b18-8a1a-c02fd04961ee]  INFO {org.wso2.carbon.identity.openid4vc.presentation.servlet.WalletStatusServlet} -     Token received for state 1d62e194-9710-4ab8-bc5a-3e6fb3db7f77: false
TID: [-1234] [] [2026-01-08 21:06:28,952] [ee9a1966-68f4-4487-a618-4096452706b5]  INFO {org.wso2.carbon.identity.openid4vc.presentation.servlet.WalletStatusServlet} - === WalletStatusServlet.doGet called ===
TID: [-1234] [] [2026-01-08 21:06:28,953] [ee9a1966-68f4-4487-a618-4096452706b5]  INFO {org.wso2.carbon.identity.openid4vc.presentation.servlet.WalletStatusServlet} -     state parameter: 1d62e194-9710-4ab8-bc5a-3e6fb3db7f77
TID: [-1234] [] [2026-01-08 21:06:28,953] [ee9a1966-68f4-4487-a618-4096452706b5]  INFO {org.wso2.carbon.identity.openid4vc.presentation.servlet.WalletStatusServlet} -     Token received for state 1d62e194-9710-4ab8-bc5a-3e6fb3db7f77: false
TID: [-1234] [] [2026-01-08 21:06:30,952] [d76e1363-a6f8-433b-8c37-c4a2c662b8d8]  INFO {org.wso2.carbon.identity.openid4vc.presentation.servlet.WalletStatusServlet} - === WalletStatusServlet.doGet called ===
TID: [-1234] [] [2026-01-08 21:06:30,953] [d76e1363-a6f8-433b-8c37-c4a2c662b8d8]  INFO {org.wso2.carbon.identity.openid4vc.presentation.servlet.WalletStatusServlet} -     state parameter: 1d62e194-9710-4ab8-bc5a-3e6fb3db7f77
TID: [-1234] [] [2026-01-08 21:06:30,953] [d76e1363-a6f8-433b-8c37-c4a2c662b8d8]  INFO {org.wso2.carbon.identity.openid4vc.presentation.servlet.WalletStatusServlet} -     Token received for state 1d62e194-9710-4ab8-bc5a-3e6fb3db7f77: false
TID: [-1234] [] [2026-01-08 21:06:32,953] [900eb18a-2003-41df-a446-a748af494f05]  INFO {org.wso2.carbon.identity.openid4vc.presentation.servlet.WalletStatusServlet} - === WalletStatusServlet.doGet called ===
TID: [-1234] [] [2026-01-08 21:06:32,954] [900eb18a-2003-41df-a446-a748af494f05]  INFO {org.wso2.carbon.identity.openid4vc.presentation.servlet.WalletStatusServlet} -     state parameter: 1d62e194-9710-4ab8-bc5a-3e6fb3db7f77
TID: [-1234] [] [2026-01-08 21:06:32,954] [900eb18a-2003-41df-a446-a748af494f05]  INFO {org.wso2.carbon.identity.openid4vc.presentation.servlet.WalletStatusServlet} -     Token received for state 1d62e194-9710-4ab8-bc5a-3e6fb3db7f77: false
TID: [-1234] [] [2026-01-08 21:06:34,952] [75054a77-7629-47ac-accb-fa9a499192f2]  INFO {org.wso2.carbon.identity.openid4vc.presentation.servlet.WalletStatusServlet} - === WalletStatusServlet.doGet called ===
TID: [-1234] [] [2026-01-08 21:06:34,953] [75054a77-7629-47ac-accb-fa9a499192f2]  INFO {org.wso2.carbon.identity.openid4vc.presentation.servlet.WalletStatusServlet} -     state parameter: 1d62e194-9710-4ab8-bc5a-3e6fb3db7f77
TID: [-1234] [] [2026-01-08 21:06:34,954] [75054a77-7629-47ac-accb-fa9a499192f2]  INFO {org.wso2.carbon.identity.openid4vc.presentation.servlet.WalletStatusServlet} -     Token received for state 1d62e194-9710-4ab8-bc5a-3e6fb3db7f77: false
TID: [-1234] [] [2026-01-08 21:06:36,951] [0d16136c-6dd6-48b7-a26a-50930207b3f3]  INFO {org.wso2.carbon.identity.openid4vc.presentation.servlet.WalletStatusServlet} - === WalletStatusServlet.doGet called ===
TID: [-1234] [] [2026-01-08 21:06:36,952] [0d16136c-6dd6-48b7-a26a-50930207b3f3]  INFO {org.wso2.carbon.identity.openid4vc.presentation.servlet.WalletStatusServlet} -     state parameter: 1d62e194-9710-4ab8-bc5a-3e6fb3db7f77
TID: [-1234] [] [2026-01-08 21:06:36,952] [0d16136c-6dd6-48b7-a26a-50930207b3f3]  INFO {org.wso2.carbon.identity.openid4vc.presentation.servlet.WalletStatusServlet} -     Token received for state 1d62e194-9710-4ab8-bc5a-3e6fb3db7f77: false
TID: [-1234] [] [2026-01-08 21:06:38,952] [e23e4471-0c8e-4e98-9e71-9a9ca9a0b9e8]  INFO {org.wso2.carbon.identity.openid4vc.presentation.servlet.WalletStatusServlet} - === WalletStatusServlet.doGet called ===
TID: [-1234] [] [2026-01-08 21:06:38,953] [e23e4471-0c8e-4e98-9e71-9a9ca9a0b9e8]  INFO {org.wso2.carbon.identity.openid4vc.presentation.servlet.WalletStatusServlet} -     state parameter: 1d62e194-9710-4ab8-bc5a-3e6fb3db7f77
TID: [-1234] [] [2026-01-08 21:06:38,953] [e23e4471-0c8e-4e98-9e71-9a9ca9a0b9e8]  INFO {org.wso2.carbon.identity.openid4vc.presentation.servlet.WalletStatusServlet} -     Token received for state 1d62e194-9710-4ab8-bc5a-3e6fb3db7f77: false
TID: [-1234] [] [2026-01-08 21:06:40,221] [ba1e5179-3955-4f75-9f0e-9061d7b2caf3]  INFO {org.wso2.carbon.identity.openid4vc.presentation.servlet.WalletResponseServlet} - VP token received and stored for state: 1d62e194-9710-4ab8-bc5a-3e6fb3db7f77
TID: [-1234] [] [2026-01-08 21:06:40,950] [edc3fcb1-ccf0-45da-a985-fdf62af169b3]  INFO {org.wso2.carbon.identity.openid4vc.presentation.servlet.WalletStatusServlet} - === WalletStatusServlet.doGet called ===
TID: [-1234] [] [2026-01-08 21:06:40,950] [edc3fcb1-ccf0-45da-a985-fdf62af169b3]  INFO {org.wso2.carbon.identity.openid4vc.presentation.servlet.WalletStatusServlet} -     state parameter: 1d62e194-9710-4ab8-bc5a-3e6fb3db7f77
TID: [-1234] [] [2026-01-08 21:06:40,951] [edc3fcb1-ccf0-45da-a985-fdf62af169b3]  INFO {org.wso2.carbon.identity.openid4vc.presentation.servlet.WalletStatusServlet} -     Token received for state 1d62e194-9710-4ab8-bc5a-3e6fb3db7f77: true
TID: [-1234] [] [2026-01-08 21:06:41,272] [91d243f6-ea01-4494-a879-732e5053a9a2]  INFO {org.wso2.carbon.identity.openid4vc.presentation.authenticator.WalletAuthenticator} - === WalletAuthenticator.canHandle called ===
TID: [-1234] [] [2026-01-08 21:06:41,273] [91d243f6-ea01-4494-a879-732e5053a9a2]  INFO {org.wso2.carbon.identity.openid4vc.presentation.authenticator.WalletAuthenticator} -     proceedAuth=true
TID: [-1234] [] [2026-01-08 21:06:41,273] [91d243f6-ea01-4494-a879-732e5053a9a2]  INFO {org.wso2.carbon.identity.openid4vc.presentation.authenticator.WalletAuthenticator} -     walletState=1d62e194-9710-4ab8-bc5a-3e6fb3db7f77
TID: [-1234] [] [2026-01-08 21:06:41,273] [91d243f6-ea01-4494-a879-732e5053a9a2]  INFO {org.wso2.carbon.identity.openid4vc.presentation.authenticator.WalletAuthenticator} -     sessionDataKey=1d874405-c5cb-4ddc-8733-42e3f8061ba8
TID: [-1234] [] [2026-01-08 21:06:41,273] [91d243f6-ea01-4494-a879-732e5053a9a2]  INFO {org.wso2.carbon.identity.openid4vc.presentation.authenticator.WalletAuthenticator} -     canHandle result=true
TID: [-1234] [] [2026-01-08 21:06:41,274] [91d243f6-ea01-4494-a879-732e5053a9a2]  INFO {org.wso2.carbon.identity.openid4vc.presentation.authenticator.WalletAuthenticator} - === WalletAuthenticator.canHandle called ===
TID: [-1234] [] [2026-01-08 21:06:41,274] [91d243f6-ea01-4494-a879-732e5053a9a2]  INFO {org.wso2.carbon.identity.openid4vc.presentation.authenticator.WalletAuthenticator} -     proceedAuth=true
TID: [-1234] [] [2026-01-08 21:06:41,274] [91d243f6-ea01-4494-a879-732e5053a9a2]  INFO {org.wso2.carbon.identity.openid4vc.presentation.authenticator.WalletAuthenticator} -     walletState=1d62e194-9710-4ab8-bc5a-3e6fb3db7f77
TID: [-1234] [] [2026-01-08 21:06:41,274] [91d243f6-ea01-4494-a879-732e5053a9a2]  INFO {org.wso2.carbon.identity.openid4vc.presentation.authenticator.WalletAuthenticator} -     sessionDataKey=1d874405-c5cb-4ddc-8733-42e3f8061ba8
TID: [-1234] [] [2026-01-08 21:06:41,274] [91d243f6-ea01-4494-a879-732e5053a9a2]  INFO {org.wso2.carbon.identity.openid4vc.presentation.authenticator.WalletAuthenticator} -     canHandle result=true
TID: [-1234] [] [2026-01-08 21:06:41,275] [91d243f6-ea01-4494-a879-732e5053a9a2]  INFO {org.wso2.carbon.identity.openid4vc.presentation.authenticator.WalletAuthenticator} - === WalletAuthenticator.processAuthenticationResponse CALLED ===
TID: [-1234] [] [2026-01-08 21:06:41,275] [91d243f6-ea01-4494-a879-732e5053a9a2]  INFO {org.wso2.carbon.identity.openid4vc.presentation.authenticator.WalletAuthenticator} -     sessionDataKey from request: 1d874405-c5cb-4ddc-8733-42e3f8061ba8
TID: [-1234] [] [2026-01-08 21:06:41,276] [91d243f6-ea01-4494-a879-732e5053a9a2]  INFO {org.wso2.carbon.identity.openid4vc.presentation.authenticator.WalletAuthenticator} -     walletState from request: 1d62e194-9710-4ab8-bc5a-3e6fb3db7f77
TID: [-1234] [] [2026-01-08 21:06:41,276] [91d243f6-ea01-4494-a879-732e5053a9a2]  INFO {org.wso2.carbon.identity.openid4vc.presentation.authenticator.WalletAuthenticator} -     Using state for token lookup: 1d62e194-9710-4ab8-bc5a-3e6fb3db7f77
TID: [-1234] [] [2026-01-08 21:06:41,277] [91d243f6-ea01-4494-a879-732e5053a9a2]  INFO {org.wso2.carbon.identity.openid4vc.presentation.authenticator.WalletAuthenticator} -     Token exists in cache: true
TID: [-1234] [] [2026-01-08 21:06:41,277] [91d243f6-ea01-4494-a879-732e5053a9a2]  INFO {org.wso2.carbon.identity.openid4vc.presentation.authenticator.WalletAuthenticator} -     Extracting email from VP token...
TID: [-1234] [] [2026-01-08 21:06:41,277] [91d243f6-ea01-4494-a879-732e5053a9a2]  INFO {org.wso2.carbon.identity.openid4vc.presentation.authenticator.WalletAuthenticator} -     Extracted email: user1
TID: [-1234] [] [2026-01-08 21:06:41,278] [91d243f6-ea01-4494-a879-732e5053a9a2]  INFO {org.wso2.carbon.identity.openid4vc.presentation.authenticator.WalletAuthenticator} -     Validating user exists in user store...
TID: [-1234] [] [2026-01-08 21:06:41,278] [91d243f6-ea01-4494-a879-732e5053a9a2]  INFO {org.wso2.carbon.identity.openid4vc.presentation.authenticator.WalletAuthenticator} -     User validation: PASSED
TID: [-1234] [] [2026-01-08 21:06:41,279] [91d243f6-ea01-4494-a879-732e5053a9a2]  INFO {org.wso2.carbon.identity.openid4vc.presentation.authenticator.WalletAuthenticator} -     Creating authenticated user...
TID: [-1234] [] [2026-01-08 21:06:41,279] [91d243f6-ea01-4494-a879-732e5053a9a2]  INFO {org.wso2.carbon.identity.openid4vc.presentation.authenticator.WalletAuthenticator} -     Created AuthenticatedUser: username=user1, tenant=carbon.super
TID: [-1234] [] [2026-01-08 21:06:41,279] [91d243f6-ea01-4494-a879-732e5053a9a2]  INFO {org.wso2.carbon.identity.openid4vc.presentation.authenticator.WalletAuthenticator} -     Authentication context subject set to: user1
TID: [-1234] [] [2026-01-08 21:06:41,280] [91d243f6-ea01-4494-a879-732e5053a9a2]  INFO {org.wso2.carbon.identity.openid4vc.presentation.authenticator.WalletAuthenticator} -     Cleared context from cache
TID: [-1234] [] [2026-01-08 21:06:41,280] [91d243f6-ea01-4494-a879-732e5053a9a2]  INFO {org.wso2.carbon.identity.openid4vc.presentation.authenticator.WalletAuthenticator} - === AUTHENTICATION SUCCESSFUL for user: user1 ===
