!SESSION 2026-01-18 15:08:04.668 -----------------------------------------------
eclipse.buildId=unknown
java.version=17.0.17
java.vendor=Eclipse Adoptium
BootLoader constants: OS=macosx, ARCH=aarch64, WS=cocoa, NL=en_GB

This is a continuation of log file /Users/udeepa/Desktop/VC/IS-Packs/v1/wso2is-7.2-2.1-SNAPSHOT/repository/components/default/configuration/1768728397739.bak_1.log
Created Time: 2026-01-18 15:08:04.668

!ENTRY org.eclipse.equinox.ds 4 0 2026-01-18 15:08:04.668
!MESSAGE [SCR] Exception while activating instance org.wso2.carbon.identity.conditional.auth.functions.choreo.internal.ChoreoFunctionServiceComponent@69bd8a98 of component identity.conditional.auth.functions.choreo.component  
!STACK 0
java.lang.reflect.InvocationTargetException
	at jdk.internal.reflect.GeneratedMethodAccessor77.invoke(Unknown Source)
	at java.base/jdk.internal.reflect.DelegatingMethodAccessorImpl.invoke(DelegatingMethodAccessorImpl.java:43)
	at java.base/java.lang.reflect.Method.invoke(Method.java:569)
	at org.eclipse.equinox.internal.ds.model.ServiceComponent.activate(ServiceComponent.java:235)
	at org.eclipse.equinox.internal.ds.model.ServiceComponentProp.activate(ServiceComponentProp.java:146)
	at org.eclipse.equinox.internal.ds.model.ServiceComponentProp.build(ServiceComponentProp.java:345)
	at org.eclipse.equinox.internal.ds.InstanceProcess.buildComponent(InstanceProcess.java:620)
	at org.eclipse.equinox.internal.ds.InstanceProcess.buildComponents(InstanceProcess.java:197)
	at org.eclipse.equinox.internal.ds.Resolver.getEligible(Resolver.java:386)
	at org.eclipse.equinox.internal.ds.SCRManager.serviceChanged(SCRManager.java:222)
	at org.eclipse.osgi.internal.serviceregistry.FilteredServiceListener.serviceChanged(FilteredServiceListener.java:113)
	at org.eclipse.osgi.internal.framework.BundleContextImpl.dispatchEvent(BundleContextImpl.java:985)
	at org.eclipse.osgi.framework.eventmgr.EventManager.dispatchEvent(EventManager.java:234)
	at org.eclipse.osgi.framework.eventmgr.ListenerQueue.dispatchEventSynchronous(ListenerQueue.java:151)
	at org.eclipse.osgi.internal.serviceregistry.ServiceRegistry.publishServiceEventPrivileged(ServiceRegistry.java:866)
	at org.eclipse.osgi.internal.serviceregistry.ServiceRegistry.publishServiceEvent(ServiceRegistry.java:804)
	at org.eclipse.osgi.internal.serviceregistry.ServiceRegistrationImpl.unregister(ServiceRegistrationImpl.java:227)
	at org.eclipse.osgi.internal.serviceregistry.ServiceRegistry.unregisterServices(ServiceRegistry.java:668)
	at org.eclipse.osgi.internal.framework.BundleContextImpl.close(BundleContextImpl.java:133)
	at org.eclipse.osgi.internal.framework.EquinoxBundle.stopWorker0(EquinoxBundle.java:1029)
	at org.eclipse.osgi.internal.framework.EquinoxBundle$EquinoxModule.stopWorker(EquinoxBundle.java:370)
	at org.eclipse.osgi.container.Module.doStop(Module.java:653)
	at org.eclipse.osgi.container.Module.stop(Module.java:515)
	at org.eclipse.osgi.container.ModuleContainer$ContainerStartLevel.decStartLevel(ModuleContainer.java:1861)
	at org.eclipse.osgi.container.ModuleContainer$ContainerStartLevel.doContainerStartLevel(ModuleContainer.java:1753)
	at org.eclipse.osgi.container.SystemModule.stopWorker(SystemModule.java:275)
	at org.eclipse.osgi.internal.framework.EquinoxBundle$SystemBundle$EquinoxSystemModule.stopWorker(EquinoxBundle.java:202)
	at org.eclipse.osgi.container.Module.doStop(Module.java:653)
	at org.eclipse.osgi.container.Module.stop(Module.java:515)
	at org.eclipse.osgi.container.SystemModule.stop(SystemModule.java:207)
	at org.eclipse.osgi.internal.framework.EquinoxBundle$SystemBundle$EquinoxSystemModule$1.run(EquinoxBundle.java:220)
	at java.base/java.lang.Thread.run(Thread.java:840)
Caused by: java.lang.NoClassDefFoundError: org/wso2/carbon/utils/security/KeystoreUtils
	at org.wso2.carbon.identity.conditional.auth.functions.choreo.internal.ChoreoFunctionServiceComponent.activate(ChoreoFunctionServiceComponent.java:92)
	... 32 more
Caused by: java.lang.ClassNotFoundException: org.wso2.carbon.utils.security.KeystoreUtils cannot be found by org.wso2.carbon.identity.conditional.auth.functions.choreo_1.2.87
	... 33 more
Root exception:
java.lang.NoClassDefFoundError: org/wso2/carbon/utils/security/KeystoreUtils
	at org.wso2.carbon.identity.conditional.auth.functions.choreo.internal.ChoreoFunctionServiceComponent.activate(ChoreoFunctionServiceComponent.java:92)
	at jdk.internal.reflect.GeneratedMethodAccessor77.invoke(Unknown Source)
	at java.base/jdk.internal.reflect.DelegatingMethodAccessorImpl.invoke(DelegatingMethodAccessorImpl.java:43)
	at java.base/java.lang.reflect.Method.invoke(Method.java:569)
	at org.eclipse.equinox.internal.ds.model.ServiceComponent.activate(ServiceComponent.java:235)
	at org.eclipse.equinox.internal.ds.model.ServiceComponentProp.activate(ServiceComponentProp.java:146)
	at org.eclipse.equinox.internal.ds.model.ServiceComponentProp.build(ServiceComponentProp.java:345)
	at org.eclipse.equinox.internal.ds.InstanceProcess.buildComponent(InstanceProcess.java:620)
	at org.eclipse.equinox.internal.ds.InstanceProcess.buildComponents(InstanceProcess.java:197)
	at org.eclipse.equinox.internal.ds.Resolver.getEligible(Resolver.java:386)
	at org.eclipse.equinox.internal.ds.SCRManager.serviceChanged(SCRManager.java:222)
	at org.eclipse.osgi.internal.serviceregistry.FilteredServiceListener.serviceChanged(FilteredServiceListener.java:113)
	at org.eclipse.osgi.internal.framework.BundleContextImpl.dispatchEvent(BundleContextImpl.java:985)
	at org.eclipse.osgi.framework.eventmgr.EventManager.dispatchEvent(EventManager.java:234)
	at org.eclipse.osgi.framework.eventmgr.ListenerQueue.dispatchEventSynchronous(ListenerQueue.java:151)
	at org.eclipse.osgi.internal.serviceregistry.ServiceRegistry.publishServiceEventPrivileged(ServiceRegistry.java:866)
	at org.eclipse.osgi.internal.serviceregistry.ServiceRegistry.publishServiceEvent(ServiceRegistry.java:804)
	at org.eclipse.osgi.internal.serviceregistry.ServiceRegistrationImpl.unregister(ServiceRegistrationImpl.java:227)
	at org.eclipse.osgi.internal.serviceregistry.ServiceRegistry.unregisterServices(ServiceRegistry.java:668)
	at org.eclipse.osgi.internal.framework.BundleContextImpl.close(BundleContextImpl.java:133)
	at org.eclipse.osgi.internal.framework.EquinoxBundle.stopWorker0(EquinoxBundle.java:1029)
	at org.eclipse.osgi.internal.framework.EquinoxBundle$EquinoxModule.stopWorker(EquinoxBundle.java:370)
	at org.eclipse.osgi.container.Module.doStop(Module.java:653)
	at org.eclipse.osgi.container.Module.stop(Module.java:515)
	at org.eclipse.osgi.container.ModuleContainer$ContainerStartLevel.decStartLevel(ModuleContainer.java:1861)
	at org.eclipse.osgi.container.ModuleContainer$ContainerStartLevel.doContainerStartLevel(ModuleContainer.java:1753)
	at org.eclipse.osgi.container.SystemModule.stopWorker(SystemModule.java:275)
	at org.eclipse.osgi.internal.framework.EquinoxBundle$SystemBundle$EquinoxSystemModule.stopWorker(EquinoxBundle.java:202)
	at org.eclipse.osgi.container.Module.doStop(Module.java:653)
	at org.eclipse.osgi.container.Module.stop(Module.java:515)
	at org.eclipse.osgi.container.SystemModule.stop(SystemModule.java:207)
	at org.eclipse.osgi.internal.framework.EquinoxBundle$SystemBundle$EquinoxSystemModule$1.run(EquinoxBundle.java:220)
	at java.base/java.lang.Thread.run(Thread.java:840)
Caused by: java.lang.ClassNotFoundException: org.wso2.carbon.utils.security.KeystoreUtils cannot be found by org.wso2.carbon.identity.conditional.auth.functions.choreo_1.2.87
	... 33 more

!ENTRY org.eclipse.equinox.ds 4 0 2026-01-18 15:08:04.676
!MESSAGE [SCR] Exception while activating instance org.wso2.carbon.identity.conditional.auth.functions.choreo.internal.ChoreoFunctionServiceComponent@5c9d2c7c of component identity.conditional.auth.functions.choreo.component  
!STACK 0
java.lang.reflect.InvocationTargetException
	at jdk.internal.reflect.GeneratedMethodAccessor77.invoke(Unknown Source)
	at java.base/jdk.internal.reflect.DelegatingMethodAccessorImpl.invoke(DelegatingMethodAccessorImpl.java:43)
	at java.base/java.lang.reflect.Method.invoke(Method.java:569)
	at org.eclipse.equinox.internal.ds.model.ServiceComponent.activate(ServiceComponent.java:235)
	at org.eclipse.equinox.internal.ds.model.ServiceComponentProp.activate(ServiceComponentProp.java:146)
	at org.eclipse.equinox.internal.ds.model.ServiceComponentProp.build(ServiceComponentProp.java:345)
	at org.eclipse.equinox.internal.ds.InstanceProcess.buildComponent(InstanceProcess.java:620)
	at org.eclipse.equinox.internal.ds.InstanceProcess.buildComponents(InstanceProcess.java:197)
	at org.eclipse.equinox.internal.ds.Resolver.getEligible(Resolver.java:386)
	at org.eclipse.equinox.internal.ds.SCRManager.serviceChanged(SCRManager.java:222)
	at org.eclipse.osgi.internal.serviceregistry.FilteredServiceListener.serviceChanged(FilteredServiceListener.java:113)
	at org.eclipse.osgi.internal.framework.BundleContextImpl.dispatchEvent(BundleContextImpl.java:985)
	at org.eclipse.osgi.framework.eventmgr.EventManager.dispatchEvent(EventManager.java:234)
	at org.eclipse.osgi.framework.eventmgr.ListenerQueue.dispatchEventSynchronous(ListenerQueue.java:151)
	at org.eclipse.osgi.internal.serviceregistry.ServiceRegistry.publishServiceEventPrivileged(ServiceRegistry.java:866)
	at org.eclipse.osgi.internal.serviceregistry.ServiceRegistry.publishServiceEvent(ServiceRegistry.java:804)
	at org.eclipse.osgi.internal.serviceregistry.ServiceRegistrationImpl.unregister(ServiceRegistrationImpl.java:227)
	at org.eclipse.osgi.internal.serviceregistry.ServiceRegistry.unregisterServices(ServiceRegistry.java:668)
	at org.eclipse.osgi.internal.framework.BundleContextImpl.close(BundleContextImpl.java:133)
	at org.eclipse.osgi.internal.framework.EquinoxBundle.stopWorker0(EquinoxBundle.java:1029)
	at org.eclipse.osgi.internal.framework.EquinoxBundle$EquinoxModule.stopWorker(EquinoxBundle.java:370)
	at org.eclipse.osgi.container.Module.doStop(Module.java:653)
	at org.eclipse.osgi.container.Module.stop(Module.java:515)
	at org.eclipse.osgi.container.ModuleContainer$ContainerStartLevel.decStartLevel(ModuleContainer.java:1861)
	at org.eclipse.osgi.container.ModuleContainer$ContainerStartLevel.doContainerStartLevel(ModuleContainer.java:1753)
	at org.eclipse.osgi.container.SystemModule.stopWorker(SystemModule.java:275)
	at org.eclipse.osgi.internal.framework.EquinoxBundle$SystemBundle$EquinoxSystemModule.stopWorker(EquinoxBundle.java:202)
	at org.eclipse.osgi.container.Module.doStop(Module.java:653)
	at org.eclipse.osgi.container.Module.stop(Module.java:515)
	at org.eclipse.osgi.container.SystemModule.stop(SystemModule.java:207)
	at org.eclipse.osgi.internal.framework.EquinoxBundle$SystemBundle$EquinoxSystemModule$1.run(EquinoxBundle.java:220)
	at java.base/java.lang.Thread.run(Thread.java:840)
Caused by: java.lang.NoClassDefFoundError: org/wso2/carbon/utils/security/KeystoreUtils
	at org.wso2.carbon.identity.conditional.auth.functions.choreo.internal.ChoreoFunctionServiceComponent.activate(ChoreoFunctionServiceComponent.java:92)
	... 32 more
Caused by: java.lang.ClassNotFoundException: org.wso2.carbon.utils.security.KeystoreUtils cannot be found by org.wso2.carbon.identity.conditional.auth.functions.choreo_1.2.87
	... 33 more
Root exception:
java.lang.NoClassDefFoundError: org/wso2/carbon/utils/security/KeystoreUtils
	at org.wso2.carbon.identity.conditional.auth.functions.choreo.internal.ChoreoFunctionServiceComponent.activate(ChoreoFunctionServiceComponent.java:92)
	at jdk.internal.reflect.GeneratedMethodAccessor77.invoke(Unknown Source)
	at java.base/jdk.internal.reflect.DelegatingMethodAccessorImpl.invoke(DelegatingMethodAccessorImpl.java:43)
	at java.base/java.lang.reflect.Method.invoke(Method.java:569)
	at org.eclipse.equinox.internal.ds.model.ServiceComponent.activate(ServiceComponent.java:235)
	at org.eclipse.equinox.internal.ds.model.ServiceComponentProp.activate(ServiceComponentProp.java:146)
	at org.eclipse.equinox.internal.ds.model.ServiceComponentProp.build(ServiceComponentProp.java:345)
	at org.eclipse.equinox.internal.ds.InstanceProcess.buildComponent(InstanceProcess.java:620)
	at org.eclipse.equinox.internal.ds.InstanceProcess.buildComponents(InstanceProcess.java:197)
	at org.eclipse.equinox.internal.ds.Resolver.getEligible(Resolver.java:386)
	at org.eclipse.equinox.internal.ds.SCRManager.serviceChanged(SCRManager.java:222)
	at org.eclipse.osgi.internal.serviceregistry.FilteredServiceListener.serviceChanged(FilteredServiceListener.java:113)
	at org.eclipse.osgi.internal.framework.BundleContextImpl.dispatchEvent(BundleContextImpl.java:985)
	at org.eclipse.osgi.framework.eventmgr.EventManager.dispatchEvent(EventManager.java:234)
	at org.eclipse.osgi.framework.eventmgr.ListenerQueue.dispatchEventSynchronous(ListenerQueue.java:151)
	at org.eclipse.osgi.internal.serviceregistry.ServiceRegistry.publishServiceEventPrivileged(ServiceRegistry.java:866)
	at org.eclipse.osgi.internal.serviceregistry.ServiceRegistry.publishServiceEvent(ServiceRegistry.java:804)
	at org.eclipse.osgi.internal.serviceregistry.ServiceRegistrationImpl.unregister(ServiceRegistrationImpl.java:227)
	at org.eclipse.osgi.internal.serviceregistry.ServiceRegistry.unregisterServices(ServiceRegistry.java:668)
	at org.eclipse.osgi.internal.framework.BundleContextImpl.close(BundleContextImpl.java:133)
	at org.eclipse.osgi.internal.framework.EquinoxBundle.stopWorker0(EquinoxBundle.java:1029)
	at org.eclipse.osgi.internal.framework.EquinoxBundle$EquinoxModule.stopWorker(EquinoxBundle.java:370)
	at org.eclipse.osgi.container.Module.doStop(Module.java:653)
	at org.eclipse.osgi.container.Module.stop(Module.java:515)
	at org.eclipse.osgi.container.ModuleContainer$ContainerStartLevel.decStartLevel(ModuleContainer.java:1861)
	at org.eclipse.osgi.container.ModuleContainer$ContainerStartLevel.doContainerStartLevel(ModuleContainer.java:1753)
	at org.eclipse.osgi.container.SystemModule.stopWorker(SystemModule.java:275)
	at org.eclipse.osgi.internal.framework.EquinoxBundle$SystemBundle$EquinoxSystemModule.stopWorker(EquinoxBundle.java:202)
	at org.eclipse.osgi.container.Module.doStop(Module.java:653)
	at org.eclipse.osgi.container.Module.stop(Module.java:515)
	at org.eclipse.osgi.container.SystemModule.stop(SystemModule.java:207)
	at org.eclipse.osgi.internal.framework.EquinoxBundle$SystemBundle$EquinoxSystemModule$1.run(EquinoxBundle.java:220)
	at java.base/java.lang.Thread.run(Thread.java:840)
Caused by: java.lang.ClassNotFoundException: org.wso2.carbon.utils.security.KeystoreUtils cannot be found by org.wso2.carbon.identity.conditional.auth.functions.choreo_1.2.87
	... 33 more

!ENTRY org.eclipse.equinox.ds 4 0 2026-01-18 15:08:04.710
!MESSAGE [SCR] Exception while activating instance org.wso2.carbon.identity.conditional.auth.functions.choreo.internal.ChoreoFunctionServiceComponent@38256a9b of component identity.conditional.auth.functions.choreo.component  
!STACK 0
java.lang.reflect.InvocationTargetException
	at jdk.internal.reflect.GeneratedMethodAccessor77.invoke(Unknown Source)
	at java.base/jdk.internal.reflect.DelegatingMethodAccessorImpl.invoke(DelegatingMethodAccessorImpl.java:43)
	at java.base/java.lang.reflect.Method.invoke(Method.java:569)
	at org.eclipse.equinox.internal.ds.model.ServiceComponent.activate(ServiceComponent.java:235)
	at org.eclipse.equinox.internal.ds.model.ServiceComponentProp.activate(ServiceComponentProp.java:146)
	at org.eclipse.equinox.internal.ds.model.ServiceComponentProp.build(ServiceComponentProp.java:345)
	at org.eclipse.equinox.internal.ds.InstanceProcess.buildComponent(InstanceProcess.java:620)
	at org.eclipse.equinox.internal.ds.InstanceProcess.buildComponents(InstanceProcess.java:197)
	at org.eclipse.equinox.internal.ds.Resolver.getEligible(Resolver.java:386)
	at org.eclipse.equinox.internal.ds.SCRManager.serviceChanged(SCRManager.java:222)
	at org.eclipse.osgi.internal.serviceregistry.FilteredServiceListener.serviceChanged(FilteredServiceListener.java:113)
	at org.eclipse.osgi.internal.framework.BundleContextImpl.dispatchEvent(BundleContextImpl.java:985)
	at org.eclipse.osgi.framework.eventmgr.EventManager.dispatchEvent(EventManager.java:234)
	at org.eclipse.osgi.framework.eventmgr.ListenerQueue.dispatchEventSynchronous(ListenerQueue.java:151)
	at org.eclipse.osgi.internal.serviceregistry.ServiceRegistry.publishServiceEventPrivileged(ServiceRegistry.java:866)
	at org.eclipse.osgi.internal.serviceregistry.ServiceRegistry.publishServiceEvent(ServiceRegistry.java:804)
	at org.eclipse.osgi.internal.serviceregistry.ServiceRegistrationImpl.unregister(ServiceRegistrationImpl.java:227)
	at org.eclipse.osgi.internal.serviceregistry.ServiceRegistry.unregisterServices(ServiceRegistry.java:668)
	at org.eclipse.osgi.internal.framework.BundleContextImpl.close(BundleContextImpl.java:133)
	at org.eclipse.osgi.internal.framework.EquinoxBundle.stopWorker0(EquinoxBundle.java:1029)
	at org.eclipse.osgi.internal.framework.EquinoxBundle$EquinoxModule.stopWorker(EquinoxBundle.java:370)
	at org.eclipse.osgi.container.Module.doStop(Module.java:653)
	at org.eclipse.osgi.container.Module.stop(Module.java:515)
	at org.eclipse.osgi.container.ModuleContainer$ContainerStartLevel.decStartLevel(ModuleContainer.java:1861)
	at org.eclipse.osgi.container.ModuleContainer$ContainerStartLevel.doContainerStartLevel(ModuleContainer.java:1753)
	at org.eclipse.osgi.container.SystemModule.stopWorker(SystemModule.java:275)
	at org.eclipse.osgi.internal.framework.EquinoxBundle$SystemBundle$EquinoxSystemModule.stopWorker(EquinoxBundle.java:202)
	at org.eclipse.osgi.container.Module.doStop(Module.java:653)
	at org.eclipse.osgi.container.Module.stop(Module.java:515)
	at org.eclipse.osgi.container.SystemModule.stop(SystemModule.java:207)
	at org.eclipse.osgi.internal.framework.EquinoxBundle$SystemBundle$EquinoxSystemModule$1.run(EquinoxBundle.java:220)
	at java.base/java.lang.Thread.run(Thread.java:840)
Caused by: java.lang.NoClassDefFoundError: org/wso2/carbon/utils/security/KeystoreUtils
	at org.wso2.carbon.identity.conditional.auth.functions.choreo.internal.ChoreoFunctionServiceComponent.activate(ChoreoFunctionServiceComponent.java:92)
	... 32 more
Caused by: java.lang.ClassNotFoundException: org.wso2.carbon.utils.security.KeystoreUtils cannot be found by org.wso2.carbon.identity.conditional.auth.functions.choreo_1.2.87
	... 33 more
Root exception:
java.lang.NoClassDefFoundError: org/wso2/carbon/utils/security/KeystoreUtils
	at org.wso2.carbon.identity.conditional.auth.functions.choreo.internal.ChoreoFunctionServiceComponent.activate(ChoreoFunctionServiceComponent.java:92)
	at jdk.internal.reflect.GeneratedMethodAccessor77.invoke(Unknown Source)
	at java.base/jdk.internal.reflect.DelegatingMethodAccessorImpl.invoke(DelegatingMethodAccessorImpl.java:43)
	at java.base/java.lang.reflect.Method.invoke(Method.java:569)
	at org.eclipse.equinox.internal.ds.model.ServiceComponent.activate(ServiceComponent.java:235)
	at org.eclipse.equinox.internal.ds.model.ServiceComponentProp.activate(ServiceComponentProp.java:146)
	at org.eclipse.equinox.internal.ds.model.ServiceComponentProp.build(ServiceComponentProp.java:345)
	at org.eclipse.equinox.internal.ds.InstanceProcess.buildComponent(InstanceProcess.java:620)
	at org.eclipse.equinox.internal.ds.InstanceProcess.buildComponents(InstanceProcess.java:197)
	at org.eclipse.equinox.internal.ds.Resolver.getEligible(Resolver.java:386)
	at org.eclipse.equinox.internal.ds.SCRManager.serviceChanged(SCRManager.java:222)
	at org.eclipse.osgi.internal.serviceregistry.FilteredServiceListener.serviceChanged(FilteredServiceListener.java:113)
	at org.eclipse.osgi.internal.framework.BundleContextImpl.dispatchEvent(BundleContextImpl.java:985)
	at org.eclipse.osgi.framework.eventmgr.EventManager.dispatchEvent(EventManager.java:234)
	at org.eclipse.osgi.framework.eventmgr.ListenerQueue.dispatchEventSynchronous(ListenerQueue.java:151)
	at org.eclipse.osgi.internal.serviceregistry.ServiceRegistry.publishServiceEventPrivileged(ServiceRegistry.java:866)
	at org.eclipse.osgi.internal.serviceregistry.ServiceRegistry.publishServiceEvent(ServiceRegistry.java:804)
	at org.eclipse.osgi.internal.serviceregistry.ServiceRegistrationImpl.unregister(ServiceRegistrationImpl.java:227)
	at org.eclipse.osgi.internal.serviceregistry.ServiceRegistry.unregisterServices(ServiceRegistry.java:668)
	at org.eclipse.osgi.internal.framework.BundleContextImpl.close(BundleContextImpl.java:133)
	at org.eclipse.osgi.internal.framework.EquinoxBundle.stopWorker0(EquinoxBundle.java:1029)
	at org.eclipse.osgi.internal.framework.EquinoxBundle$EquinoxModule.stopWorker(EquinoxBundle.java:370)
	at org.eclipse.osgi.container.Module.doStop(Module.java:653)
	at org.eclipse.osgi.container.Module.stop(Module.java:515)
	at org.eclipse.osgi.container.ModuleContainer$ContainerStartLevel.decStartLevel(ModuleContainer.java:1861)
	at org.eclipse.osgi.container.ModuleContainer$ContainerStartLevel.doContainerStartLevel(ModuleContainer.java:1753)
	at org.eclipse.osgi.container.SystemModule.stopWorker(SystemModule.java:275)
	at org.eclipse.osgi.internal.framework.EquinoxBundle$SystemBundle$EquinoxSystemModule.stopWorker(EquinoxBundle.java:202)
	at org.eclipse.osgi.container.Module.doStop(Module.java:653)
	at org.eclipse.osgi.container.Module.stop(Module.java:515)
	at org.eclipse.osgi.container.SystemModule.stop(SystemModule.java:207)
	at org.eclipse.osgi.internal.framework.EquinoxBundle$SystemBundle$EquinoxSystemModule$1.run(EquinoxBundle.java:220)
	at java.base/java.lang.Thread.run(Thread.java:840)
Caused by: java.lang.ClassNotFoundException: org.wso2.carbon.utils.security.KeystoreUtils cannot be found by org.wso2.carbon.identity.conditional.auth.functions.choreo_1.2.87
	... 33 more

!ENTRY org.eclipse.equinox.ds 4 0 2026-01-18 15:08:04.719
!MESSAGE [SCR] Exception while activating instance org.wso2.carbon.identity.conditional.auth.functions.choreo.internal.ChoreoFunctionServiceComponent@53bbc026 of component identity.conditional.auth.functions.choreo.component  
!STACK 0
java.lang.reflect.InvocationTargetException
	at jdk.internal.reflect.GeneratedMethodAccessor77.invoke(Unknown Source)
	at java.base/jdk.internal.reflect.DelegatingMethodAccessorImpl.invoke(DelegatingMethodAccessorImpl.java:43)
	at java.base/java.lang.reflect.Method.invoke(Method.java:569)
	at org.eclipse.equinox.internal.ds.model.ServiceComponent.activate(ServiceComponent.java:235)
	at org.eclipse.equinox.internal.ds.model.ServiceComponentProp.activate(ServiceComponentProp.java:146)
	at org.eclipse.equinox.internal.ds.model.ServiceComponentProp.build(ServiceComponentProp.java:345)
	at org.eclipse.equinox.internal.ds.InstanceProcess.buildComponent(InstanceProcess.java:620)
	at org.eclipse.equinox.internal.ds.InstanceProcess.buildComponents(InstanceProcess.java:197)
	at org.eclipse.equinox.internal.ds.Resolver.getEligible(Resolver.java:386)
	at org.eclipse.equinox.internal.ds.SCRManager.serviceChanged(SCRManager.java:222)
	at org.eclipse.osgi.internal.serviceregistry.FilteredServiceListener.serviceChanged(FilteredServiceListener.java:113)
	at org.eclipse.osgi.internal.framework.BundleContextImpl.dispatchEvent(BundleContextImpl.java:985)
	at org.eclipse.osgi.framework.eventmgr.EventManager.dispatchEvent(EventManager.java:234)
	at org.eclipse.osgi.framework.eventmgr.ListenerQueue.dispatchEventSynchronous(ListenerQueue.java:151)
	at org.eclipse.osgi.internal.serviceregistry.ServiceRegistry.publishServiceEventPrivileged(ServiceRegistry.java:866)
	at org.eclipse.osgi.internal.serviceregistry.ServiceRegistry.publishServiceEvent(ServiceRegistry.java:804)
	at org.eclipse.osgi.internal.serviceregistry.ServiceRegistrationImpl.unregister(ServiceRegistrationImpl.java:227)
	at org.eclipse.osgi.internal.serviceregistry.ServiceRegistry.unregisterServices(ServiceRegistry.java:668)
	at org.eclipse.osgi.internal.framework.BundleContextImpl.close(BundleContextImpl.java:133)
	at org.eclipse.osgi.internal.framework.EquinoxBundle.stopWorker0(EquinoxBundle.java:1029)
	at org.eclipse.osgi.internal.framework.EquinoxBundle$EquinoxModule.stopWorker(EquinoxBundle.java:370)
	at org.eclipse.osgi.container.Module.doStop(Module.java:653)
	at org.eclipse.osgi.container.Module.stop(Module.java:515)
	at org.eclipse.osgi.container.ModuleContainer$ContainerStartLevel.decStartLevel(ModuleContainer.java:1861)
	at org.eclipse.osgi.container.ModuleContainer$ContainerStartLevel.doContainerStartLevel(ModuleContainer.java:1753)
	at org.eclipse.osgi.container.SystemModule.stopWorker(SystemModule.java:275)
	at org.eclipse.osgi.internal.framework.EquinoxBundle$SystemBundle$EquinoxSystemModule.stopWorker(EquinoxBundle.java:202)
	at org.eclipse.osgi.container.Module.doStop(Module.java:653)
	at org.eclipse.osgi.container.Module.stop(Module.java:515)
	at org.eclipse.osgi.container.SystemModule.stop(SystemModule.java:207)
	at org.eclipse.osgi.internal.framework.EquinoxBundle$SystemBundle$EquinoxSystemModule$1.run(EquinoxBundle.java:220)
	at java.base/java.lang.Thread.run(Thread.java:840)
Caused by: java.lang.NoClassDefFoundError: org/wso2/carbon/utils/security/KeystoreUtils
	at org.wso2.carbon.identity.conditional.auth.functions.choreo.internal.ChoreoFunctionServiceComponent.activate(ChoreoFunctionServiceComponent.java:92)
	... 32 more
Caused by: java.lang.ClassNotFoundException: org.wso2.carbon.utils.security.KeystoreUtils cannot be found by org.wso2.carbon.identity.conditional.auth.functions.choreo_1.2.87
	... 33 more
Root exception:
java.lang.NoClassDefFoundError: org/wso2/carbon/utils/security/KeystoreUtils
	at org.wso2.carbon.identity.conditional.auth.functions.choreo.internal.ChoreoFunctionServiceComponent.activate(ChoreoFunctionServiceComponent.java:92)
	at jdk.internal.reflect.GeneratedMethodAccessor77.invoke(Unknown Source)
	at java.base/jdk.internal.reflect.DelegatingMethodAccessorImpl.invoke(DelegatingMethodAccessorImpl.java:43)
	at java.base/java.lang.reflect.Method.invoke(Method.java:569)
	at org.eclipse.equinox.internal.ds.model.ServiceComponent.activate(ServiceComponent.java:235)
	at org.eclipse.equinox.internal.ds.model.ServiceComponentProp.activate(ServiceComponentProp.java:146)
	at org.eclipse.equinox.internal.ds.model.ServiceComponentProp.build(ServiceComponentProp.java:345)
	at org.eclipse.equinox.internal.ds.InstanceProcess.buildComponent(InstanceProcess.java:620)
	at org.eclipse.equinox.internal.ds.InstanceProcess.buildComponents(InstanceProcess.java:197)
	at org.eclipse.equinox.internal.ds.Resolver.getEligible(Resolver.java:386)
	at org.eclipse.equinox.internal.ds.SCRManager.serviceChanged(SCRManager.java:222)
	at org.eclipse.osgi.internal.serviceregistry.FilteredServiceListener.serviceChanged(FilteredServiceListener.java:113)
	at org.eclipse.osgi.internal.framework.BundleContextImpl.dispatchEvent(BundleContextImpl.java:985)
	at org.eclipse.osgi.framework.eventmgr.EventManager.dispatchEvent(EventManager.java:234)
	at org.eclipse.osgi.framework.eventmgr.ListenerQueue.dispatchEventSynchronous(ListenerQueue.java:151)
	at org.eclipse.osgi.internal.serviceregistry.ServiceRegistry.publishServiceEventPrivileged(ServiceRegistry.java:866)
	at org.eclipse.osgi.internal.serviceregistry.ServiceRegistry.publishServiceEvent(ServiceRegistry.java:804)
	at org.eclipse.osgi.internal.serviceregistry.ServiceRegistrationImpl.unregister(ServiceRegistrationImpl.java:227)
	at org.eclipse.osgi.internal.serviceregistry.ServiceRegistry.unregisterServices(ServiceRegistry.java:668)
	at org.eclipse.osgi.internal.framework.BundleContextImpl.close(BundleContextImpl.java:133)
	at org.eclipse.osgi.internal.framework.EquinoxBundle.stopWorker0(EquinoxBundle.java:1029)
	at org.eclipse.osgi.internal.framework.EquinoxBundle$EquinoxModule.stopWorker(EquinoxBundle.java:370)
	at org.eclipse.osgi.container.Module.doStop(Module.java:653)
	at org.eclipse.osgi.container.Module.stop(Module.java:515)
	at org.eclipse.osgi.container.ModuleContainer$ContainerStartLevel.decStartLevel(ModuleContainer.java:1861)
	at org.eclipse.osgi.container.ModuleContainer$ContainerStartLevel.doContainerStartLevel(ModuleContainer.java:1753)
	at org.eclipse.osgi.container.SystemModule.stopWorker(SystemModule.java:275)
	at org.eclipse.osgi.internal.framework.EquinoxBundle$SystemBundle$EquinoxSystemModule.stopWorker(EquinoxBundle.java:202)
	at org.eclipse.osgi.container.Module.doStop(Module.java:653)
	at org.eclipse.osgi.container.Module.stop(Module.java:515)
	at org.eclipse.osgi.container.SystemModule.stop(SystemModule.java:207)
	at org.eclipse.osgi.internal.framework.EquinoxBundle$SystemBundle$EquinoxSystemModule$1.run(EquinoxBundle.java:220)
	at java.base/java.lang.Thread.run(Thread.java:840)
Caused by: java.lang.ClassNotFoundException: org.wso2.carbon.utils.security.KeystoreUtils cannot be found by org.wso2.carbon.identity.conditional.auth.functions.choreo_1.2.87
	... 33 more

!ENTRY org.eclipse.equinox.ds 4 0 2026-01-18 15:08:04.729
!MESSAGE [SCR] Exception while activating instance org.wso2.carbon.identity.conditional.auth.functions.choreo.internal.ChoreoFunctionServiceComponent@588425f of component identity.conditional.auth.functions.choreo.component  
!STACK 0
java.lang.reflect.InvocationTargetException
	at jdk.internal.reflect.GeneratedMethodAccessor77.invoke(Unknown Source)
	at java.base/jdk.internal.reflect.DelegatingMethodAccessorImpl.invoke(DelegatingMethodAccessorImpl.java:43)
	at java.base/java.lang.reflect.Method.invoke(Method.java:569)
	at org.eclipse.equinox.internal.ds.model.ServiceComponent.activate(ServiceComponent.java:235)
	at org.eclipse.equinox.internal.ds.model.ServiceComponentProp.activate(ServiceComponentProp.java:146)
	at org.eclipse.equinox.internal.ds.model.ServiceComponentProp.build(ServiceComponentProp.java:345)
	at org.eclipse.equinox.internal.ds.InstanceProcess.buildComponent(InstanceProcess.java:620)
	at org.eclipse.equinox.internal.ds.InstanceProcess.buildComponents(InstanceProcess.java:197)
	at org.eclipse.equinox.internal.ds.Resolver.getEligible(Resolver.java:386)
	at org.eclipse.equinox.internal.ds.SCRManager.serviceChanged(SCRManager.java:222)
	at org.eclipse.osgi.internal.serviceregistry.FilteredServiceListener.serviceChanged(FilteredServiceListener.java:113)
	at org.eclipse.osgi.internal.framework.BundleContextImpl.dispatchEvent(BundleContextImpl.java:985)
	at org.eclipse.osgi.framework.eventmgr.EventManager.dispatchEvent(EventManager.java:234)
	at org.eclipse.osgi.framework.eventmgr.ListenerQueue.dispatchEventSynchronous(ListenerQueue.java:151)
	at org.eclipse.osgi.internal.serviceregistry.ServiceRegistry.publishServiceEventPrivileged(ServiceRegistry.java:866)
	at org.eclipse.osgi.internal.serviceregistry.ServiceRegistry.publishServiceEvent(ServiceRegistry.java:804)
	at org.eclipse.osgi.internal.serviceregistry.ServiceRegistrationImpl.unregister(ServiceRegistrationImpl.java:227)
	at org.eclipse.osgi.internal.serviceregistry.ServiceRegistry.unregisterServices(ServiceRegistry.java:668)
	at org.eclipse.osgi.internal.framework.BundleContextImpl.close(BundleContextImpl.java:133)
	at org.eclipse.osgi.internal.framework.EquinoxBundle.stopWorker0(EquinoxBundle.java:1029)
	at org.eclipse.osgi.internal.framework.EquinoxBundle$EquinoxModule.stopWorker(EquinoxBundle.java:370)
	at org.eclipse.osgi.container.Module.doStop(Module.java:653)
	at org.eclipse.osgi.container.Module.stop(Module.java:515)
	at org.eclipse.osgi.container.ModuleContainer$ContainerStartLevel.decStartLevel(ModuleContainer.java:1861)
	at org.eclipse.osgi.container.ModuleContainer$ContainerStartLevel.doContainerStartLevel(ModuleContainer.java:1753)
	at org.eclipse.osgi.container.SystemModule.stopWorker(SystemModule.java:275)
	at org.eclipse.osgi.internal.framework.EquinoxBundle$SystemBundle$EquinoxSystemModule.stopWorker(EquinoxBundle.java:202)
	at org.eclipse.osgi.container.Module.doStop(Module.java:653)
	at org.eclipse.osgi.container.Module.stop(Module.java:515)
	at org.eclipse.osgi.container.SystemModule.stop(SystemModule.java:207)
	at org.eclipse.osgi.internal.framework.EquinoxBundle$SystemBundle$EquinoxSystemModule$1.run(EquinoxBundle.java:220)
	at java.base/java.lang.Thread.run(Thread.java:840)
Caused by: java.lang.NoClassDefFoundError: org/wso2/carbon/utils/security/KeystoreUtils
	at org.wso2.carbon.identity.conditional.auth.functions.choreo.internal.ChoreoFunctionServiceComponent.activate(ChoreoFunctionServiceComponent.java:92)
	... 32 more
Caused by: java.lang.ClassNotFoundException: org.wso2.carbon.utils.security.KeystoreUtils cannot be found by org.wso2.carbon.identity.conditional.auth.functions.choreo_1.2.87
	... 33 more
Root exception:
java.lang.NoClassDefFoundError: org/wso2/carbon/utils/security/KeystoreUtils
	at org.wso2.carbon.identity.conditional.auth.functions.choreo.internal.ChoreoFunctionServiceComponent.activate(ChoreoFunctionServiceComponent.java:92)
	at jdk.internal.reflect.GeneratedMethodAccessor77.invoke(Unknown Source)
	at java.base/jdk.internal.reflect.DelegatingMethodAccessorImpl.invoke(DelegatingMethodAccessorImpl.java:43)
	at java.base/java.lang.reflect.Method.invoke(Method.java:569)
	at org.eclipse.equinox.internal.ds.model.ServiceComponent.activate(ServiceComponent.java:235)
	at org.eclipse.equinox.internal.ds.model.ServiceComponentProp.activate(ServiceComponentProp.java:146)
	at org.eclipse.equinox.internal.ds.model.ServiceComponentProp.build(ServiceComponentProp.java:345)
	at org.eclipse.equinox.internal.ds.InstanceProcess.buildComponent(InstanceProcess.java:620)
	at org.eclipse.equinox.internal.ds.InstanceProcess.buildComponents(InstanceProcess.java:197)
	at org.eclipse.equinox.internal.ds.Resolver.getEligible(Resolver.java:386)
	at org.eclipse.equinox.internal.ds.SCRManager.serviceChanged(SCRManager.java:222)
	at org.eclipse.osgi.internal.serviceregistry.FilteredServiceListener.serviceChanged(FilteredServiceListener.java:113)
	at org.eclipse.osgi.internal.framework.BundleContextImpl.dispatchEvent(BundleContextImpl.java:985)
	at org.eclipse.osgi.framework.eventmgr.EventManager.dispatchEvent(EventManager.java:234)
	at org.eclipse.osgi.framework.eventmgr.ListenerQueue.dispatchEventSynchronous(ListenerQueue.java:151)
	at org.eclipse.osgi.internal.serviceregistry.ServiceRegistry.publishServiceEventPrivileged(ServiceRegistry.java:866)
	at org.eclipse.osgi.internal.serviceregistry.ServiceRegistry.publishServiceEvent(ServiceRegistry.java:804)
	at org.eclipse.osgi.internal.serviceregistry.ServiceRegistrationImpl.unregister(ServiceRegistrationImpl.java:227)
	at org.eclipse.osgi.internal.serviceregistry.ServiceRegistry.unregisterServices(ServiceRegistry.java:668)
	at org.eclipse.osgi.internal.framework.BundleContextImpl.close(BundleContextImpl.java:133)
	at org.eclipse.osgi.internal.framework.EquinoxBundle.stopWorker0(EquinoxBundle.java:1029)
	at org.eclipse.osgi.internal.framework.EquinoxBundle$EquinoxModule.stopWorker(EquinoxBundle.java:370)
	at org.eclipse.osgi.container.Module.doStop(Module.java:653)
	at org.eclipse.osgi.container.Module.stop(Module.java:515)
	at org.eclipse.osgi.container.ModuleContainer$ContainerStartLevel.decStartLevel(ModuleContainer.java:1861)
	at org.eclipse.osgi.container.ModuleContainer$ContainerStartLevel.doContainerStartLevel(ModuleContainer.java:1753)
	at org.eclipse.osgi.container.SystemModule.stopWorker(SystemModule.java:275)
	at org.eclipse.osgi.internal.framework.EquinoxBundle$SystemBundle$EquinoxSystemModule.stopWorker(EquinoxBundle.java:202)
	at org.eclipse.osgi.container.Module.doStop(Module.java:653)
	at org.eclipse.osgi.container.Module.stop(Module.java:515)
	at org.eclipse.osgi.container.SystemModule.stop(SystemModule.java:207)
	at org.eclipse.osgi.internal.framework.EquinoxBundle$SystemBundle$EquinoxSystemModule$1.run(EquinoxBundle.java:220)
	at java.base/java.lang.Thread.run(Thread.java:840)
Caused by: java.lang.ClassNotFoundException: org.wso2.carbon.utils.security.KeystoreUtils cannot be found by org.wso2.carbon.identity.conditional.auth.functions.choreo_1.2.87
	... 33 more

!ENTRY org.eclipse.equinox.ds 4 0 2026-01-18 15:08:04.805
!MESSAGE [SCR] Exception while activating instance org.wso2.carbon.identity.conditional.auth.functions.choreo.internal.ChoreoFunctionServiceComponent@2e46f78e of component identity.conditional.auth.functions.choreo.component  
!STACK 0
java.lang.reflect.InvocationTargetException
	at jdk.internal.reflect.GeneratedMethodAccessor77.invoke(Unknown Source)
	at java.base/jdk.internal.reflect.DelegatingMethodAccessorImpl.invoke(DelegatingMethodAccessorImpl.java:43)
	at java.base/java.lang.reflect.Method.invoke(Method.java:569)
	at org.eclipse.equinox.internal.ds.model.ServiceComponent.activate(ServiceComponent.java:235)
	at org.eclipse.equinox.internal.ds.model.ServiceComponentProp.activate(ServiceComponentProp.java:146)
	at org.eclipse.equinox.internal.ds.model.ServiceComponentProp.build(ServiceComponentProp.java:345)
	at org.eclipse.equinox.internal.ds.InstanceProcess.buildComponent(InstanceProcess.java:620)
	at org.eclipse.equinox.internal.ds.InstanceProcess.buildComponents(InstanceProcess.java:197)
	at org.eclipse.equinox.internal.ds.Resolver.getEligible(Resolver.java:386)
	at org.eclipse.equinox.internal.ds.SCRManager.serviceChanged(SCRManager.java:222)
	at org.eclipse.osgi.internal.serviceregistry.FilteredServiceListener.serviceChanged(FilteredServiceListener.java:113)
	at org.eclipse.osgi.internal.framework.BundleContextImpl.dispatchEvent(BundleContextImpl.java:985)
	at org.eclipse.osgi.framework.eventmgr.EventManager.dispatchEvent(EventManager.java:234)
	at org.eclipse.osgi.framework.eventmgr.ListenerQueue.dispatchEventSynchronous(ListenerQueue.java:151)
	at org.eclipse.osgi.internal.serviceregistry.ServiceRegistry.publishServiceEventPrivileged(ServiceRegistry.java:866)
	at org.eclipse.osgi.internal.serviceregistry.ServiceRegistry.publishServiceEvent(ServiceRegistry.java:804)
	at org.eclipse.osgi.internal.serviceregistry.ServiceRegistrationImpl.unregister(ServiceRegistrationImpl.java:227)
	at org.eclipse.osgi.internal.serviceregistry.ServiceRegistry.unregisterServices(ServiceRegistry.java:668)
	at org.eclipse.osgi.internal.framework.BundleContextImpl.close(BundleContextImpl.java:133)
	at org.eclipse.osgi.internal.framework.EquinoxBundle.stopWorker0(EquinoxBundle.java:1029)
	at org.eclipse.osgi.internal.framework.EquinoxBundle$EquinoxModule.stopWorker(EquinoxBundle.java:370)
	at org.eclipse.osgi.container.Module.doStop(Module.java:653)
	at org.eclipse.osgi.container.Module.stop(Module.java:515)
	at org.eclipse.osgi.container.ModuleContainer$ContainerStartLevel.decStartLevel(ModuleContainer.java:1861)
	at org.eclipse.osgi.container.ModuleContainer$ContainerStartLevel.doContainerStartLevel(ModuleContainer.java:1753)
	at org.eclipse.osgi.container.SystemModule.stopWorker(SystemModule.java:275)
	at org.eclipse.osgi.internal.framework.EquinoxBundle$SystemBundle$EquinoxSystemModule.stopWorker(EquinoxBundle.java:202)
	at org.eclipse.osgi.container.Module.doStop(Module.java:653)
	at org.eclipse.osgi.container.Module.stop(Module.java:515)
	at org.eclipse.osgi.container.SystemModule.stop(SystemModule.java:207)
	at org.eclipse.osgi.internal.framework.EquinoxBundle$SystemBundle$EquinoxSystemModule$1.run(EquinoxBundle.java:220)
	at java.base/java.lang.Thread.run(Thread.java:840)
Caused by: java.lang.NoClassDefFoundError: org/wso2/carbon/utils/security/KeystoreUtils
	at org.wso2.carbon.identity.conditional.auth.functions.choreo.internal.ChoreoFunctionServiceComponent.activate(ChoreoFunctionServiceComponent.java:92)
	... 32 more
Caused by: java.lang.ClassNotFoundException: org.wso2.carbon.utils.security.KeystoreUtils cannot be found by org.wso2.carbon.identity.conditional.auth.functions.choreo_1.2.87
	... 33 more
Root exception:
java.lang.NoClassDefFoundError: org/wso2/carbon/utils/security/KeystoreUtils
	at org.wso2.carbon.identity.conditional.auth.functions.choreo.internal.ChoreoFunctionServiceComponent.activate(ChoreoFunctionServiceComponent.java:92)
	at jdk.internal.reflect.GeneratedMethodAccessor77.invoke(Unknown Source)
	at java.base/jdk.internal.reflect.DelegatingMethodAccessorImpl.invoke(DelegatingMethodAccessorImpl.java:43)
	at java.base/java.lang.reflect.Method.invoke(Method.java:569)
	at org.eclipse.equinox.internal.ds.model.ServiceComponent.activate(ServiceComponent.java:235)
	at org.eclipse.equinox.internal.ds.model.ServiceComponentProp.activate(ServiceComponentProp.java:146)
	at org.eclipse.equinox.internal.ds.model.ServiceComponentProp.build(ServiceComponentProp.java:345)
	at org.eclipse.equinox.internal.ds.InstanceProcess.buildComponent(InstanceProcess.java:620)
	at org.eclipse.equinox.internal.ds.InstanceProcess.buildComponents(InstanceProcess.java:197)
	at org.eclipse.equinox.internal.ds.Resolver.getEligible(Resolver.java:386)
	at org.eclipse.equinox.internal.ds.SCRManager.serviceChanged(SCRManager.java:222)
	at org.eclipse.osgi.internal.serviceregistry.FilteredServiceListener.serviceChanged(FilteredServiceListener.java:113)
	at org.eclipse.osgi.internal.framework.BundleContextImpl.dispatchEvent(BundleContextImpl.java:985)
	at org.eclipse.osgi.framework.eventmgr.EventManager.dispatchEvent(EventManager.java:234)
	at org.eclipse.osgi.framework.eventmgr.ListenerQueue.dispatchEventSynchronous(ListenerQueue.java:151)
	at org.eclipse.osgi.internal.serviceregistry.ServiceRegistry.publishServiceEventPrivileged(ServiceRegistry.java:866)
	at org.eclipse.osgi.internal.serviceregistry.ServiceRegistry.publishServiceEvent(ServiceRegistry.java:804)
	at org.eclipse.osgi.internal.serviceregistry.ServiceRegistrationImpl.unregister(ServiceRegistrationImpl.java:227)
	at org.eclipse.osgi.internal.serviceregistry.ServiceRegistry.unregisterServices(ServiceRegistry.java:668)
	at org.eclipse.osgi.internal.framework.BundleContextImpl.close(BundleContextImpl.java:133)
	at org.eclipse.osgi.internal.framework.EquinoxBundle.stopWorker0(EquinoxBundle.java:1029)
	at org.eclipse.osgi.internal.framework.EquinoxBundle$EquinoxModule.stopWorker(EquinoxBundle.java:370)
	at org.eclipse.osgi.container.Module.doStop(Module.java:653)
	at org.eclipse.osgi.container.Module.stop(Module.java:515)
	at org.eclipse.osgi.container.ModuleContainer$ContainerStartLevel.decStartLevel(ModuleContainer.java:1861)
	at org.eclipse.osgi.container.ModuleContainer$ContainerStartLevel.doContainerStartLevel(ModuleContainer.java:1753)
	at org.eclipse.osgi.container.SystemModule.stopWorker(SystemModule.java:275)
	at org.eclipse.osgi.internal.framework.EquinoxBundle$SystemBundle$EquinoxSystemModule.stopWorker(EquinoxBundle.java:202)
	at org.eclipse.osgi.container.Module.doStop(Module.java:653)
	at org.eclipse.osgi.container.Module.stop(Module.java:515)
	at org.eclipse.osgi.container.SystemModule.stop(SystemModule.java:207)
	at org.eclipse.osgi.internal.framework.EquinoxBundle$SystemBundle$EquinoxSystemModule$1.run(EquinoxBundle.java:220)
	at java.base/java.lang.Thread.run(Thread.java:840)
Caused by: java.lang.ClassNotFoundException: org.wso2.carbon.utils.security.KeystoreUtils cannot be found by org.wso2.carbon.identity.conditional.auth.functions.choreo_1.2.87
	... 33 more

!ENTRY org.eclipse.equinox.ds 4 0 2026-01-18 15:08:04.811
!MESSAGE [SCR] Exception while activating instance org.wso2.carbon.identity.conditional.auth.functions.choreo.internal.ChoreoFunctionServiceComponent@2a836e75 of component identity.conditional.auth.functions.choreo.component  
!STACK 0
java.lang.reflect.InvocationTargetException
	at jdk.internal.reflect.GeneratedMethodAccessor77.invoke(Unknown Source)
	at java.base/jdk.internal.reflect.DelegatingMethodAccessorImpl.invoke(DelegatingMethodAccessorImpl.java:43)
	at java.base/java.lang.reflect.Method.invoke(Method.java:569)
	at org.eclipse.equinox.internal.ds.model.ServiceComponent.activate(ServiceComponent.java:235)
	at org.eclipse.equinox.internal.ds.model.ServiceComponentProp.activate(ServiceComponentProp.java:146)
	at org.eclipse.equinox.internal.ds.model.ServiceComponentProp.build(ServiceComponentProp.java:345)
	at org.eclipse.equinox.internal.ds.InstanceProcess.buildComponent(InstanceProcess.java:620)
	at org.eclipse.equinox.internal.ds.InstanceProcess.buildComponents(InstanceProcess.java:197)
	at org.eclipse.equinox.internal.ds.Resolver.getEligible(Resolver.java:386)
	at org.eclipse.equinox.internal.ds.SCRManager.serviceChanged(SCRManager.java:222)
	at org.eclipse.osgi.internal.serviceregistry.FilteredServiceListener.serviceChanged(FilteredServiceListener.java:113)
	at org.eclipse.osgi.internal.framework.BundleContextImpl.dispatchEvent(BundleContextImpl.java:985)
	at org.eclipse.osgi.framework.eventmgr.EventManager.dispatchEvent(EventManager.java:234)
	at org.eclipse.osgi.framework.eventmgr.ListenerQueue.dispatchEventSynchronous(ListenerQueue.java:151)
	at org.eclipse.osgi.internal.serviceregistry.ServiceRegistry.publishServiceEventPrivileged(ServiceRegistry.java:866)
	at org.eclipse.osgi.internal.serviceregistry.ServiceRegistry.publishServiceEvent(ServiceRegistry.java:804)
	at org.eclipse.osgi.internal.serviceregistry.ServiceRegistrationImpl.unregister(ServiceRegistrationImpl.java:227)
	at org.eclipse.osgi.internal.serviceregistry.ServiceRegistry.unregisterServices(ServiceRegistry.java:668)
	at org.eclipse.osgi.internal.framework.BundleContextImpl.close(BundleContextImpl.java:133)
	at org.eclipse.osgi.internal.framework.EquinoxBundle.stopWorker0(EquinoxBundle.java:1029)
	at org.eclipse.osgi.internal.framework.EquinoxBundle$EquinoxModule.stopWorker(EquinoxBundle.java:370)
	at org.eclipse.osgi.container.Module.doStop(Module.java:653)
	at org.eclipse.osgi.container.Module.stop(Module.java:515)
	at org.eclipse.osgi.container.ModuleContainer$ContainerStartLevel.decStartLevel(ModuleContainer.java:1861)
	at org.eclipse.osgi.container.ModuleContainer$ContainerStartLevel.doContainerStartLevel(ModuleContainer.java:1753)
	at org.eclipse.osgi.container.SystemModule.stopWorker(SystemModule.java:275)
	at org.eclipse.osgi.internal.framework.EquinoxBundle$SystemBundle$EquinoxSystemModule.stopWorker(EquinoxBundle.java:202)
	at org.eclipse.osgi.container.Module.doStop(Module.java:653)
	at org.eclipse.osgi.container.Module.stop(Module.java:515)
	at org.eclipse.osgi.container.SystemModule.stop(SystemModule.java:207)
	at org.eclipse.osgi.internal.framework.EquinoxBundle$SystemBundle$EquinoxSystemModule$1.run(EquinoxBundle.java:220)
	at java.base/java.lang.Thread.run(Thread.java:840)
Caused by: java.lang.NoClassDefFoundError: org/wso2/carbon/utils/security/KeystoreUtils
	at org.wso2.carbon.identity.conditional.auth.functions.choreo.internal.ChoreoFunctionServiceComponent.activate(ChoreoFunctionServiceComponent.java:92)
	... 32 more
Caused by: java.lang.ClassNotFoundException: org.wso2.carbon.utils.security.KeystoreUtils cannot be found by org.wso2.carbon.identity.conditional.auth.functions.choreo_1.2.87
	... 33 more
Root exception:
java.lang.NoClassDefFoundError: org/wso2/carbon/utils/security/KeystoreUtils
	at org.wso2.carbon.identity.conditional.auth.functions.choreo.internal.ChoreoFunctionServiceComponent.activate(ChoreoFunctionServiceComponent.java:92)
	at jdk.internal.reflect.GeneratedMethodAccessor77.invoke(Unknown Source)
	at java.base/jdk.internal.reflect.DelegatingMethodAccessorImpl.invoke(DelegatingMethodAccessorImpl.java:43)
	at java.base/java.lang.reflect.Method.invoke(Method.java:569)
	at org.eclipse.equinox.internal.ds.model.ServiceComponent.activate(ServiceComponent.java:235)
	at org.eclipse.equinox.internal.ds.model.ServiceComponentProp.activate(ServiceComponentProp.java:146)
	at org.eclipse.equinox.internal.ds.model.ServiceComponentProp.build(ServiceComponentProp.java:345)
	at org.eclipse.equinox.internal.ds.InstanceProcess.buildComponent(InstanceProcess.java:620)
	at org.eclipse.equinox.internal.ds.InstanceProcess.buildComponents(InstanceProcess.java:197)
	at org.eclipse.equinox.internal.ds.Resolver.getEligible(Resolver.java:386)
	at org.eclipse.equinox.internal.ds.SCRManager.serviceChanged(SCRManager.java:222)
	at org.eclipse.osgi.internal.serviceregistry.FilteredServiceListener.serviceChanged(FilteredServiceListener.java:113)
	at org.eclipse.osgi.internal.framework.BundleContextImpl.dispatchEvent(BundleContextImpl.java:985)
	at org.eclipse.osgi.framework.eventmgr.EventManager.dispatchEvent(EventManager.java:234)
	at org.eclipse.osgi.framework.eventmgr.ListenerQueue.dispatchEventSynchronous(ListenerQueue.java:151)
	at org.eclipse.osgi.internal.serviceregistry.ServiceRegistry.publishServiceEventPrivileged(ServiceRegistry.java:866)
	at org.eclipse.osgi.internal.serviceregistry.ServiceRegistry.publishServiceEvent(ServiceRegistry.java:804)
	at org.eclipse.osgi.internal.serviceregistry.ServiceRegistrationImpl.unregister(ServiceRegistrationImpl.java:227)
	at org.eclipse.osgi.internal.serviceregistry.ServiceRegistry.unregisterServices(ServiceRegistry.java:668)
	at org.eclipse.osgi.internal.framework.BundleContextImpl.close(BundleContextImpl.java:133)
	at org.eclipse.osgi.internal.framework.EquinoxBundle.stopWorker0(EquinoxBundle.java:1029)
	at org.eclipse.osgi.internal.framework.EquinoxBundle$EquinoxModule.stopWorker(EquinoxBundle.java:370)
	at org.eclipse.osgi.container.Module.doStop(Module.java:653)
	at org.eclipse.osgi.container.Module.stop(Module.java:515)
	at org.eclipse.osgi.container.ModuleContainer$ContainerStartLevel.decStartLevel(ModuleContainer.java:1861)
	at org.eclipse.osgi.container.ModuleContainer$ContainerStartLevel.doContainerStartLevel(ModuleContainer.java:1753)
	at org.eclipse.osgi.container.SystemModule.stopWorker(SystemModule.java:275)
	at org.eclipse.osgi.internal.framework.EquinoxBundle$SystemBundle$EquinoxSystemModule.stopWorker(EquinoxBundle.java:202)
	at org.eclipse.osgi.container.Module.doStop(Module.java:653)
	at org.eclipse.osgi.container.Module.stop(Module.java:515)
	at org.eclipse.osgi.container.SystemModule.stop(SystemModule.java:207)
	at org.eclipse.osgi.internal.framework.EquinoxBundle$SystemBundle$EquinoxSystemModule$1.run(EquinoxBundle.java:220)
	at java.base/java.lang.Thread.run(Thread.java:840)
Caused by: java.lang.ClassNotFoundException: org.wso2.carbon.utils.security.KeystoreUtils cannot be found by org.wso2.carbon.identity.conditional.auth.functions.choreo_1.2.87
	... 33 more

!ENTRY org.eclipse.equinox.ds 4 0 2026-01-18 15:08:04.813
!MESSAGE [SCR] Exception while activating instance org.wso2.carbon.identity.conditional.auth.functions.choreo.internal.ChoreoFunctionServiceComponent@6e550b3 of component identity.conditional.auth.functions.choreo.component  
!STACK 0
java.lang.reflect.InvocationTargetException
	at jdk.internal.reflect.GeneratedMethodAccessor77.invoke(Unknown Source)
	at java.base/jdk.internal.reflect.DelegatingMethodAccessorImpl.invoke(DelegatingMethodAccessorImpl.java:43)
	at java.base/java.lang.reflect.Method.invoke(Method.java:569)
	at org.eclipse.equinox.internal.ds.model.ServiceComponent.activate(ServiceComponent.java:235)
	at org.eclipse.equinox.internal.ds.model.ServiceComponentProp.activate(ServiceComponentProp.java:146)
	at org.eclipse.equinox.internal.ds.model.ServiceComponentProp.build(ServiceComponentProp.java:345)
	at org.eclipse.equinox.internal.ds.InstanceProcess.buildComponent(InstanceProcess.java:620)
	at org.eclipse.equinox.internal.ds.InstanceProcess.buildComponents(InstanceProcess.java:197)
	at org.eclipse.equinox.internal.ds.Resolver.getEligible(Resolver.java:386)
	at org.eclipse.equinox.internal.ds.SCRManager.serviceChanged(SCRManager.java:222)
	at org.eclipse.osgi.internal.serviceregistry.FilteredServiceListener.serviceChanged(FilteredServiceListener.java:113)
	at org.eclipse.osgi.internal.framework.BundleContextImpl.dispatchEvent(BundleContextImpl.java:985)
	at org.eclipse.osgi.framework.eventmgr.EventManager.dispatchEvent(EventManager.java:234)
	at org.eclipse.osgi.framework.eventmgr.ListenerQueue.dispatchEventSynchronous(ListenerQueue.java:151)
	at org.eclipse.osgi.internal.serviceregistry.ServiceRegistry.publishServiceEventPrivileged(ServiceRegistry.java:866)
	at org.eclipse.osgi.internal.serviceregistry.ServiceRegistry.publishServiceEvent(ServiceRegistry.java:804)
	at org.eclipse.osgi.internal.serviceregistry.ServiceRegistrationImpl.unregister(ServiceRegistrationImpl.java:227)
	at org.eclipse.osgi.internal.serviceregistry.ServiceRegistry.unregisterServices(ServiceRegistry.java:668)
	at org.eclipse.osgi.internal.framework.BundleContextImpl.close(BundleContextImpl.java:133)
	at org.eclipse.osgi.internal.framework.EquinoxBundle.stopWorker0(EquinoxBundle.java:1029)
	at org.eclipse.osgi.internal.framework.EquinoxBundle$EquinoxModule.stopWorker(EquinoxBundle.java:370)
	at org.eclipse.osgi.container.Module.doStop(Module.java:653)
	at org.eclipse.osgi.container.Module.stop(Module.java:515)
	at org.eclipse.osgi.container.ModuleContainer$ContainerStartLevel.decStartLevel(ModuleContainer.java:1861)
	at org.eclipse.osgi.container.ModuleContainer$ContainerStartLevel.doContainerStartLevel(ModuleContainer.java:1753)
	at org.eclipse.osgi.container.SystemModule.stopWorker(SystemModule.java:275)
	at org.eclipse.osgi.internal.framework.EquinoxBundle$SystemBundle$EquinoxSystemModule.stopWorker(EquinoxBundle.java:202)
	at org.eclipse.osgi.container.Module.doStop(Module.java:653)
	at org.eclipse.osgi.container.Module.stop(Module.java:515)
	at org.eclipse.osgi.container.SystemModule.stop(SystemModule.java:207)
	at org.eclipse.osgi.internal.framework.EquinoxBundle$SystemBundle$EquinoxSystemModule$1.run(EquinoxBundle.java:220)
	at java.base/java.lang.Thread.run(Thread.java:840)
Caused by: java.lang.NoClassDefFoundError: org/wso2/carbon/utils/security/KeystoreUtils
	at org.wso2.carbon.identity.conditional.auth.functions.choreo.internal.ChoreoFunctionServiceComponent.activate(ChoreoFunctionServiceComponent.java:92)
	... 32 more
Caused by: java.lang.ClassNotFoundException: org.wso2.carbon.utils.security.KeystoreUtils cannot be found by org.wso2.carbon.identity.conditional.auth.functions.choreo_1.2.87
	... 33 more
Root exception:
java.lang.NoClassDefFoundError: org/wso2/carbon/utils/security/KeystoreUtils
	at org.wso2.carbon.identity.conditional.auth.functions.choreo.internal.ChoreoFunctionServiceComponent.activate(ChoreoFunctionServiceComponent.java:92)
	at jdk.internal.reflect.GeneratedMethodAccessor77.invoke(Unknown Source)
	at java.base/jdk.internal.reflect.DelegatingMethodAccessorImpl.invoke(DelegatingMethodAccessorImpl.java:43)
	at java.base/java.lang.reflect.Method.invoke(Method.java:569)
	at org.eclipse.equinox.internal.ds.model.ServiceComponent.activate(ServiceComponent.java:235)
	at org.eclipse.equinox.internal.ds.model.ServiceComponentProp.activate(ServiceComponentProp.java:146)
	at org.eclipse.equinox.internal.ds.model.ServiceComponentProp.build(ServiceComponentProp.java:345)
	at org.eclipse.equinox.internal.ds.InstanceProcess.buildComponent(InstanceProcess.java:620)
	at org.eclipse.equinox.internal.ds.InstanceProcess.buildComponents(InstanceProcess.java:197)
	at org.eclipse.equinox.internal.ds.Resolver.getEligible(Resolver.java:386)
	at org.eclipse.equinox.internal.ds.SCRManager.serviceChanged(SCRManager.java:222)
	at org.eclipse.osgi.internal.serviceregistry.FilteredServiceListener.serviceChanged(FilteredServiceListener.java:113)
	at org.eclipse.osgi.internal.framework.BundleContextImpl.dispatchEvent(BundleContextImpl.java:985)
	at org.eclipse.osgi.framework.eventmgr.EventManager.dispatchEvent(EventManager.java:234)
	at org.eclipse.osgi.framework.eventmgr.ListenerQueue.dispatchEventSynchronous(ListenerQueue.java:151)
	at org.eclipse.osgi.internal.serviceregistry.ServiceRegistry.publishServiceEventPrivileged(ServiceRegistry.java:866)
	at org.eclipse.osgi.internal.serviceregistry.ServiceRegistry.publishServiceEvent(ServiceRegistry.java:804)
	at org.eclipse.osgi.internal.serviceregistry.ServiceRegistrationImpl.unregister(ServiceRegistrationImpl.java:227)
	at org.eclipse.osgi.internal.serviceregistry.ServiceRegistry.unregisterServices(ServiceRegistry.java:668)
	at org.eclipse.osgi.internal.framework.BundleContextImpl.close(BundleContextImpl.java:133)
	at org.eclipse.osgi.internal.framework.EquinoxBundle.stopWorker0(EquinoxBundle.java:1029)
	at org.eclipse.osgi.internal.framework.EquinoxBundle$EquinoxModule.stopWorker(EquinoxBundle.java:370)
	at org.eclipse.osgi.container.Module.doStop(Module.java:653)
	at org.eclipse.osgi.container.Module.stop(Module.java:515)
	at org.eclipse.osgi.container.ModuleContainer$ContainerStartLevel.decStartLevel(ModuleContainer.java:1861)
	at org.eclipse.osgi.container.ModuleContainer$ContainerStartLevel.doContainerStartLevel(ModuleContainer.java:1753)
	at org.eclipse.osgi.container.SystemModule.stopWorker(SystemModule.java:275)
	at org.eclipse.osgi.internal.framework.EquinoxBundle$SystemBundle$EquinoxSystemModule.stopWorker(EquinoxBundle.java:202)
	at org.eclipse.osgi.container.Module.doStop(Module.java:653)
	at org.eclipse.osgi.container.Module.stop(Module.java:515)
	at org.eclipse.osgi.container.SystemModule.stop(SystemModule.java:207)
	at org.eclipse.osgi.internal.framework.EquinoxBundle$SystemBundle$EquinoxSystemModule$1.run(EquinoxBundle.java:220)
	at java.base/java.lang.Thread.run(Thread.java:840)
Caused by: java.lang.ClassNotFoundException: org.wso2.carbon.utils.security.KeystoreUtils cannot be found by org.wso2.carbon.identity.conditional.auth.functions.choreo_1.2.87
	... 33 more

!ENTRY org.eclipse.equinox.ds 4 0 2026-01-18 15:08:04.821
!MESSAGE [SCR] Exception while activating instance org.wso2.carbon.identity.conditional.auth.functions.choreo.internal.ChoreoFunctionServiceComponent@7d3099cc of component identity.conditional.auth.functions.choreo.component  
!STACK 0
java.lang.reflect.InvocationTargetException
	at jdk.internal.reflect.GeneratedMethodAccessor77.invoke(Unknown Source)
	at java.base/jdk.internal.reflect.DelegatingMethodAccessorImpl.invoke(DelegatingMethodAccessorImpl.java:43)
	at java.base/java.lang.reflect.Method.invoke(Method.java:569)
	at org.eclipse.equinox.internal.ds.model.ServiceComponent.activate(ServiceComponent.java:235)
	at org.eclipse.equinox.internal.ds.model.ServiceComponentProp.activate(ServiceComponentProp.java:146)
	at org.eclipse.equinox.internal.ds.model.ServiceComponentProp.build(ServiceComponentProp.java:345)
	at org.eclipse.equinox.internal.ds.InstanceProcess.buildComponent(InstanceProcess.java:620)
	at org.eclipse.equinox.internal.ds.InstanceProcess.buildComponents(InstanceProcess.java:197)
	at org.eclipse.equinox.internal.ds.Resolver.getEligible(Resolver.java:386)
	at org.eclipse.equinox.internal.ds.SCRManager.serviceChanged(SCRManager.java:222)
	at org.eclipse.osgi.internal.serviceregistry.FilteredServiceListener.serviceChanged(FilteredServiceListener.java:113)
	at org.eclipse.osgi.internal.framework.BundleContextImpl.dispatchEvent(BundleContextImpl.java:985)
	at org.eclipse.osgi.framework.eventmgr.EventManager.dispatchEvent(EventManager.java:234)
	at org.eclipse.osgi.framework.eventmgr.ListenerQueue.dispatchEventSynchronous(ListenerQueue.java:151)
	at org.eclipse.osgi.internal.serviceregistry.ServiceRegistry.publishServiceEventPrivileged(ServiceRegistry.java:866)
	at org.eclipse.osgi.internal.serviceregistry.ServiceRegistry.publishServiceEvent(ServiceRegistry.java:804)
	at org.eclipse.osgi.internal.serviceregistry.ServiceRegistrationImpl.unregister(ServiceRegistrationImpl.java:227)
	at org.eclipse.osgi.internal.serviceregistry.ServiceRegistry.unregisterServices(ServiceRegistry.java:668)
	at org.eclipse.osgi.internal.framework.BundleContextImpl.close(BundleContextImpl.java:133)
	at org.eclipse.osgi.internal.framework.EquinoxBundle.stopWorker0(EquinoxBundle.java:1029)
	at org.eclipse.osgi.internal.framework.EquinoxBundle$EquinoxModule.stopWorker(EquinoxBundle.java:370)
	at org.eclipse.osgi.container.Module.doStop(Module.java:653)
	at org.eclipse.osgi.container.Module.stop(Module.java:515)
	at org.eclipse.osgi.container.ModuleContainer$ContainerStartLevel.decStartLevel(ModuleContainer.java:1861)
	at org.eclipse.osgi.container.ModuleContainer$ContainerStartLevel.doContainerStartLevel(ModuleContainer.java:1753)
	at org.eclipse.osgi.container.SystemModule.stopWorker(SystemModule.java:275)
	at org.eclipse.osgi.internal.framework.EquinoxBundle$SystemBundle$EquinoxSystemModule.stopWorker(EquinoxBundle.java:202)
	at org.eclipse.osgi.container.Module.doStop(Module.java:653)
	at org.eclipse.osgi.container.Module.stop(Module.java:515)
	at org.eclipse.osgi.container.SystemModule.stop(SystemModule.java:207)
	at org.eclipse.osgi.internal.framework.EquinoxBundle$SystemBundle$EquinoxSystemModule$1.run(EquinoxBundle.java:220)
	at java.base/java.lang.Thread.run(Thread.java:840)
Caused by: java.lang.NoClassDefFoundError: org/wso2/carbon/utils/security/KeystoreUtils
	at org.wso2.carbon.identity.conditional.auth.functions.choreo.internal.ChoreoFunctionServiceComponent.activate(ChoreoFunctionServiceComponent.java:92)
	... 32 more
Caused by: java.lang.ClassNotFoundException: org.wso2.carbon.utils.security.KeystoreUtils cannot be found by org.wso2.carbon.identity.conditional.auth.functions.choreo_1.2.87
	... 33 more
Root exception:
java.lang.NoClassDefFoundError: org/wso2/carbon/utils/security/KeystoreUtils
	at org.wso2.carbon.identity.conditional.auth.functions.choreo.internal.ChoreoFunctionServiceComponent.activate(ChoreoFunctionServiceComponent.java:92)
	at jdk.internal.reflect.GeneratedMethodAccessor77.invoke(Unknown Source)
	at java.base/jdk.internal.reflect.DelegatingMethodAccessorImpl.invoke(DelegatingMethodAccessorImpl.java:43)
	at java.base/java.lang.reflect.Method.invoke(Method.java:569)
	at org.eclipse.equinox.internal.ds.model.ServiceComponent.activate(ServiceComponent.java:235)
	at org.eclipse.equinox.internal.ds.model.ServiceComponentProp.activate(ServiceComponentProp.java:146)
	at org.eclipse.equinox.internal.ds.model.ServiceComponentProp.build(ServiceComponentProp.java:345)
	at org.eclipse.equinox.internal.ds.InstanceProcess.buildComponent(InstanceProcess.java:620)
	at org.eclipse.equinox.internal.ds.InstanceProcess.buildComponents(InstanceProcess.java:197)
	at org.eclipse.equinox.internal.ds.Resolver.getEligible(Resolver.java:386)
	at org.eclipse.equinox.internal.ds.SCRManager.serviceChanged(SCRManager.java:222)
	at org.eclipse.osgi.internal.serviceregistry.FilteredServiceListener.serviceChanged(FilteredServiceListener.java:113)
	at org.eclipse.osgi.internal.framework.BundleContextImpl.dispatchEvent(BundleContextImpl.java:985)
	at org.eclipse.osgi.framework.eventmgr.EventManager.dispatchEvent(EventManager.java:234)
	at org.eclipse.osgi.framework.eventmgr.ListenerQueue.dispatchEventSynchronous(ListenerQueue.java:151)
	at org.eclipse.osgi.internal.serviceregistry.ServiceRegistry.publishServiceEventPrivileged(ServiceRegistry.java:866)
	at org.eclipse.osgi.internal.serviceregistry.ServiceRegistry.publishServiceEvent(ServiceRegistry.java:804)
	at org.eclipse.osgi.internal.serviceregistry.ServiceRegistrationImpl.unregister(ServiceRegistrationImpl.java:227)
	at org.eclipse.osgi.internal.serviceregistry.ServiceRegistry.unregisterServices(ServiceRegistry.java:668)
	at org.eclipse.osgi.internal.framework.BundleContextImpl.close(BundleContextImpl.java:133)
	at org.eclipse.osgi.internal.framework.EquinoxBundle.stopWorker0(EquinoxBundle.java:1029)
	at org.eclipse.osgi.internal.framework.EquinoxBundle$EquinoxModule.stopWorker(EquinoxBundle.java:370)
	at org.eclipse.osgi.container.Module.doStop(Module.java:653)
	at org.eclipse.osgi.container.Module.stop(Module.java:515)
	at org.eclipse.osgi.container.ModuleContainer$ContainerStartLevel.decStartLevel(ModuleContainer.java:1861)
	at org.eclipse.osgi.container.ModuleContainer$ContainerStartLevel.doContainerStartLevel(ModuleContainer.java:1753)
	at org.eclipse.osgi.container.SystemModule.stopWorker(SystemModule.java:275)
	at org.eclipse.osgi.internal.framework.EquinoxBundle$SystemBundle$EquinoxSystemModule.stopWorker(EquinoxBundle.java:202)
	at org.eclipse.osgi.container.Module.doStop(Module.java:653)
	at org.eclipse.osgi.container.Module.stop(Module.java:515)
	at org.eclipse.osgi.container.SystemModule.stop(SystemModule.java:207)
	at org.eclipse.osgi.internal.framework.EquinoxBundle$SystemBundle$EquinoxSystemModule$1.run(EquinoxBundle.java:220)
	at java.base/java.lang.Thread.run(Thread.java:840)
Caused by: java.lang.ClassNotFoundException: org.wso2.carbon.utils.security.KeystoreUtils cannot be found by org.wso2.carbon.identity.conditional.auth.functions.choreo_1.2.87
	... 33 more

!ENTRY org.eclipse.equinox.ds 4 0 2026-01-18 15:08:04.825
!MESSAGE [SCR] Exception while activating instance org.wso2.carbon.identity.conditional.auth.functions.choreo.internal.ChoreoFunctionServiceComponent@2340e54 of component identity.conditional.auth.functions.choreo.component  
!STACK 0
java.lang.reflect.InvocationTargetException
	at jdk.internal.reflect.GeneratedMethodAccessor77.invoke(Unknown Source)
	at java.base/jdk.internal.reflect.DelegatingMethodAccessorImpl.invoke(DelegatingMethodAccessorImpl.java:43)
	at java.base/java.lang.reflect.Method.invoke(Method.java:569)
	at org.eclipse.equinox.internal.ds.model.ServiceComponent.activate(ServiceComponent.java:235)
	at org.eclipse.equinox.internal.ds.model.ServiceComponentProp.activate(ServiceComponentProp.java:146)
	at org.eclipse.equinox.internal.ds.model.ServiceComponentProp.build(ServiceComponentProp.java:345)
	at org.eclipse.equinox.internal.ds.InstanceProcess.buildComponent(InstanceProcess.java:620)
	at org.eclipse.equinox.internal.ds.InstanceProcess.buildComponents(InstanceProcess.java:197)
	at org.eclipse.equinox.internal.ds.Resolver.getEligible(Resolver.java:386)
	at org.eclipse.equinox.internal.ds.SCRManager.serviceChanged(SCRManager.java:222)
	at org.eclipse.osgi.internal.serviceregistry.FilteredServiceListener.serviceChanged(FilteredServiceListener.java:113)
	at org.eclipse.osgi.internal.framework.BundleContextImpl.dispatchEvent(BundleContextImpl.java:985)
	at org.eclipse.osgi.framework.eventmgr.EventManager.dispatchEvent(EventManager.java:234)
	at org.eclipse.osgi.framework.eventmgr.ListenerQueue.dispatchEventSynchronous(ListenerQueue.java:151)
	at org.eclipse.osgi.internal.serviceregistry.ServiceRegistry.publishServiceEventPrivileged(ServiceRegistry.java:866)
	at org.eclipse.osgi.internal.serviceregistry.ServiceRegistry.publishServiceEvent(ServiceRegistry.java:804)
	at org.eclipse.osgi.internal.serviceregistry.ServiceRegistrationImpl.unregister(ServiceRegistrationImpl.java:227)
	at org.eclipse.osgi.internal.serviceregistry.ServiceRegistry.unregisterServices(ServiceRegistry.java:668)
	at org.eclipse.osgi.internal.framework.BundleContextImpl.close(BundleContextImpl.java:133)
	at org.eclipse.osgi.internal.framework.EquinoxBundle.stopWorker0(EquinoxBundle.java:1029)
	at org.eclipse.osgi.internal.framework.EquinoxBundle$EquinoxModule.stopWorker(EquinoxBundle.java:370)
	at org.eclipse.osgi.container.Module.doStop(Module.java:653)
	at org.eclipse.osgi.container.Module.stop(Module.java:515)
	at org.eclipse.osgi.container.ModuleContainer$ContainerStartLevel.decStartLevel(ModuleContainer.java:1861)
	at org.eclipse.osgi.container.ModuleContainer$ContainerStartLevel.doContainerStartLevel(ModuleContainer.java:1753)
	at org.eclipse.osgi.container.SystemModule.stopWorker(SystemModule.java:275)
	at org.eclipse.osgi.internal.framework.EquinoxBundle$SystemBundle$EquinoxSystemModule.stopWorker(EquinoxBundle.java:202)
	at org.eclipse.osgi.container.Module.doStop(Module.java:653)
	at org.eclipse.osgi.container.Module.stop(Module.java:515)
	at org.eclipse.osgi.container.SystemModule.stop(SystemModule.java:207)
	at org.eclipse.osgi.internal.framework.EquinoxBundle$SystemBundle$EquinoxSystemModule$1.run(EquinoxBundle.java:220)
	at java.base/java.lang.Thread.run(Thread.java:840)
Caused by: java.lang.NoClassDefFoundError: org/wso2/carbon/utils/security/KeystoreUtils
	at org.wso2.carbon.identity.conditional.auth.functions.choreo.internal.ChoreoFunctionServiceComponent.activate(ChoreoFunctionServiceComponent.java:92)
	... 32 more
Caused by: java.lang.ClassNotFoundException: org.wso2.carbon.utils.security.KeystoreUtils cannot be found by org.wso2.carbon.identity.conditional.auth.functions.choreo_1.2.87
	... 33 more
Root exception:
java.lang.NoClassDefFoundError: org/wso2/carbon/utils/security/KeystoreUtils
	at org.wso2.carbon.identity.conditional.auth.functions.choreo.internal.ChoreoFunctionServiceComponent.activate(ChoreoFunctionServiceComponent.java:92)
	at jdk.internal.reflect.GeneratedMethodAccessor77.invoke(Unknown Source)
	at java.base/jdk.internal.reflect.DelegatingMethodAccessorImpl.invoke(DelegatingMethodAccessorImpl.java:43)
	at java.base/java.lang.reflect.Method.invoke(Method.java:569)
	at org.eclipse.equinox.internal.ds.model.ServiceComponent.activate(ServiceComponent.java:235)
	at org.eclipse.equinox.internal.ds.model.ServiceComponentProp.activate(ServiceComponentProp.java:146)
	at org.eclipse.equinox.internal.ds.model.ServiceComponentProp.build(ServiceComponentProp.java:345)
	at org.eclipse.equinox.internal.ds.InstanceProcess.buildComponent(InstanceProcess.java:620)
	at org.eclipse.equinox.internal.ds.InstanceProcess.buildComponents(InstanceProcess.java:197)
	at org.eclipse.equinox.internal.ds.Resolver.getEligible(Resolver.java:386)
	at org.eclipse.equinox.internal.ds.SCRManager.serviceChanged(SCRManager.java:222)
	at org.eclipse.osgi.internal.serviceregistry.FilteredServiceListener.serviceChanged(FilteredServiceListener.java:113)
	at org.eclipse.osgi.internal.framework.BundleContextImpl.dispatchEvent(BundleContextImpl.java:985)
	at org.eclipse.osgi.framework.eventmgr.EventManager.dispatchEvent(EventManager.java:234)
	at org.eclipse.osgi.framework.eventmgr.ListenerQueue.dispatchEventSynchronous(ListenerQueue.java:151)
	at org.eclipse.osgi.internal.serviceregistry.ServiceRegistry.publishServiceEventPrivileged(ServiceRegistry.java:866)
	at org.eclipse.osgi.internal.serviceregistry.ServiceRegistry.publishServiceEvent(ServiceRegistry.java:804)
	at org.eclipse.osgi.internal.serviceregistry.ServiceRegistrationImpl.unregister(ServiceRegistrationImpl.java:227)
	at org.eclipse.osgi.internal.serviceregistry.ServiceRegistry.unregisterServices(ServiceRegistry.java:668)
	at org.eclipse.osgi.internal.framework.BundleContextImpl.close(BundleContextImpl.java:133)
	at org.eclipse.osgi.internal.framework.EquinoxBundle.stopWorker0(EquinoxBundle.java:1029)
	at org.eclipse.osgi.internal.framework.EquinoxBundle$EquinoxModule.stopWorker(EquinoxBundle.java:370)
	at org.eclipse.osgi.container.Module.doStop(Module.java:653)
	at org.eclipse.osgi.container.Module.stop(Module.java:515)
	at org.eclipse.osgi.container.ModuleContainer$ContainerStartLevel.decStartLevel(ModuleContainer.java:1861)
	at org.eclipse.osgi.container.ModuleContainer$ContainerStartLevel.doContainerStartLevel(ModuleContainer.java:1753)
	at org.eclipse.osgi.container.SystemModule.stopWorker(SystemModule.java:275)
	at org.eclipse.osgi.internal.framework.EquinoxBundle$SystemBundle$EquinoxSystemModule.stopWorker(EquinoxBundle.java:202)
	at org.eclipse.osgi.container.Module.doStop(Module.java:653)
	at org.eclipse.osgi.container.Module.stop(Module.java:515)
	at org.eclipse.osgi.container.SystemModule.stop(SystemModule.java:207)
	at org.eclipse.osgi.internal.framework.EquinoxBundle$SystemBundle$EquinoxSystemModule$1.run(EquinoxBundle.java:220)
	at java.base/java.lang.Thread.run(Thread.java:840)
Caused by: java.lang.ClassNotFoundException: org.wso2.carbon.utils.security.KeystoreUtils cannot be found by org.wso2.carbon.identity.conditional.auth.functions.choreo_1.2.87
	... 33 more

!ENTRY org.eclipse.equinox.ds 4 0 2026-01-18 15:08:04.832
!MESSAGE [SCR] Exception while activating instance org.wso2.carbon.identity.conditional.auth.functions.choreo.internal.ChoreoFunctionServiceComponent@32cecb2b of component identity.conditional.auth.functions.choreo.component  
!STACK 0
java.lang.reflect.InvocationTargetException
	at jdk.internal.reflect.GeneratedMethodAccessor77.invoke(Unknown Source)
	at java.base/jdk.internal.reflect.DelegatingMethodAccessorImpl.invoke(DelegatingMethodAccessorImpl.java:43)
	at java.base/java.lang.reflect.Method.invoke(Method.java:569)
	at org.eclipse.equinox.internal.ds.model.ServiceComponent.activate(ServiceComponent.java:235)
	at org.eclipse.equinox.internal.ds.model.ServiceComponentProp.activate(ServiceComponentProp.java:146)
	at org.eclipse.equinox.internal.ds.model.ServiceComponentProp.build(ServiceComponentProp.java:345)
	at org.eclipse.equinox.internal.ds.InstanceProcess.buildComponent(InstanceProcess.java:620)
	at org.eclipse.equinox.internal.ds.InstanceProcess.buildComponents(InstanceProcess.java:197)
	at org.eclipse.equinox.internal.ds.Resolver.getEligible(Resolver.java:386)
	at org.eclipse.equinox.internal.ds.SCRManager.serviceChanged(SCRManager.java:222)
	at org.eclipse.osgi.internal.serviceregistry.FilteredServiceListener.serviceChanged(FilteredServiceListener.java:113)
	at org.eclipse.osgi.internal.framework.BundleContextImpl.dispatchEvent(BundleContextImpl.java:985)
	at org.eclipse.osgi.framework.eventmgr.EventManager.dispatchEvent(EventManager.java:234)
	at org.eclipse.osgi.framework.eventmgr.ListenerQueue.dispatchEventSynchronous(ListenerQueue.java:151)
	at org.eclipse.osgi.internal.serviceregistry.ServiceRegistry.publishServiceEventPrivileged(ServiceRegistry.java:866)
	at org.eclipse.osgi.internal.serviceregistry.ServiceRegistry.publishServiceEvent(ServiceRegistry.java:804)
	at org.eclipse.osgi.internal.serviceregistry.ServiceRegistrationImpl.unregister(ServiceRegistrationImpl.java:227)
	at org.eclipse.osgi.internal.serviceregistry.ServiceRegistry.unregisterServices(ServiceRegistry.java:668)
	at org.eclipse.osgi.internal.framework.BundleContextImpl.close(BundleContextImpl.java:133)
	at org.eclipse.osgi.internal.framework.EquinoxBundle.stopWorker0(EquinoxBundle.java:1029)
	at org.eclipse.osgi.internal.framework.EquinoxBundle$EquinoxModule.stopWorker(EquinoxBundle.java:370)
	at org.eclipse.osgi.container.Module.doStop(Module.java:653)
	at org.eclipse.osgi.container.Module.stop(Module.java:515)
	at org.eclipse.osgi.container.ModuleContainer$ContainerStartLevel.decStartLevel(ModuleContainer.java:1861)
	at org.eclipse.osgi.container.ModuleContainer$ContainerStartLevel.doContainerStartLevel(ModuleContainer.java:1753)
	at org.eclipse.osgi.container.SystemModule.stopWorker(SystemModule.java:275)
	at org.eclipse.osgi.internal.framework.EquinoxBundle$SystemBundle$EquinoxSystemModule.stopWorker(EquinoxBundle.java:202)
	at org.eclipse.osgi.container.Module.doStop(Module.java:653)
	at org.eclipse.osgi.container.Module.stop(Module.java:515)
	at org.eclipse.osgi.container.SystemModule.stop(SystemModule.java:207)
	at org.eclipse.osgi.internal.framework.EquinoxBundle$SystemBundle$EquinoxSystemModule$1.run(EquinoxBundle.java:220)
	at java.base/java.lang.Thread.run(Thread.java:840)
Caused by: java.lang.NoClassDefFoundError: org/wso2/carbon/utils/security/KeystoreUtils
	at org.wso2.carbon.identity.conditional.auth.functions.choreo.internal.ChoreoFunctionServiceComponent.activate(ChoreoFunctionServiceComponent.java:92)
	... 32 more
Caused by: java.lang.ClassNotFoundException: org.wso2.carbon.utils.security.KeystoreUtils cannot be found by org.wso2.carbon.identity.conditional.auth.functions.choreo_1.2.87
	... 33 more
Root exception:
java.lang.NoClassDefFoundError: org/wso2/carbon/utils/security/KeystoreUtils
	at org.wso2.carbon.identity.conditional.auth.functions.choreo.internal.ChoreoFunctionServiceComponent.activate(ChoreoFunctionServiceComponent.java:92)
	at jdk.internal.reflect.GeneratedMethodAccessor77.invoke(Unknown Source)
	at java.base/jdk.internal.reflect.DelegatingMethodAccessorImpl.invoke(DelegatingMethodAccessorImpl.java:43)
	at java.base/java.lang.reflect.Method.invoke(Method.java:569)
	at org.eclipse.equinox.internal.ds.model.ServiceComponent.activate(ServiceComponent.java:235)
	at org.eclipse.equinox.internal.ds.model.ServiceComponentProp.activate(ServiceComponentProp.java:146)
	at org.eclipse.equinox.internal.ds.model.ServiceComponentProp.build(ServiceComponentProp.java:345)
	at org.eclipse.equinox.internal.ds.InstanceProcess.buildComponent(InstanceProcess.java:620)
	at org.eclipse.equinox.internal.ds.InstanceProcess.buildComponents(InstanceProcess.java:197)
	at org.eclipse.equinox.internal.ds.Resolver.getEligible(Resolver.java:386)
	at org.eclipse.equinox.internal.ds.SCRManager.serviceChanged(SCRManager.java:222)
	at org.eclipse.osgi.internal.serviceregistry.FilteredServiceListener.serviceChanged(FilteredServiceListener.java:113)
	at org.eclipse.osgi.internal.framework.BundleContextImpl.dispatchEvent(BundleContextImpl.java:985)
	at org.eclipse.osgi.framework.eventmgr.EventManager.dispatchEvent(EventManager.java:234)
	at org.eclipse.osgi.framework.eventmgr.ListenerQueue.dispatchEventSynchronous(ListenerQueue.java:151)
	at org.eclipse.osgi.internal.serviceregistry.ServiceRegistry.publishServiceEventPrivileged(ServiceRegistry.java:866)
	at org.eclipse.osgi.internal.serviceregistry.ServiceRegistry.publishServiceEvent(ServiceRegistry.java:804)
	at org.eclipse.osgi.internal.serviceregistry.ServiceRegistrationImpl.unregister(ServiceRegistrationImpl.java:227)
	at org.eclipse.osgi.internal.serviceregistry.ServiceRegistry.unregisterServices(ServiceRegistry.java:668)
	at org.eclipse.osgi.internal.framework.BundleContextImpl.close(BundleContextImpl.java:133)
	at org.eclipse.osgi.internal.framework.EquinoxBundle.stopWorker0(EquinoxBundle.java:1029)
	at org.eclipse.osgi.internal.framework.EquinoxBundle$EquinoxModule.stopWorker(EquinoxBundle.java:370)
	at org.eclipse.osgi.container.Module.doStop(Module.java:653)
	at org.eclipse.osgi.container.Module.stop(Module.java:515)
	at org.eclipse.osgi.container.ModuleContainer$ContainerStartLevel.decStartLevel(ModuleContainer.java:1861)
	at org.eclipse.osgi.container.ModuleContainer$ContainerStartLevel.doContainerStartLevel(ModuleContainer.java:1753)
	at org.eclipse.osgi.container.SystemModule.stopWorker(SystemModule.java:275)
	at org.eclipse.osgi.internal.framework.EquinoxBundle$SystemBundle$EquinoxSystemModule.stopWorker(EquinoxBundle.java:202)
	at org.eclipse.osgi.container.Module.doStop(Module.java:653)
	at org.eclipse.osgi.container.Module.stop(Module.java:515)
	at org.eclipse.osgi.container.SystemModule.stop(SystemModule.java:207)
	at org.eclipse.osgi.internal.framework.EquinoxBundle$SystemBundle$EquinoxSystemModule$1.run(EquinoxBundle.java:220)
	at java.base/java.lang.Thread.run(Thread.java:840)
Caused by: java.lang.ClassNotFoundException: org.wso2.carbon.utils.security.KeystoreUtils cannot be found by org.wso2.carbon.identity.conditional.auth.functions.choreo_1.2.87
	... 33 more

!ENTRY org.eclipse.equinox.ds 4 0 2026-01-18 15:08:04.845
!MESSAGE [SCR] Exception while activating instance org.wso2.carbon.identity.conditional.auth.functions.choreo.internal.ChoreoFunctionServiceComponent@9736007 of component identity.conditional.auth.functions.choreo.component  
!STACK 0
java.lang.reflect.InvocationTargetException
	at jdk.internal.reflect.GeneratedMethodAccessor77.invoke(Unknown Source)
	at java.base/jdk.internal.reflect.DelegatingMethodAccessorImpl.invoke(DelegatingMethodAccessorImpl.java:43)
	at java.base/java.lang.reflect.Method.invoke(Method.java:569)
	at org.eclipse.equinox.internal.ds.model.ServiceComponent.activate(ServiceComponent.java:235)
	at org.eclipse.equinox.internal.ds.model.ServiceComponentProp.activate(ServiceComponentProp.java:146)
	at org.eclipse.equinox.internal.ds.model.ServiceComponentProp.build(ServiceComponentProp.java:345)
	at org.eclipse.equinox.internal.ds.InstanceProcess.buildComponent(InstanceProcess.java:620)
	at org.eclipse.equinox.internal.ds.InstanceProcess.buildComponents(InstanceProcess.java:197)
	at org.eclipse.equinox.internal.ds.Resolver.getEligible(Resolver.java:386)
	at org.eclipse.equinox.internal.ds.SCRManager.serviceChanged(SCRManager.java:222)
	at org.eclipse.osgi.internal.serviceregistry.FilteredServiceListener.serviceChanged(FilteredServiceListener.java:113)
	at org.eclipse.osgi.internal.framework.BundleContextImpl.dispatchEvent(BundleContextImpl.java:985)
	at org.eclipse.osgi.framework.eventmgr.EventManager.dispatchEvent(EventManager.java:234)
	at org.eclipse.osgi.framework.eventmgr.ListenerQueue.dispatchEventSynchronous(ListenerQueue.java:151)
	at org.eclipse.osgi.internal.serviceregistry.ServiceRegistry.publishServiceEventPrivileged(ServiceRegistry.java:866)
	at org.eclipse.osgi.internal.serviceregistry.ServiceRegistry.publishServiceEvent(ServiceRegistry.java:804)
	at org.eclipse.osgi.internal.serviceregistry.ServiceRegistrationImpl.unregister(ServiceRegistrationImpl.java:227)
	at org.eclipse.osgi.internal.serviceregistry.ServiceRegistry.unregisterServices(ServiceRegistry.java:668)
	at org.eclipse.osgi.internal.framework.BundleContextImpl.close(BundleContextImpl.java:133)
	at org.eclipse.osgi.internal.framework.EquinoxBundle.stopWorker0(EquinoxBundle.java:1029)
	at org.eclipse.osgi.internal.framework.EquinoxBundle$EquinoxModule.stopWorker(EquinoxBundle.java:370)
	at org.eclipse.osgi.container.Module.doStop(Module.java:653)
	at org.eclipse.osgi.container.Module.stop(Module.java:515)
	at org.eclipse.osgi.container.ModuleContainer$ContainerStartLevel.decStartLevel(ModuleContainer.java:1861)
	at org.eclipse.osgi.container.ModuleContainer$ContainerStartLevel.doContainerStartLevel(ModuleContainer.java:1753)
	at org.eclipse.osgi.container.SystemModule.stopWorker(SystemModule.java:275)
	at org.eclipse.osgi.internal.framework.EquinoxBundle$SystemBundle$EquinoxSystemModule.stopWorker(EquinoxBundle.java:202)
	at org.eclipse.osgi.container.Module.doStop(Module.java:653)
	at org.eclipse.osgi.container.Module.stop(Module.java:515)
	at org.eclipse.osgi.container.SystemModule.stop(SystemModule.java:207)
	at org.eclipse.osgi.internal.framework.EquinoxBundle$SystemBundle$EquinoxSystemModule$1.run(EquinoxBundle.java:220)
	at java.base/java.lang.Thread.run(Thread.java:840)
Caused by: java.lang.NoClassDefFoundError: org/wso2/carbon/utils/security/KeystoreUtils
	at org.wso2.carbon.identity.conditional.auth.functions.choreo.internal.ChoreoFunctionServiceComponent.activate(ChoreoFunctionServiceComponent.java:92)
	... 32 more
Caused by: java.lang.ClassNotFoundException: org.wso2.carbon.utils.security.KeystoreUtils cannot be found by org.wso2.carbon.identity.conditional.auth.functions.choreo_1.2.87
	... 33 more
Root exception:
java.lang.NoClassDefFoundError: org/wso2/carbon/utils/security/KeystoreUtils
	at org.wso2.carbon.identity.conditional.auth.functions.choreo.internal.ChoreoFunctionServiceComponent.activate(ChoreoFunctionServiceComponent.java:92)
	at jdk.internal.reflect.GeneratedMethodAccessor77.invoke(Unknown Source)
	at java.base/jdk.internal.reflect.DelegatingMethodAccessorImpl.invoke(DelegatingMethodAccessorImpl.java:43)
	at java.base/java.lang.reflect.Method.invoke(Method.java:569)
	at org.eclipse.equinox.internal.ds.model.ServiceComponent.activate(ServiceComponent.java:235)
	at org.eclipse.equinox.internal.ds.model.ServiceComponentProp.activate(ServiceComponentProp.java:146)
	at org.eclipse.equinox.internal.ds.model.ServiceComponentProp.build(ServiceComponentProp.java:345)
	at org.eclipse.equinox.internal.ds.InstanceProcess.buildComponent(InstanceProcess.java:620)
	at org.eclipse.equinox.internal.ds.InstanceProcess.buildComponents(InstanceProcess.java:197)
	at org.eclipse.equinox.internal.ds.Resolver.getEligible(Resolver.java:386)
	at org.eclipse.equinox.internal.ds.SCRManager.serviceChanged(SCRManager.java:222)
	at org.eclipse.osgi.internal.serviceregistry.FilteredServiceListener.serviceChanged(FilteredServiceListener.java:113)
	at org.eclipse.osgi.internal.framework.BundleContextImpl.dispatchEvent(BundleContextImpl.java:985)
	at org.eclipse.osgi.framework.eventmgr.EventManager.dispatchEvent(EventManager.java:234)
	at org.eclipse.osgi.framework.eventmgr.ListenerQueue.dispatchEventSynchronous(ListenerQueue.java:151)
	at org.eclipse.osgi.internal.serviceregistry.ServiceRegistry.publishServiceEventPrivileged(ServiceRegistry.java:866)
	at org.eclipse.osgi.internal.serviceregistry.ServiceRegistry.publishServiceEvent(ServiceRegistry.java:804)
	at org.eclipse.osgi.internal.serviceregistry.ServiceRegistrationImpl.unregister(ServiceRegistrationImpl.java:227)
	at org.eclipse.osgi.internal.serviceregistry.ServiceRegistry.unregisterServices(ServiceRegistry.java:668)
	at org.eclipse.osgi.internal.framework.BundleContextImpl.close(BundleContextImpl.java:133)
	at org.eclipse.osgi.internal.framework.EquinoxBundle.stopWorker0(EquinoxBundle.java:1029)
	at org.eclipse.osgi.internal.framework.EquinoxBundle$EquinoxModule.stopWorker(EquinoxBundle.java:370)
	at org.eclipse.osgi.container.Module.doStop(Module.java:653)
	at org.eclipse.osgi.container.Module.stop(Module.java:515)
	at org.eclipse.osgi.container.ModuleContainer$ContainerStartLevel.decStartLevel(ModuleContainer.java:1861)
	at org.eclipse.osgi.container.ModuleContainer$ContainerStartLevel.doContainerStartLevel(ModuleContainer.java:1753)
	at org.eclipse.osgi.container.SystemModule.stopWorker(SystemModule.java:275)
	at org.eclipse.osgi.internal.framework.EquinoxBundle$SystemBundle$EquinoxSystemModule.stopWorker(EquinoxBundle.java:202)
	at org.eclipse.osgi.container.Module.doStop(Module.java:653)
	at org.eclipse.osgi.container.Module.stop(Module.java:515)
	at org.eclipse.osgi.container.SystemModule.stop(SystemModule.java:207)
	at org.eclipse.osgi.internal.framework.EquinoxBundle$SystemBundle$EquinoxSystemModule$1.run(EquinoxBundle.java:220)
	at java.base/java.lang.Thread.run(Thread.java:840)
Caused by: java.lang.ClassNotFoundException: org.wso2.carbon.utils.security.KeystoreUtils cannot be found by org.wso2.carbon.identity.conditional.auth.functions.choreo_1.2.87
	... 33 more

!ENTRY org.eclipse.equinox.ds 4 0 2026-01-18 15:08:04.851
!MESSAGE [SCR] Exception while activating instance org.wso2.carbon.identity.conditional.auth.functions.choreo.internal.ChoreoFunctionServiceComponent@398448c6 of component identity.conditional.auth.functions.choreo.component  
!STACK 0
java.lang.reflect.InvocationTargetException
	at jdk.internal.reflect.GeneratedMethodAccessor77.invoke(Unknown Source)
	at java.base/jdk.internal.reflect.DelegatingMethodAccessorImpl.invoke(DelegatingMethodAccessorImpl.java:43)
	at java.base/java.lang.reflect.Method.invoke(Method.java:569)
	at org.eclipse.equinox.internal.ds.model.ServiceComponent.activate(ServiceComponent.java:235)
	at org.eclipse.equinox.internal.ds.model.ServiceComponentProp.activate(ServiceComponentProp.java:146)
	at org.eclipse.equinox.internal.ds.model.ServiceComponentProp.build(ServiceComponentProp.java:345)
	at org.eclipse.equinox.internal.ds.InstanceProcess.buildComponent(InstanceProcess.java:620)
	at org.eclipse.equinox.internal.ds.InstanceProcess.buildComponents(InstanceProcess.java:197)
	at org.eclipse.equinox.internal.ds.Resolver.getEligible(Resolver.java:386)
	at org.eclipse.equinox.internal.ds.SCRManager.serviceChanged(SCRManager.java:222)
	at org.eclipse.osgi.internal.serviceregistry.FilteredServiceListener.serviceChanged(FilteredServiceListener.java:113)
	at org.eclipse.osgi.internal.framework.BundleContextImpl.dispatchEvent(BundleContextImpl.java:985)
	at org.eclipse.osgi.framework.eventmgr.EventManager.dispatchEvent(EventManager.java:234)
	at org.eclipse.osgi.framework.eventmgr.ListenerQueue.dispatchEventSynchronous(ListenerQueue.java:151)
	at org.eclipse.osgi.internal.serviceregistry.ServiceRegistry.publishServiceEventPrivileged(ServiceRegistry.java:866)
	at org.eclipse.osgi.internal.serviceregistry.ServiceRegistry.publishServiceEvent(ServiceRegistry.java:804)
	at org.eclipse.osgi.internal.serviceregistry.ServiceRegistrationImpl.unregister(ServiceRegistrationImpl.java:227)
	at org.eclipse.osgi.internal.serviceregistry.ServiceRegistry.unregisterServices(ServiceRegistry.java:668)
	at org.eclipse.osgi.internal.framework.BundleContextImpl.close(BundleContextImpl.java:133)
	at org.eclipse.osgi.internal.framework.EquinoxBundle.stopWorker0(EquinoxBundle.java:1029)
	at org.eclipse.osgi.internal.framework.EquinoxBundle$EquinoxModule.stopWorker(EquinoxBundle.java:370)
	at org.eclipse.osgi.container.Module.doStop(Module.java:653)
	at org.eclipse.osgi.container.Module.stop(Module.java:515)
	at org.eclipse.osgi.container.ModuleContainer$ContainerStartLevel.decStartLevel(ModuleContainer.java:1861)
	at org.eclipse.osgi.container.ModuleContainer$ContainerStartLevel.doContainerStartLevel(ModuleContainer.java:1753)
	at org.eclipse.osgi.container.SystemModule.stopWorker(SystemModule.java:275)
	at org.eclipse.osgi.internal.framework.EquinoxBundle$SystemBundle$EquinoxSystemModule.stopWorker(EquinoxBundle.java:202)
	at org.eclipse.osgi.container.Module.doStop(Module.java:653)
	at org.eclipse.osgi.container.Module.stop(Module.java:515)
	at org.eclipse.osgi.container.SystemModule.stop(SystemModule.java:207)
	at org.eclipse.osgi.internal.framework.EquinoxBundle$SystemBundle$EquinoxSystemModule$1.run(EquinoxBundle.java:220)
	at java.base/java.lang.Thread.run(Thread.java:840)
Caused by: java.lang.NoClassDefFoundError: org/wso2/carbon/utils/security/KeystoreUtils
	at org.wso2.carbon.identity.conditional.auth.functions.choreo.internal.ChoreoFunctionServiceComponent.activate(ChoreoFunctionServiceComponent.java:92)
	... 32 more
Caused by: java.lang.ClassNotFoundException: org.wso2.carbon.utils.security.KeystoreUtils cannot be found by org.wso2.carbon.identity.conditional.auth.functions.choreo_1.2.87
	... 33 more
Root exception:
java.lang.NoClassDefFoundError: org/wso2/carbon/utils/security/KeystoreUtils
	at org.wso2.carbon.identity.conditional.auth.functions.choreo.internal.ChoreoFunctionServiceComponent.activate(ChoreoFunctionServiceComponent.java:92)
	at jdk.internal.reflect.GeneratedMethodAccessor77.invoke(Unknown Source)
	at java.base/jdk.internal.reflect.DelegatingMethodAccessorImpl.invoke(DelegatingMethodAccessorImpl.java:43)
	at java.base/java.lang.reflect.Method.invoke(Method.java:569)
	at org.eclipse.equinox.internal.ds.model.ServiceComponent.activate(ServiceComponent.java:235)
	at org.eclipse.equinox.internal.ds.model.ServiceComponentProp.activate(ServiceComponentProp.java:146)
	at org.eclipse.equinox.internal.ds.model.ServiceComponentProp.build(ServiceComponentProp.java:345)
	at org.eclipse.equinox.internal.ds.InstanceProcess.buildComponent(InstanceProcess.java:620)
	at org.eclipse.equinox.internal.ds.InstanceProcess.buildComponents(InstanceProcess.java:197)
	at org.eclipse.equinox.internal.ds.Resolver.getEligible(Resolver.java:386)
	at org.eclipse.equinox.internal.ds.SCRManager.serviceChanged(SCRManager.java:222)
	at org.eclipse.osgi.internal.serviceregistry.FilteredServiceListener.serviceChanged(FilteredServiceListener.java:113)
	at org.eclipse.osgi.internal.framework.BundleContextImpl.dispatchEvent(BundleContextImpl.java:985)
	at org.eclipse.osgi.framework.eventmgr.EventManager.dispatchEvent(EventManager.java:234)
	at org.eclipse.osgi.framework.eventmgr.ListenerQueue.dispatchEventSynchronous(ListenerQueue.java:151)
	at org.eclipse.osgi.internal.serviceregistry.ServiceRegistry.publishServiceEventPrivileged(ServiceRegistry.java:866)
	at org.eclipse.osgi.internal.serviceregistry.ServiceRegistry.publishServiceEvent(ServiceRegistry.java:804)
	at org.eclipse.osgi.internal.serviceregistry.ServiceRegistrationImpl.unregister(ServiceRegistrationImpl.java:227)
	at org.eclipse.osgi.internal.serviceregistry.ServiceRegistry.unregisterServices(ServiceRegistry.java:668)
	at org.eclipse.osgi.internal.framework.BundleContextImpl.close(BundleContextImpl.java:133)
	at org.eclipse.osgi.internal.framework.EquinoxBundle.stopWorker0(EquinoxBundle.java:1029)
	at org.eclipse.osgi.internal.framework.EquinoxBundle$EquinoxModule.stopWorker(EquinoxBundle.java:370)
	at org.eclipse.osgi.container.Module.doStop(Module.java:653)
	at org.eclipse.osgi.container.Module.stop(Module.java:515)
	at org.eclipse.osgi.container.ModuleContainer$ContainerStartLevel.decStartLevel(ModuleContainer.java:1861)
	at org.eclipse.osgi.container.ModuleContainer$ContainerStartLevel.doContainerStartLevel(ModuleContainer.java:1753)
	at org.eclipse.osgi.container.SystemModule.stopWorker(SystemModule.java:275)
	at org.eclipse.osgi.internal.framework.EquinoxBundle$SystemBundle$EquinoxSystemModule.stopWorker(EquinoxBundle.java:202)
	at org.eclipse.osgi.container.Module.doStop(Module.java:653)
	at org.eclipse.osgi.container.Module.stop(Module.java:515)
	at org.eclipse.osgi.container.SystemModule.stop(SystemModule.java:207)
	at org.eclipse.osgi.internal.framework.EquinoxBundle$SystemBundle$EquinoxSystemModule$1.run(EquinoxBundle.java:220)
	at java.base/java.lang.Thread.run(Thread.java:840)
Caused by: java.lang.ClassNotFoundException: org.wso2.carbon.utils.security.KeystoreUtils cannot be found by org.wso2.carbon.identity.conditional.auth.functions.choreo_1.2.87
	... 33 more

!ENTRY org.eclipse.equinox.ds 4 0 2026-01-18 15:08:04.855
!MESSAGE [SCR] Exception while activating instance org.wso2.carbon.identity.conditional.auth.functions.choreo.internal.ChoreoFunctionServiceComponent@70d7ef31 of component identity.conditional.auth.functions.choreo.component  
!STACK 0
java.lang.reflect.InvocationTargetException
	at jdk.internal.reflect.GeneratedMethodAccessor77.invoke(Unknown Source)
	at java.base/jdk.internal.reflect.DelegatingMethodAccessorImpl.invoke(DelegatingMethodAccessorImpl.java:43)
	at java.base/java.lang.reflect.Method.invoke(Method.java:569)
	at org.eclipse.equinox.internal.ds.model.ServiceComponent.activate(ServiceComponent.java:235)
	at org.eclipse.equinox.internal.ds.model.ServiceComponentProp.activate(ServiceComponentProp.java:146)
	at org.eclipse.equinox.internal.ds.model.ServiceComponentProp.build(ServiceComponentProp.java:345)
	at org.eclipse.equinox.internal.ds.InstanceProcess.buildComponent(InstanceProcess.java:620)
	at org.eclipse.equinox.internal.ds.InstanceProcess.buildComponents(InstanceProcess.java:197)
	at org.eclipse.equinox.internal.ds.Resolver.getEligible(Resolver.java:386)
	at org.eclipse.equinox.internal.ds.SCRManager.serviceChanged(SCRManager.java:222)
	at org.eclipse.osgi.internal.serviceregistry.FilteredServiceListener.serviceChanged(FilteredServiceListener.java:113)
	at org.eclipse.osgi.internal.framework.BundleContextImpl.dispatchEvent(BundleContextImpl.java:985)
	at org.eclipse.osgi.framework.eventmgr.EventManager.dispatchEvent(EventManager.java:234)
	at org.eclipse.osgi.framework.eventmgr.ListenerQueue.dispatchEventSynchronous(ListenerQueue.java:151)
	at org.eclipse.osgi.internal.serviceregistry.ServiceRegistry.publishServiceEventPrivileged(ServiceRegistry.java:866)
	at org.eclipse.osgi.internal.serviceregistry.ServiceRegistry.publishServiceEvent(ServiceRegistry.java:804)
	at org.eclipse.osgi.internal.serviceregistry.ServiceRegistrationImpl.unregister(ServiceRegistrationImpl.java:227)
	at org.eclipse.osgi.internal.serviceregistry.ServiceRegistry.unregisterServices(ServiceRegistry.java:668)
	at org.eclipse.osgi.internal.framework.BundleContextImpl.close(BundleContextImpl.java:133)
	at org.eclipse.osgi.internal.framework.EquinoxBundle.stopWorker0(EquinoxBundle.java:1029)
	at org.eclipse.osgi.internal.framework.EquinoxBundle$EquinoxModule.stopWorker(EquinoxBundle.java:370)
	at org.eclipse.osgi.container.Module.doStop(Module.java:653)
	at org.eclipse.osgi.container.Module.stop(Module.java:515)
	at org.eclipse.osgi.container.ModuleContainer$ContainerStartLevel.decStartLevel(ModuleContainer.java:1861)
	at org.eclipse.osgi.container.ModuleContainer$ContainerStartLevel.doContainerStartLevel(ModuleContainer.java:1753)
	at org.eclipse.osgi.container.SystemModule.stopWorker(SystemModule.java:275)
	at org.eclipse.osgi.internal.framework.EquinoxBundle$SystemBundle$EquinoxSystemModule.stopWorker(EquinoxBundle.java:202)
	at org.eclipse.osgi.container.Module.doStop(Module.java:653)
	at org.eclipse.osgi.container.Module.stop(Module.java:515)
	at org.eclipse.osgi.container.SystemModule.stop(SystemModule.java:207)
	at org.eclipse.osgi.internal.framework.EquinoxBundle$SystemBundle$EquinoxSystemModule$1.run(EquinoxBundle.java:220)
	at java.base/java.lang.Thread.run(Thread.java:840)
Caused by: java.lang.NoClassDefFoundError: org/wso2/carbon/utils/security/KeystoreUtils
	at org.wso2.carbon.identity.conditional.auth.functions.choreo.internal.ChoreoFunctionServiceComponent.activate(ChoreoFunctionServiceComponent.java:92)
	... 32 more
Caused by: java.lang.ClassNotFoundException: org.wso2.carbon.utils.security.KeystoreUtils cannot be found by org.wso2.carbon.identity.conditional.auth.functions.choreo_1.2.87
	... 33 more
Root exception:
java.lang.NoClassDefFoundError: org/wso2/carbon/utils/security/KeystoreUtils
	at org.wso2.carbon.identity.conditional.auth.functions.choreo.internal.ChoreoFunctionServiceComponent.activate(ChoreoFunctionServiceComponent.java:92)
	at jdk.internal.reflect.GeneratedMethodAccessor77.invoke(Unknown Source)
	at java.base/jdk.internal.reflect.DelegatingMethodAccessorImpl.invoke(DelegatingMethodAccessorImpl.java:43)
	at java.base/java.lang.reflect.Method.invoke(Method.java:569)
	at org.eclipse.equinox.internal.ds.model.ServiceComponent.activate(ServiceComponent.java:235)
	at org.eclipse.equinox.internal.ds.model.ServiceComponentProp.activate(ServiceComponentProp.java:146)
	at org.eclipse.equinox.internal.ds.model.ServiceComponentProp.build(ServiceComponentProp.java:345)
	at org.eclipse.equinox.internal.ds.InstanceProcess.buildComponent(InstanceProcess.java:620)
	at org.eclipse.equinox.internal.ds.InstanceProcess.buildComponents(InstanceProcess.java:197)
	at org.eclipse.equinox.internal.ds.Resolver.getEligible(Resolver.java:386)
	at org.eclipse.equinox.internal.ds.SCRManager.serviceChanged(SCRManager.java:222)
	at org.eclipse.osgi.internal.serviceregistry.FilteredServiceListener.serviceChanged(FilteredServiceListener.java:113)
	at org.eclipse.osgi.internal.framework.BundleContextImpl.dispatchEvent(BundleContextImpl.java:985)
	at org.eclipse.osgi.framework.eventmgr.EventManager.dispatchEvent(EventManager.java:234)
	at org.eclipse.osgi.framework.eventmgr.ListenerQueue.dispatchEventSynchronous(ListenerQueue.java:151)
	at org.eclipse.osgi.internal.serviceregistry.ServiceRegistry.publishServiceEventPrivileged(ServiceRegistry.java:866)
	at org.eclipse.osgi.internal.serviceregistry.ServiceRegistry.publishServiceEvent(ServiceRegistry.java:804)
	at org.eclipse.osgi.internal.serviceregistry.ServiceRegistrationImpl.unregister(ServiceRegistrationImpl.java:227)
	at org.eclipse.osgi.internal.serviceregistry.ServiceRegistry.unregisterServices(ServiceRegistry.java:668)
	at org.eclipse.osgi.internal.framework.BundleContextImpl.close(BundleContextImpl.java:133)
	at org.eclipse.osgi.internal.framework.EquinoxBundle.stopWorker0(EquinoxBundle.java:1029)
	at org.eclipse.osgi.internal.framework.EquinoxBundle$EquinoxModule.stopWorker(EquinoxBundle.java:370)
	at org.eclipse.osgi.container.Module.doStop(Module.java:653)
	at org.eclipse.osgi.container.Module.stop(Module.java:515)
	at org.eclipse.osgi.container.ModuleContainer$ContainerStartLevel.decStartLevel(ModuleContainer.java:1861)
	at org.eclipse.osgi.container.ModuleContainer$ContainerStartLevel.doContainerStartLevel(ModuleContainer.java:1753)
	at org.eclipse.osgi.container.SystemModule.stopWorker(SystemModule.java:275)
	at org.eclipse.osgi.internal.framework.EquinoxBundle$SystemBundle$EquinoxSystemModule.stopWorker(EquinoxBundle.java:202)
	at org.eclipse.osgi.container.Module.doStop(Module.java:653)
	at org.eclipse.osgi.container.Module.stop(Module.java:515)
	at org.eclipse.osgi.container.SystemModule.stop(SystemModule.java:207)
	at org.eclipse.osgi.internal.framework.EquinoxBundle$SystemBundle$EquinoxSystemModule$1.run(EquinoxBundle.java:220)
	at java.base/java.lang.Thread.run(Thread.java:840)
Caused by: java.lang.ClassNotFoundException: org.wso2.carbon.utils.security.KeystoreUtils cannot be found by org.wso2.carbon.identity.conditional.auth.functions.choreo_1.2.87
	... 33 more
