!SESSION 2026-01-15 10:46:52.970 -----------------------------------------------
eclipse.buildId=unknown
java.version=17.0.17
java.vendor=Eclipse Adoptium
BootLoader constants: OS=macosx, ARCH=aarch64, WS=cocoa, NL=en_GB

This is a continuation of log file /Users/udeepa/Desktop/VC/IS-Packs/v1/wso2is-7.2-2.1-SNAPSHOT/repository/components/default/configuration/1768391230484.bak_1.log
Created Time: 2026-01-15 10:46:52.970

!ENTRY org.eclipse.equinox.ds 4 0 2026-01-15 10:46:52.971
!MESSAGE [SCR] Exception while activating instance org.wso2.carbon.identity.conditional.auth.functions.choreo.internal.ChoreoFunctionServiceComponent@293bc7de of component identity.conditional.auth.functions.choreo.component  
!STACK 0
java.lang.reflect.InvocationTargetException
	at jdk.internal.reflect.GeneratedMethodAccessor77.invoke(Unknown Source)
	at java.base/jdk.internal.reflect.DelegatingMethodAccessorImpl.invoke(DelegatingMethodAccessorImpl.java:43)
	at java.base/java.lang.reflect.Method.invoke(Method.java:569)
	at org.eclipse.equinox.internal.ds.model.ServiceComponent.activate(ServiceComponent.java:235)
	at org.eclipse.equinox.internal.ds.model.ServiceComponentProp.activate(ServiceComponentProp.java:146)
	at org.eclipse.equinox.internal.ds.model.ServiceComponentProp.build(ServiceComponentProp.java:345)
	at org.eclipse.equinox.internal.ds.InstanceProcess.buildComponent(InstanceProcess.java:620)
	at org.eclipse.equinox.internal.ds.InstanceProcess.buildComponents(InstanceProcess.java:197)
	at org.eclipse.equinox.internal.ds.Resolver.getEligible(Resolver.java:386)
	at org.eclipse.equinox.internal.ds.SCRManager.serviceChanged(SCRManager.java:222)
	at org.eclipse.osgi.internal.serviceregistry.FilteredServiceListener.serviceChanged(FilteredServiceListener.java:113)
	at org.eclipse.osgi.internal.framework.BundleContextImpl.dispatchEvent(BundleContextImpl.java:985)
	at org.eclipse.osgi.framework.eventmgr.EventManager.dispatchEvent(EventManager.java:234)
	at org.eclipse.osgi.framework.eventmgr.ListenerQueue.dispatchEventSynchronous(ListenerQueue.java:151)
	at org.eclipse.osgi.internal.serviceregistry.ServiceRegistry.publishServiceEventPrivileged(ServiceRegistry.java:866)
	at org.eclipse.osgi.internal.serviceregistry.ServiceRegistry.publishServiceEvent(ServiceRegistry.java:804)
	at org.eclipse.osgi.internal.serviceregistry.ServiceRegistrationImpl.unregister(ServiceRegistrationImpl.java:227)
	at org.eclipse.osgi.internal.serviceregistry.ServiceRegistry.unregisterServices(ServiceRegistry.java:668)
	at org.eclipse.osgi.internal.framework.BundleContextImpl.close(BundleContextImpl.java:133)
	at org.eclipse.osgi.internal.framework.EquinoxBundle.stopWorker0(EquinoxBundle.java:1029)
	at org.eclipse.osgi.internal.framework.EquinoxBundle$EquinoxModule.stopWorker(EquinoxBundle.java:370)
	at org.eclipse.osgi.container.Module.doStop(Module.java:653)
	at org.eclipse.osgi.container.Module.stop(Module.java:515)
	at org.eclipse.osgi.container.ModuleContainer$ContainerStartLevel.decStartLevel(ModuleContainer.java:1861)
	at org.eclipse.osgi.container.ModuleContainer$ContainerStartLevel.doContainerStartLevel(ModuleContainer.java:1753)
	at org.eclipse.osgi.container.SystemModule.stopWorker(SystemModule.java:275)
	at org.eclipse.osgi.internal.framework.EquinoxBundle$SystemBundle$EquinoxSystemModule.stopWorker(EquinoxBundle.java:202)
	at org.eclipse.osgi.container.Module.doStop(Module.java:653)
	at org.eclipse.osgi.container.Module.stop(Module.java:515)
	at org.eclipse.osgi.container.SystemModule.stop(SystemModule.java:207)
	at org.eclipse.osgi.internal.framework.EquinoxBundle$SystemBundle$EquinoxSystemModule$1.run(EquinoxBundle.java:220)
	at java.base/java.lang.Thread.run(Thread.java:840)
Caused by: java.lang.NoClassDefFoundError: org/wso2/carbon/utils/security/KeystoreUtils
	at org.wso2.carbon.identity.conditional.auth.functions.choreo.internal.ChoreoFunctionServiceComponent.activate(ChoreoFunctionServiceComponent.java:92)
	... 32 more
Caused by: java.lang.ClassNotFoundException: org.wso2.carbon.utils.security.KeystoreUtils cannot be found by org.wso2.carbon.identity.conditional.auth.functions.choreo_1.2.87
	... 33 more
Root exception:
java.lang.NoClassDefFoundError: org/wso2/carbon/utils/security/KeystoreUtils
	at org.wso2.carbon.identity.conditional.auth.functions.choreo.internal.ChoreoFunctionServiceComponent.activate(ChoreoFunctionServiceComponent.java:92)
	at jdk.internal.reflect.GeneratedMethodAccessor77.invoke(Unknown Source)
	at java.base/jdk.internal.reflect.DelegatingMethodAccessorImpl.invoke(DelegatingMethodAccessorImpl.java:43)
	at java.base/java.lang.reflect.Method.invoke(Method.java:569)
	at org.eclipse.equinox.internal.ds.model.ServiceComponent.activate(ServiceComponent.java:235)
	at org.eclipse.equinox.internal.ds.model.ServiceComponentProp.activate(ServiceComponentProp.java:146)
	at org.eclipse.equinox.internal.ds.model.ServiceComponentProp.build(ServiceComponentProp.java:345)
	at org.eclipse.equinox.internal.ds.InstanceProcess.buildComponent(InstanceProcess.java:620)
	at org.eclipse.equinox.internal.ds.InstanceProcess.buildComponents(InstanceProcess.java:197)
	at org.eclipse.equinox.internal.ds.Resolver.getEligible(Resolver.java:386)
	at org.eclipse.equinox.internal.ds.SCRManager.serviceChanged(SCRManager.java:222)
	at org.eclipse.osgi.internal.serviceregistry.FilteredServiceListener.serviceChanged(FilteredServiceListener.java:113)
	at org.eclipse.osgi.internal.framework.BundleContextImpl.dispatchEvent(BundleContextImpl.java:985)
	at org.eclipse.osgi.framework.eventmgr.EventManager.dispatchEvent(EventManager.java:234)
	at org.eclipse.osgi.framework.eventmgr.ListenerQueue.dispatchEventSynchronous(ListenerQueue.java:151)
	at org.eclipse.osgi.internal.serviceregistry.ServiceRegistry.publishServiceEventPrivileged(ServiceRegistry.java:866)
	at org.eclipse.osgi.internal.serviceregistry.ServiceRegistry.publishServiceEvent(ServiceRegistry.java:804)
	at org.eclipse.osgi.internal.serviceregistry.ServiceRegistrationImpl.unregister(ServiceRegistrationImpl.java:227)
	at org.eclipse.osgi.internal.serviceregistry.ServiceRegistry.unregisterServices(ServiceRegistry.java:668)
	at org.eclipse.osgi.internal.framework.BundleContextImpl.close(BundleContextImpl.java:133)
	at org.eclipse.osgi.internal.framework.EquinoxBundle.stopWorker0(EquinoxBundle.java:1029)
	at org.eclipse.osgi.internal.framework.EquinoxBundle$EquinoxModule.stopWorker(EquinoxBundle.java:370)
	at org.eclipse.osgi.container.Module.doStop(Module.java:653)
	at org.eclipse.osgi.container.Module.stop(Module.java:515)
	at org.eclipse.osgi.container.ModuleContainer$ContainerStartLevel.decStartLevel(ModuleContainer.java:1861)
	at org.eclipse.osgi.container.ModuleContainer$ContainerStartLevel.doContainerStartLevel(ModuleContainer.java:1753)
	at org.eclipse.osgi.container.SystemModule.stopWorker(SystemModule.java:275)
	at org.eclipse.osgi.internal.framework.EquinoxBundle$SystemBundle$EquinoxSystemModule.stopWorker(EquinoxBundle.java:202)
	at org.eclipse.osgi.container.Module.doStop(Module.java:653)
	at org.eclipse.osgi.container.Module.stop(Module.java:515)
	at org.eclipse.osgi.container.SystemModule.stop(SystemModule.java:207)
	at org.eclipse.osgi.internal.framework.EquinoxBundle$SystemBundle$EquinoxSystemModule$1.run(EquinoxBundle.java:220)
	at java.base/java.lang.Thread.run(Thread.java:840)
Caused by: java.lang.ClassNotFoundException: org.wso2.carbon.utils.security.KeystoreUtils cannot be found by org.wso2.carbon.identity.conditional.auth.functions.choreo_1.2.87
	... 33 more

!ENTRY org.eclipse.equinox.ds 4 0 2026-01-15 10:46:52.978
!MESSAGE [SCR] Exception while activating instance org.wso2.carbon.identity.conditional.auth.functions.choreo.internal.ChoreoFunctionServiceComponent@4e026626 of component identity.conditional.auth.functions.choreo.component  
!STACK 0
java.lang.reflect.InvocationTargetException
	at jdk.internal.reflect.GeneratedMethodAccessor77.invoke(Unknown Source)
	at java.base/jdk.internal.reflect.DelegatingMethodAccessorImpl.invoke(DelegatingMethodAccessorImpl.java:43)
	at java.base/java.lang.reflect.Method.invoke(Method.java:569)
	at org.eclipse.equinox.internal.ds.model.ServiceComponent.activate(ServiceComponent.java:235)
	at org.eclipse.equinox.internal.ds.model.ServiceComponentProp.activate(ServiceComponentProp.java:146)
	at org.eclipse.equinox.internal.ds.model.ServiceComponentProp.build(ServiceComponentProp.java:345)
	at org.eclipse.equinox.internal.ds.InstanceProcess.buildComponent(InstanceProcess.java:620)
	at org.eclipse.equinox.internal.ds.InstanceProcess.buildComponents(InstanceProcess.java:197)
	at org.eclipse.equinox.internal.ds.Resolver.getEligible(Resolver.java:386)
	at org.eclipse.equinox.internal.ds.SCRManager.serviceChanged(SCRManager.java:222)
	at org.eclipse.osgi.internal.serviceregistry.FilteredServiceListener.serviceChanged(FilteredServiceListener.java:113)
	at org.eclipse.osgi.internal.framework.BundleContextImpl.dispatchEvent(BundleContextImpl.java:985)
	at org.eclipse.osgi.framework.eventmgr.EventManager.dispatchEvent(EventManager.java:234)
	at org.eclipse.osgi.framework.eventmgr.ListenerQueue.dispatchEventSynchronous(ListenerQueue.java:151)
	at org.eclipse.osgi.internal.serviceregistry.ServiceRegistry.publishServiceEventPrivileged(ServiceRegistry.java:866)
	at org.eclipse.osgi.internal.serviceregistry.ServiceRegistry.publishServiceEvent(ServiceRegistry.java:804)
	at org.eclipse.osgi.internal.serviceregistry.ServiceRegistrationImpl.unregister(ServiceRegistrationImpl.java:227)
	at org.eclipse.osgi.internal.serviceregistry.ServiceRegistry.unregisterServices(ServiceRegistry.java:668)
	at org.eclipse.osgi.internal.framework.BundleContextImpl.close(BundleContextImpl.java:133)
	at org.eclipse.osgi.internal.framework.EquinoxBundle.stopWorker0(EquinoxBundle.java:1029)
	at org.eclipse.osgi.internal.framework.EquinoxBundle$EquinoxModule.stopWorker(EquinoxBundle.java:370)
	at org.eclipse.osgi.container.Module.doStop(Module.java:653)
	at org.eclipse.osgi.container.Module.stop(Module.java:515)
	at org.eclipse.osgi.container.ModuleContainer$ContainerStartLevel.decStartLevel(ModuleContainer.java:1861)
	at org.eclipse.osgi.container.ModuleContainer$ContainerStartLevel.doContainerStartLevel(ModuleContainer.java:1753)
	at org.eclipse.osgi.container.SystemModule.stopWorker(SystemModule.java:275)
	at org.eclipse.osgi.internal.framework.EquinoxBundle$SystemBundle$EquinoxSystemModule.stopWorker(EquinoxBundle.java:202)
	at org.eclipse.osgi.container.Module.doStop(Module.java:653)
	at org.eclipse.osgi.container.Module.stop(Module.java:515)
	at org.eclipse.osgi.container.SystemModule.stop(SystemModule.java:207)
	at org.eclipse.osgi.internal.framework.EquinoxBundle$SystemBundle$EquinoxSystemModule$1.run(EquinoxBundle.java:220)
	at java.base/java.lang.Thread.run(Thread.java:840)
Caused by: java.lang.NoClassDefFoundError: org/wso2/carbon/utils/security/KeystoreUtils
	at org.wso2.carbon.identity.conditional.auth.functions.choreo.internal.ChoreoFunctionServiceComponent.activate(ChoreoFunctionServiceComponent.java:92)
	... 32 more
Caused by: java.lang.ClassNotFoundException: org.wso2.carbon.utils.security.KeystoreUtils cannot be found by org.wso2.carbon.identity.conditional.auth.functions.choreo_1.2.87
	... 33 more
Root exception:
java.lang.NoClassDefFoundError: org/wso2/carbon/utils/security/KeystoreUtils
	at org.wso2.carbon.identity.conditional.auth.functions.choreo.internal.ChoreoFunctionServiceComponent.activate(ChoreoFunctionServiceComponent.java:92)
	at jdk.internal.reflect.GeneratedMethodAccessor77.invoke(Unknown Source)
	at java.base/jdk.internal.reflect.DelegatingMethodAccessorImpl.invoke(DelegatingMethodAccessorImpl.java:43)
	at java.base/java.lang.reflect.Method.invoke(Method.java:569)
	at org.eclipse.equinox.internal.ds.model.ServiceComponent.activate(ServiceComponent.java:235)
	at org.eclipse.equinox.internal.ds.model.ServiceComponentProp.activate(ServiceComponentProp.java:146)
	at org.eclipse.equinox.internal.ds.model.ServiceComponentProp.build(ServiceComponentProp.java:345)
	at org.eclipse.equinox.internal.ds.InstanceProcess.buildComponent(InstanceProcess.java:620)
	at org.eclipse.equinox.internal.ds.InstanceProcess.buildComponents(InstanceProcess.java:197)
	at org.eclipse.equinox.internal.ds.Resolver.getEligible(Resolver.java:386)
	at org.eclipse.equinox.internal.ds.SCRManager.serviceChanged(SCRManager.java:222)
	at org.eclipse.osgi.internal.serviceregistry.FilteredServiceListener.serviceChanged(FilteredServiceListener.java:113)
	at org.eclipse.osgi.internal.framework.BundleContextImpl.dispatchEvent(BundleContextImpl.java:985)
	at org.eclipse.osgi.framework.eventmgr.EventManager.dispatchEvent(EventManager.java:234)
	at org.eclipse.osgi.framework.eventmgr.ListenerQueue.dispatchEventSynchronous(ListenerQueue.java:151)
	at org.eclipse.osgi.internal.serviceregistry.ServiceRegistry.publishServiceEventPrivileged(ServiceRegistry.java:866)
	at org.eclipse.osgi.internal.serviceregistry.ServiceRegistry.publishServiceEvent(ServiceRegistry.java:804)
	at org.eclipse.osgi.internal.serviceregistry.ServiceRegistrationImpl.unregister(ServiceRegistrationImpl.java:227)
	at org.eclipse.osgi.internal.serviceregistry.ServiceRegistry.unregisterServices(ServiceRegistry.java:668)
	at org.eclipse.osgi.internal.framework.BundleContextImpl.close(BundleContextImpl.java:133)
	at org.eclipse.osgi.internal.framework.EquinoxBundle.stopWorker0(EquinoxBundle.java:1029)
	at org.eclipse.osgi.internal.framework.EquinoxBundle$EquinoxModule.stopWorker(EquinoxBundle.java:370)
	at org.eclipse.osgi.container.Module.doStop(Module.java:653)
	at org.eclipse.osgi.container.Module.stop(Module.java:515)
	at org.eclipse.osgi.container.ModuleContainer$ContainerStartLevel.decStartLevel(ModuleContainer.java:1861)
	at org.eclipse.osgi.container.ModuleContainer$ContainerStartLevel.doContainerStartLevel(ModuleContainer.java:1753)
	at org.eclipse.osgi.container.SystemModule.stopWorker(SystemModule.java:275)
	at org.eclipse.osgi.internal.framework.EquinoxBundle$SystemBundle$EquinoxSystemModule.stopWorker(EquinoxBundle.java:202)
	at org.eclipse.osgi.container.Module.doStop(Module.java:653)
	at org.eclipse.osgi.container.Module.stop(Module.java:515)
	at org.eclipse.osgi.container.SystemModule.stop(SystemModule.java:207)
	at org.eclipse.osgi.internal.framework.EquinoxBundle$SystemBundle$EquinoxSystemModule$1.run(EquinoxBundle.java:220)
	at java.base/java.lang.Thread.run(Thread.java:840)
Caused by: java.lang.ClassNotFoundException: org.wso2.carbon.utils.security.KeystoreUtils cannot be found by org.wso2.carbon.identity.conditional.auth.functions.choreo_1.2.87
	... 33 more

!ENTRY org.eclipse.equinox.ds 4 0 2026-01-15 10:46:52.984
!MESSAGE [SCR] Exception while activating instance org.wso2.carbon.identity.conditional.auth.functions.choreo.internal.ChoreoFunctionServiceComponent@48097b59 of component identity.conditional.auth.functions.choreo.component  
!STACK 0
java.lang.reflect.InvocationTargetException
	at jdk.internal.reflect.GeneratedMethodAccessor77.invoke(Unknown Source)
	at java.base/jdk.internal.reflect.DelegatingMethodAccessorImpl.invoke(DelegatingMethodAccessorImpl.java:43)
	at java.base/java.lang.reflect.Method.invoke(Method.java:569)
	at org.eclipse.equinox.internal.ds.model.ServiceComponent.activate(ServiceComponent.java:235)
	at org.eclipse.equinox.internal.ds.model.ServiceComponentProp.activate(ServiceComponentProp.java:146)
	at org.eclipse.equinox.internal.ds.model.ServiceComponentProp.build(ServiceComponentProp.java:345)
	at org.eclipse.equinox.internal.ds.InstanceProcess.buildComponent(InstanceProcess.java:620)
	at org.eclipse.equinox.internal.ds.InstanceProcess.buildComponents(InstanceProcess.java:197)
	at org.eclipse.equinox.internal.ds.Resolver.getEligible(Resolver.java:386)
	at org.eclipse.equinox.internal.ds.SCRManager.serviceChanged(SCRManager.java:222)
	at org.eclipse.osgi.internal.serviceregistry.FilteredServiceListener.serviceChanged(FilteredServiceListener.java:113)
	at org.eclipse.osgi.internal.framework.BundleContextImpl.dispatchEvent(BundleContextImpl.java:985)
	at org.eclipse.osgi.framework.eventmgr.EventManager.dispatchEvent(EventManager.java:234)
	at org.eclipse.osgi.framework.eventmgr.ListenerQueue.dispatchEventSynchronous(ListenerQueue.java:151)
	at org.eclipse.osgi.internal.serviceregistry.ServiceRegistry.publishServiceEventPrivileged(ServiceRegistry.java:866)
	at org.eclipse.osgi.internal.serviceregistry.ServiceRegistry.publishServiceEvent(ServiceRegistry.java:804)
	at org.eclipse.osgi.internal.serviceregistry.ServiceRegistrationImpl.unregister(ServiceRegistrationImpl.java:227)
	at org.eclipse.osgi.internal.serviceregistry.ServiceRegistry.unregisterServices(ServiceRegistry.java:668)
	at org.eclipse.osgi.internal.framework.BundleContextImpl.close(BundleContextImpl.java:133)
	at org.eclipse.osgi.internal.framework.EquinoxBundle.stopWorker0(EquinoxBundle.java:1029)
	at org.eclipse.osgi.internal.framework.EquinoxBundle$EquinoxModule.stopWorker(EquinoxBundle.java:370)
	at org.eclipse.osgi.container.Module.doStop(Module.java:653)
	at org.eclipse.osgi.container.Module.stop(Module.java:515)
	at org.eclipse.osgi.container.ModuleContainer$ContainerStartLevel.decStartLevel(ModuleContainer.java:1861)
	at org.eclipse.osgi.container.ModuleContainer$ContainerStartLevel.doContainerStartLevel(ModuleContainer.java:1753)
	at org.eclipse.osgi.container.SystemModule.stopWorker(SystemModule.java:275)
	at org.eclipse.osgi.internal.framework.EquinoxBundle$SystemBundle$EquinoxSystemModule.stopWorker(EquinoxBundle.java:202)
	at org.eclipse.osgi.container.Module.doStop(Module.java:653)
	at org.eclipse.osgi.container.Module.stop(Module.java:515)
	at org.eclipse.osgi.container.SystemModule.stop(SystemModule.java:207)
	at org.eclipse.osgi.internal.framework.EquinoxBundle$SystemBundle$EquinoxSystemModule$1.run(EquinoxBundle.java:220)
	at java.base/java.lang.Thread.run(Thread.java:840)
Caused by: java.lang.NoClassDefFoundError: org/wso2/carbon/utils/security/KeystoreUtils
	at org.wso2.carbon.identity.conditional.auth.functions.choreo.internal.ChoreoFunctionServiceComponent.activate(ChoreoFunctionServiceComponent.java:92)
	... 32 more
Caused by: java.lang.ClassNotFoundException: org.wso2.carbon.utils.security.KeystoreUtils cannot be found by org.wso2.carbon.identity.conditional.auth.functions.choreo_1.2.87
	... 33 more
Root exception:
java.lang.NoClassDefFoundError: org/wso2/carbon/utils/security/KeystoreUtils
	at org.wso2.carbon.identity.conditional.auth.functions.choreo.internal.ChoreoFunctionServiceComponent.activate(ChoreoFunctionServiceComponent.java:92)
	at jdk.internal.reflect.GeneratedMethodAccessor77.invoke(Unknown Source)
	at java.base/jdk.internal.reflect.DelegatingMethodAccessorImpl.invoke(DelegatingMethodAccessorImpl.java:43)
	at java.base/java.lang.reflect.Method.invoke(Method.java:569)
	at org.eclipse.equinox.internal.ds.model.ServiceComponent.activate(ServiceComponent.java:235)
	at org.eclipse.equinox.internal.ds.model.ServiceComponentProp.activate(ServiceComponentProp.java:146)
	at org.eclipse.equinox.internal.ds.model.ServiceComponentProp.build(ServiceComponentProp.java:345)
	at org.eclipse.equinox.internal.ds.InstanceProcess.buildComponent(InstanceProcess.java:620)
	at org.eclipse.equinox.internal.ds.InstanceProcess.buildComponents(InstanceProcess.java:197)
	at org.eclipse.equinox.internal.ds.Resolver.getEligible(Resolver.java:386)
	at org.eclipse.equinox.internal.ds.SCRManager.serviceChanged(SCRManager.java:222)
	at org.eclipse.osgi.internal.serviceregistry.FilteredServiceListener.serviceChanged(FilteredServiceListener.java:113)
	at org.eclipse.osgi.internal.framework.BundleContextImpl.dispatchEvent(BundleContextImpl.java:985)
	at org.eclipse.osgi.framework.eventmgr.EventManager.dispatchEvent(EventManager.java:234)
	at org.eclipse.osgi.framework.eventmgr.ListenerQueue.dispatchEventSynchronous(ListenerQueue.java:151)
	at org.eclipse.osgi.internal.serviceregistry.ServiceRegistry.publishServiceEventPrivileged(ServiceRegistry.java:866)
	at org.eclipse.osgi.internal.serviceregistry.ServiceRegistry.publishServiceEvent(ServiceRegistry.java:804)
	at org.eclipse.osgi.internal.serviceregistry.ServiceRegistrationImpl.unregister(ServiceRegistrationImpl.java:227)
	at org.eclipse.osgi.internal.serviceregistry.ServiceRegistry.unregisterServices(ServiceRegistry.java:668)
	at org.eclipse.osgi.internal.framework.BundleContextImpl.close(BundleContextImpl.java:133)
	at org.eclipse.osgi.internal.framework.EquinoxBundle.stopWorker0(EquinoxBundle.java:1029)
	at org.eclipse.osgi.internal.framework.EquinoxBundle$EquinoxModule.stopWorker(EquinoxBundle.java:370)
	at org.eclipse.osgi.container.Module.doStop(Module.java:653)
	at org.eclipse.osgi.container.Module.stop(Module.java:515)
	at org.eclipse.osgi.container.ModuleContainer$ContainerStartLevel.decStartLevel(ModuleContainer.java:1861)
	at org.eclipse.osgi.container.ModuleContainer$ContainerStartLevel.doContainerStartLevel(ModuleContainer.java:1753)
	at org.eclipse.osgi.container.SystemModule.stopWorker(SystemModule.java:275)
	at org.eclipse.osgi.internal.framework.EquinoxBundle$SystemBundle$EquinoxSystemModule.stopWorker(EquinoxBundle.java:202)
	at org.eclipse.osgi.container.Module.doStop(Module.java:653)
	at org.eclipse.osgi.container.Module.stop(Module.java:515)
	at org.eclipse.osgi.container.SystemModule.stop(SystemModule.java:207)
	at org.eclipse.osgi.internal.framework.EquinoxBundle$SystemBundle$EquinoxSystemModule$1.run(EquinoxBundle.java:220)
	at java.base/java.lang.Thread.run(Thread.java:840)
Caused by: java.lang.ClassNotFoundException: org.wso2.carbon.utils.security.KeystoreUtils cannot be found by org.wso2.carbon.identity.conditional.auth.functions.choreo_1.2.87
	... 33 more

!ENTRY org.eclipse.equinox.ds 4 0 2026-01-15 10:46:52.986
!MESSAGE [SCR] Exception while activating instance org.wso2.carbon.identity.conditional.auth.functions.choreo.internal.ChoreoFunctionServiceComponent@3bcc868f of component identity.conditional.auth.functions.choreo.component  
!STACK 0
java.lang.reflect.InvocationTargetException
	at jdk.internal.reflect.GeneratedMethodAccessor77.invoke(Unknown Source)
	at java.base/jdk.internal.reflect.DelegatingMethodAccessorImpl.invoke(DelegatingMethodAccessorImpl.java:43)
	at java.base/java.lang.reflect.Method.invoke(Method.java:569)
	at org.eclipse.equinox.internal.ds.model.ServiceComponent.activate(ServiceComponent.java:235)
	at org.eclipse.equinox.internal.ds.model.ServiceComponentProp.activate(ServiceComponentProp.java:146)
	at org.eclipse.equinox.internal.ds.model.ServiceComponentProp.build(ServiceComponentProp.java:345)
	at org.eclipse.equinox.internal.ds.InstanceProcess.buildComponent(InstanceProcess.java:620)
	at org.eclipse.equinox.internal.ds.InstanceProcess.buildComponents(InstanceProcess.java:197)
	at org.eclipse.equinox.internal.ds.Resolver.getEligible(Resolver.java:386)
	at org.eclipse.equinox.internal.ds.SCRManager.serviceChanged(SCRManager.java:222)
	at org.eclipse.osgi.internal.serviceregistry.FilteredServiceListener.serviceChanged(FilteredServiceListener.java:113)
	at org.eclipse.osgi.internal.framework.BundleContextImpl.dispatchEvent(BundleContextImpl.java:985)
	at org.eclipse.osgi.framework.eventmgr.EventManager.dispatchEvent(EventManager.java:234)
	at org.eclipse.osgi.framework.eventmgr.ListenerQueue.dispatchEventSynchronous(ListenerQueue.java:151)
	at org.eclipse.osgi.internal.serviceregistry.ServiceRegistry.publishServiceEventPrivileged(ServiceRegistry.java:866)
	at org.eclipse.osgi.internal.serviceregistry.ServiceRegistry.publishServiceEvent(ServiceRegistry.java:804)
	at org.eclipse.osgi.internal.serviceregistry.ServiceRegistrationImpl.unregister(ServiceRegistrationImpl.java:227)
	at org.eclipse.osgi.internal.serviceregistry.ServiceRegistry.unregisterServices(ServiceRegistry.java:668)
	at org.eclipse.osgi.internal.framework.BundleContextImpl.close(BundleContextImpl.java:133)
	at org.eclipse.osgi.internal.framework.EquinoxBundle.stopWorker0(EquinoxBundle.java:1029)
	at org.eclipse.osgi.internal.framework.EquinoxBundle$EquinoxModule.stopWorker(EquinoxBundle.java:370)
	at org.eclipse.osgi.container.Module.doStop(Module.java:653)
	at org.eclipse.osgi.container.Module.stop(Module.java:515)
	at org.eclipse.osgi.container.ModuleContainer$ContainerStartLevel.decStartLevel(ModuleContainer.java:1861)
	at org.eclipse.osgi.container.ModuleContainer$ContainerStartLevel.doContainerStartLevel(ModuleContainer.java:1753)
	at org.eclipse.osgi.container.SystemModule.stopWorker(SystemModule.java:275)
	at org.eclipse.osgi.internal.framework.EquinoxBundle$SystemBundle$EquinoxSystemModule.stopWorker(EquinoxBundle.java:202)
	at org.eclipse.osgi.container.Module.doStop(Module.java:653)
	at org.eclipse.osgi.container.Module.stop(Module.java:515)
	at org.eclipse.osgi.container.SystemModule.stop(SystemModule.java:207)
	at org.eclipse.osgi.internal.framework.EquinoxBundle$SystemBundle$EquinoxSystemModule$1.run(EquinoxBundle.java:220)
	at java.base/java.lang.Thread.run(Thread.java:840)
Caused by: java.lang.NoClassDefFoundError: org/wso2/carbon/utils/security/KeystoreUtils
	at org.wso2.carbon.identity.conditional.auth.functions.choreo.internal.ChoreoFunctionServiceComponent.activate(ChoreoFunctionServiceComponent.java:92)
	... 32 more
Caused by: java.lang.ClassNotFoundException: org.wso2.carbon.utils.security.KeystoreUtils cannot be found by org.wso2.carbon.identity.conditional.auth.functions.choreo_1.2.87
	... 33 more
Root exception:
java.lang.NoClassDefFoundError: org/wso2/carbon/utils/security/KeystoreUtils
	at org.wso2.carbon.identity.conditional.auth.functions.choreo.internal.ChoreoFunctionServiceComponent.activate(ChoreoFunctionServiceComponent.java:92)
	at jdk.internal.reflect.GeneratedMethodAccessor77.invoke(Unknown Source)
	at java.base/jdk.internal.reflect.DelegatingMethodAccessorImpl.invoke(DelegatingMethodAccessorImpl.java:43)
	at java.base/java.lang.reflect.Method.invoke(Method.java:569)
	at org.eclipse.equinox.internal.ds.model.ServiceComponent.activate(ServiceComponent.java:235)
	at org.eclipse.equinox.internal.ds.model.ServiceComponentProp.activate(ServiceComponentProp.java:146)
	at org.eclipse.equinox.internal.ds.model.ServiceComponentProp.build(ServiceComponentProp.java:345)
	at org.eclipse.equinox.internal.ds.InstanceProcess.buildComponent(InstanceProcess.java:620)
	at org.eclipse.equinox.internal.ds.InstanceProcess.buildComponents(InstanceProcess.java:197)
	at org.eclipse.equinox.internal.ds.Resolver.getEligible(Resolver.java:386)
	at org.eclipse.equinox.internal.ds.SCRManager.serviceChanged(SCRManager.java:222)
	at org.eclipse.osgi.internal.serviceregistry.FilteredServiceListener.serviceChanged(FilteredServiceListener.java:113)
	at org.eclipse.osgi.internal.framework.BundleContextImpl.dispatchEvent(BundleContextImpl.java:985)
	at org.eclipse.osgi.framework.eventmgr.EventManager.dispatchEvent(EventManager.java:234)
	at org.eclipse.osgi.framework.eventmgr.ListenerQueue.dispatchEventSynchronous(ListenerQueue.java:151)
	at org.eclipse.osgi.internal.serviceregistry.ServiceRegistry.publishServiceEventPrivileged(ServiceRegistry.java:866)
	at org.eclipse.osgi.internal.serviceregistry.ServiceRegistry.publishServiceEvent(ServiceRegistry.java:804)
	at org.eclipse.osgi.internal.serviceregistry.ServiceRegistrationImpl.unregister(ServiceRegistrationImpl.java:227)
	at org.eclipse.osgi.internal.serviceregistry.ServiceRegistry.unregisterServices(ServiceRegistry.java:668)
	at org.eclipse.osgi.internal.framework.BundleContextImpl.close(BundleContextImpl.java:133)
	at org.eclipse.osgi.internal.framework.EquinoxBundle.stopWorker0(EquinoxBundle.java:1029)
	at org.eclipse.osgi.internal.framework.EquinoxBundle$EquinoxModule.stopWorker(EquinoxBundle.java:370)
	at org.eclipse.osgi.container.Module.doStop(Module.java:653)
	at org.eclipse.osgi.container.Module.stop(Module.java:515)
	at org.eclipse.osgi.container.ModuleContainer$ContainerStartLevel.decStartLevel(ModuleContainer.java:1861)
	at org.eclipse.osgi.container.ModuleContainer$ContainerStartLevel.doContainerStartLevel(ModuleContainer.java:1753)
	at org.eclipse.osgi.container.SystemModule.stopWorker(SystemModule.java:275)
	at org.eclipse.osgi.internal.framework.EquinoxBundle$SystemBundle$EquinoxSystemModule.stopWorker(EquinoxBundle.java:202)
	at org.eclipse.osgi.container.Module.doStop(Module.java:653)
	at org.eclipse.osgi.container.Module.stop(Module.java:515)
	at org.eclipse.osgi.container.SystemModule.stop(SystemModule.java:207)
	at org.eclipse.osgi.internal.framework.EquinoxBundle$SystemBundle$EquinoxSystemModule$1.run(EquinoxBundle.java:220)
	at java.base/java.lang.Thread.run(Thread.java:840)
Caused by: java.lang.ClassNotFoundException: org.wso2.carbon.utils.security.KeystoreUtils cannot be found by org.wso2.carbon.identity.conditional.auth.functions.choreo_1.2.87
	... 33 more

!ENTRY org.eclipse.equinox.ds 4 0 2026-01-15 10:46:52.990
!MESSAGE [SCR] Exception while activating instance org.wso2.carbon.identity.conditional.auth.functions.choreo.internal.ChoreoFunctionServiceComponent@3b8d2d5e of component identity.conditional.auth.functions.choreo.component  
!STACK 0
java.lang.reflect.InvocationTargetException
	at jdk.internal.reflect.GeneratedMethodAccessor77.invoke(Unknown Source)
	at java.base/jdk.internal.reflect.DelegatingMethodAccessorImpl.invoke(DelegatingMethodAccessorImpl.java:43)
	at java.base/java.lang.reflect.Method.invoke(Method.java:569)
	at org.eclipse.equinox.internal.ds.model.ServiceComponent.activate(ServiceComponent.java:235)
	at org.eclipse.equinox.internal.ds.model.ServiceComponentProp.activate(ServiceComponentProp.java:146)
	at org.eclipse.equinox.internal.ds.model.ServiceComponentProp.build(ServiceComponentProp.java:345)
	at org.eclipse.equinox.internal.ds.InstanceProcess.buildComponent(InstanceProcess.java:620)
	at org.eclipse.equinox.internal.ds.InstanceProcess.buildComponents(InstanceProcess.java:197)
	at org.eclipse.equinox.internal.ds.Resolver.getEligible(Resolver.java:386)
	at org.eclipse.equinox.internal.ds.SCRManager.serviceChanged(SCRManager.java:222)
	at org.eclipse.osgi.internal.serviceregistry.FilteredServiceListener.serviceChanged(FilteredServiceListener.java:113)
	at org.eclipse.osgi.internal.framework.BundleContextImpl.dispatchEvent(BundleContextImpl.java:985)
	at org.eclipse.osgi.framework.eventmgr.EventManager.dispatchEvent(EventManager.java:234)
	at org.eclipse.osgi.framework.eventmgr.ListenerQueue.dispatchEventSynchronous(ListenerQueue.java:151)
	at org.eclipse.osgi.internal.serviceregistry.ServiceRegistry.publishServiceEventPrivileged(ServiceRegistry.java:866)
	at org.eclipse.osgi.internal.serviceregistry.ServiceRegistry.publishServiceEvent(ServiceRegistry.java:804)
	at org.eclipse.osgi.internal.serviceregistry.ServiceRegistrationImpl.unregister(ServiceRegistrationImpl.java:227)
	at org.eclipse.osgi.internal.serviceregistry.ServiceRegistry.unregisterServices(ServiceRegistry.java:668)
	at org.eclipse.osgi.internal.framework.BundleContextImpl.close(BundleContextImpl.java:133)
	at org.eclipse.osgi.internal.framework.EquinoxBundle.stopWorker0(EquinoxBundle.java:1029)
	at org.eclipse.osgi.internal.framework.EquinoxBundle$EquinoxModule.stopWorker(EquinoxBundle.java:370)
	at org.eclipse.osgi.container.Module.doStop(Module.java:653)
	at org.eclipse.osgi.container.Module.stop(Module.java:515)
	at org.eclipse.osgi.container.ModuleContainer$ContainerStartLevel.decStartLevel(ModuleContainer.java:1861)
	at org.eclipse.osgi.container.ModuleContainer$ContainerStartLevel.doContainerStartLevel(ModuleContainer.java:1753)
	at org.eclipse.osgi.container.SystemModule.stopWorker(SystemModule.java:275)
	at org.eclipse.osgi.internal.framework.EquinoxBundle$SystemBundle$EquinoxSystemModule.stopWorker(EquinoxBundle.java:202)
	at org.eclipse.osgi.container.Module.doStop(Module.java:653)
	at org.eclipse.osgi.container.Module.stop(Module.java:515)
	at org.eclipse.osgi.container.SystemModule.stop(SystemModule.java:207)
	at org.eclipse.osgi.internal.framework.EquinoxBundle$SystemBundle$EquinoxSystemModule$1.run(EquinoxBundle.java:220)
	at java.base/java.lang.Thread.run(Thread.java:840)
Caused by: java.lang.NoClassDefFoundError: org/wso2/carbon/utils/security/KeystoreUtils
	at org.wso2.carbon.identity.conditional.auth.functions.choreo.internal.ChoreoFunctionServiceComponent.activate(ChoreoFunctionServiceComponent.java:92)
	... 32 more
Caused by: java.lang.ClassNotFoundException: org.wso2.carbon.utils.security.KeystoreUtils cannot be found by org.wso2.carbon.identity.conditional.auth.functions.choreo_1.2.87
	... 33 more
Root exception:
java.lang.NoClassDefFoundError: org/wso2/carbon/utils/security/KeystoreUtils
	at org.wso2.carbon.identity.conditional.auth.functions.choreo.internal.ChoreoFunctionServiceComponent.activate(ChoreoFunctionServiceComponent.java:92)
	at jdk.internal.reflect.GeneratedMethodAccessor77.invoke(Unknown Source)
	at java.base/jdk.internal.reflect.DelegatingMethodAccessorImpl.invoke(DelegatingMethodAccessorImpl.java:43)
	at java.base/java.lang.reflect.Method.invoke(Method.java:569)
	at org.eclipse.equinox.internal.ds.model.ServiceComponent.activate(ServiceComponent.java:235)
	at org.eclipse.equinox.internal.ds.model.ServiceComponentProp.activate(ServiceComponentProp.java:146)
	at org.eclipse.equinox.internal.ds.model.ServiceComponentProp.build(ServiceComponentProp.java:345)
	at org.eclipse.equinox.internal.ds.InstanceProcess.buildComponent(InstanceProcess.java:620)
	at org.eclipse.equinox.internal.ds.InstanceProcess.buildComponents(InstanceProcess.java:197)
	at org.eclipse.equinox.internal.ds.Resolver.getEligible(Resolver.java:386)
	at org.eclipse.equinox.internal.ds.SCRManager.serviceChanged(SCRManager.java:222)
	at org.eclipse.osgi.internal.serviceregistry.FilteredServiceListener.serviceChanged(FilteredServiceListener.java:113)
	at org.eclipse.osgi.internal.framework.BundleContextImpl.dispatchEvent(BundleContextImpl.java:985)
	at org.eclipse.osgi.framework.eventmgr.EventManager.dispatchEvent(EventManager.java:234)
	at org.eclipse.osgi.framework.eventmgr.ListenerQueue.dispatchEventSynchronous(ListenerQueue.java:151)
	at org.eclipse.osgi.internal.serviceregistry.ServiceRegistry.publishServiceEventPrivileged(ServiceRegistry.java:866)
	at org.eclipse.osgi.internal.serviceregistry.ServiceRegistry.publishServiceEvent(ServiceRegistry.java:804)
	at org.eclipse.osgi.internal.serviceregistry.ServiceRegistrationImpl.unregister(ServiceRegistrationImpl.java:227)
	at org.eclipse.osgi.internal.serviceregistry.ServiceRegistry.unregisterServices(ServiceRegistry.java:668)
	at org.eclipse.osgi.internal.framework.BundleContextImpl.close(BundleContextImpl.java:133)
	at org.eclipse.osgi.internal.framework.EquinoxBundle.stopWorker0(EquinoxBundle.java:1029)
	at org.eclipse.osgi.internal.framework.EquinoxBundle$EquinoxModule.stopWorker(EquinoxBundle.java:370)
	at org.eclipse.osgi.container.Module.doStop(Module.java:653)
	at org.eclipse.osgi.container.Module.stop(Module.java:515)
	at org.eclipse.osgi.container.ModuleContainer$ContainerStartLevel.decStartLevel(ModuleContainer.java:1861)
	at org.eclipse.osgi.container.ModuleContainer$ContainerStartLevel.doContainerStartLevel(ModuleContainer.java:1753)
	at org.eclipse.osgi.container.SystemModule.stopWorker(SystemModule.java:275)
	at org.eclipse.osgi.internal.framework.EquinoxBundle$SystemBundle$EquinoxSystemModule.stopWorker(EquinoxBundle.java:202)
	at org.eclipse.osgi.container.Module.doStop(Module.java:653)
	at org.eclipse.osgi.container.Module.stop(Module.java:515)
	at org.eclipse.osgi.container.SystemModule.stop(SystemModule.java:207)
	at org.eclipse.osgi.internal.framework.EquinoxBundle$SystemBundle$EquinoxSystemModule$1.run(EquinoxBundle.java:220)
	at java.base/java.lang.Thread.run(Thread.java:840)
Caused by: java.lang.ClassNotFoundException: org.wso2.carbon.utils.security.KeystoreUtils cannot be found by org.wso2.carbon.identity.conditional.auth.functions.choreo_1.2.87
	... 33 more

!ENTRY org.eclipse.equinox.ds 4 0 2026-01-15 10:46:53.034
!MESSAGE [SCR] Exception while activating instance org.wso2.carbon.identity.conditional.auth.functions.choreo.internal.ChoreoFunctionServiceComponent@4b02b32c of component identity.conditional.auth.functions.choreo.component  
!STACK 0
java.lang.reflect.InvocationTargetException
	at jdk.internal.reflect.GeneratedMethodAccessor77.invoke(Unknown Source)
	at java.base/jdk.internal.reflect.DelegatingMethodAccessorImpl.invoke(DelegatingMethodAccessorImpl.java:43)
	at java.base/java.lang.reflect.Method.invoke(Method.java:569)
	at org.eclipse.equinox.internal.ds.model.ServiceComponent.activate(ServiceComponent.java:235)
	at org.eclipse.equinox.internal.ds.model.ServiceComponentProp.activate(ServiceComponentProp.java:146)
	at org.eclipse.equinox.internal.ds.model.ServiceComponentProp.build(ServiceComponentProp.java:345)
	at org.eclipse.equinox.internal.ds.InstanceProcess.buildComponent(InstanceProcess.java:620)
	at org.eclipse.equinox.internal.ds.InstanceProcess.buildComponents(InstanceProcess.java:197)
	at org.eclipse.equinox.internal.ds.Resolver.getEligible(Resolver.java:386)
	at org.eclipse.equinox.internal.ds.SCRManager.serviceChanged(SCRManager.java:222)
	at org.eclipse.osgi.internal.serviceregistry.FilteredServiceListener.serviceChanged(FilteredServiceListener.java:113)
	at org.eclipse.osgi.internal.framework.BundleContextImpl.dispatchEvent(BundleContextImpl.java:985)
	at org.eclipse.osgi.framework.eventmgr.EventManager.dispatchEvent(EventManager.java:234)
	at org.eclipse.osgi.framework.eventmgr.ListenerQueue.dispatchEventSynchronous(ListenerQueue.java:151)
	at org.eclipse.osgi.internal.serviceregistry.ServiceRegistry.publishServiceEventPrivileged(ServiceRegistry.java:866)
	at org.eclipse.osgi.internal.serviceregistry.ServiceRegistry.publishServiceEvent(ServiceRegistry.java:804)
	at org.eclipse.osgi.internal.serviceregistry.ServiceRegistrationImpl.unregister(ServiceRegistrationImpl.java:227)
	at org.eclipse.osgi.internal.serviceregistry.ServiceRegistry.unregisterServices(ServiceRegistry.java:668)
	at org.eclipse.osgi.internal.framework.BundleContextImpl.close(BundleContextImpl.java:133)
	at org.eclipse.osgi.internal.framework.EquinoxBundle.stopWorker0(EquinoxBundle.java:1029)
	at org.eclipse.osgi.internal.framework.EquinoxBundle$EquinoxModule.stopWorker(EquinoxBundle.java:370)
	at org.eclipse.osgi.container.Module.doStop(Module.java:653)
	at org.eclipse.osgi.container.Module.stop(Module.java:515)
	at org.eclipse.osgi.container.ModuleContainer$ContainerStartLevel.decStartLevel(ModuleContainer.java:1861)
	at org.eclipse.osgi.container.ModuleContainer$ContainerStartLevel.doContainerStartLevel(ModuleContainer.java:1753)
	at org.eclipse.osgi.container.SystemModule.stopWorker(SystemModule.java:275)
	at org.eclipse.osgi.internal.framework.EquinoxBundle$SystemBundle$EquinoxSystemModule.stopWorker(EquinoxBundle.java:202)
	at org.eclipse.osgi.container.Module.doStop(Module.java:653)
	at org.eclipse.osgi.container.Module.stop(Module.java:515)
	at org.eclipse.osgi.container.SystemModule.stop(SystemModule.java:207)
	at org.eclipse.osgi.internal.framework.EquinoxBundle$SystemBundle$EquinoxSystemModule$1.run(EquinoxBundle.java:220)
	at java.base/java.lang.Thread.run(Thread.java:840)
Caused by: java.lang.NoClassDefFoundError: org/wso2/carbon/utils/security/KeystoreUtils
	at org.wso2.carbon.identity.conditional.auth.functions.choreo.internal.ChoreoFunctionServiceComponent.activate(ChoreoFunctionServiceComponent.java:92)
	... 32 more
Caused by: java.lang.ClassNotFoundException: org.wso2.carbon.utils.security.KeystoreUtils cannot be found by org.wso2.carbon.identity.conditional.auth.functions.choreo_1.2.87
	... 33 more
Root exception:
java.lang.NoClassDefFoundError: org/wso2/carbon/utils/security/KeystoreUtils
	at org.wso2.carbon.identity.conditional.auth.functions.choreo.internal.ChoreoFunctionServiceComponent.activate(ChoreoFunctionServiceComponent.java:92)
	at jdk.internal.reflect.GeneratedMethodAccessor77.invoke(Unknown Source)
	at java.base/jdk.internal.reflect.DelegatingMethodAccessorImpl.invoke(DelegatingMethodAccessorImpl.java:43)
	at java.base/java.lang.reflect.Method.invoke(Method.java:569)
	at org.eclipse.equinox.internal.ds.model.ServiceComponent.activate(ServiceComponent.java:235)
	at org.eclipse.equinox.internal.ds.model.ServiceComponentProp.activate(ServiceComponentProp.java:146)
	at org.eclipse.equinox.internal.ds.model.ServiceComponentProp.build(ServiceComponentProp.java:345)
	at org.eclipse.equinox.internal.ds.InstanceProcess.buildComponent(InstanceProcess.java:620)
	at org.eclipse.equinox.internal.ds.InstanceProcess.buildComponents(InstanceProcess.java:197)
	at org.eclipse.equinox.internal.ds.Resolver.getEligible(Resolver.java:386)
	at org.eclipse.equinox.internal.ds.SCRManager.serviceChanged(SCRManager.java:222)
	at org.eclipse.osgi.internal.serviceregistry.FilteredServiceListener.serviceChanged(FilteredServiceListener.java:113)
	at org.eclipse.osgi.internal.framework.BundleContextImpl.dispatchEvent(BundleContextImpl.java:985)
	at org.eclipse.osgi.framework.eventmgr.EventManager.dispatchEvent(EventManager.java:234)
	at org.eclipse.osgi.framework.eventmgr.ListenerQueue.dispatchEventSynchronous(ListenerQueue.java:151)
	at org.eclipse.osgi.internal.serviceregistry.ServiceRegistry.publishServiceEventPrivileged(ServiceRegistry.java:866)
	at org.eclipse.osgi.internal.serviceregistry.ServiceRegistry.publishServiceEvent(ServiceRegistry.java:804)
	at org.eclipse.osgi.internal.serviceregistry.ServiceRegistrationImpl.unregister(ServiceRegistrationImpl.java:227)
	at org.eclipse.osgi.internal.serviceregistry.ServiceRegistry.unregisterServices(ServiceRegistry.java:668)
	at org.eclipse.osgi.internal.framework.BundleContextImpl.close(BundleContextImpl.java:133)
	at org.eclipse.osgi.internal.framework.EquinoxBundle.stopWorker0(EquinoxBundle.java:1029)
	at org.eclipse.osgi.internal.framework.EquinoxBundle$EquinoxModule.stopWorker(EquinoxBundle.java:370)
	at org.eclipse.osgi.container.Module.doStop(Module.java:653)
	at org.eclipse.osgi.container.Module.stop(Module.java:515)
	at org.eclipse.osgi.container.ModuleContainer$ContainerStartLevel.decStartLevel(ModuleContainer.java:1861)
	at org.eclipse.osgi.container.ModuleContainer$ContainerStartLevel.doContainerStartLevel(ModuleContainer.java:1753)
	at org.eclipse.osgi.container.SystemModule.stopWorker(SystemModule.java:275)
	at org.eclipse.osgi.internal.framework.EquinoxBundle$SystemBundle$EquinoxSystemModule.stopWorker(EquinoxBundle.java:202)
	at org.eclipse.osgi.container.Module.doStop(Module.java:653)
	at org.eclipse.osgi.container.Module.stop(Module.java:515)
	at org.eclipse.osgi.container.SystemModule.stop(SystemModule.java:207)
	at org.eclipse.osgi.internal.framework.EquinoxBundle$SystemBundle$EquinoxSystemModule$1.run(EquinoxBundle.java:220)
	at java.base/java.lang.Thread.run(Thread.java:840)
Caused by: java.lang.ClassNotFoundException: org.wso2.carbon.utils.security.KeystoreUtils cannot be found by org.wso2.carbon.identity.conditional.auth.functions.choreo_1.2.87
	... 33 more

!ENTRY org.eclipse.equinox.ds 4 0 2026-01-15 10:46:53.037
!MESSAGE [SCR] Exception while activating instance org.wso2.carbon.identity.conditional.auth.functions.choreo.internal.ChoreoFunctionServiceComponent@7ffc9fa5 of component identity.conditional.auth.functions.choreo.component  
!STACK 0
java.lang.reflect.InvocationTargetException
	at jdk.internal.reflect.GeneratedMethodAccessor77.invoke(Unknown Source)
	at java.base/jdk.internal.reflect.DelegatingMethodAccessorImpl.invoke(DelegatingMethodAccessorImpl.java:43)
	at java.base/java.lang.reflect.Method.invoke(Method.java:569)
	at org.eclipse.equinox.internal.ds.model.ServiceComponent.activate(ServiceComponent.java:235)
	at org.eclipse.equinox.internal.ds.model.ServiceComponentProp.activate(ServiceComponentProp.java:146)
	at org.eclipse.equinox.internal.ds.model.ServiceComponentProp.build(ServiceComponentProp.java:345)
	at org.eclipse.equinox.internal.ds.InstanceProcess.buildComponent(InstanceProcess.java:620)
	at org.eclipse.equinox.internal.ds.InstanceProcess.buildComponents(InstanceProcess.java:197)
	at org.eclipse.equinox.internal.ds.Resolver.getEligible(Resolver.java:386)
	at org.eclipse.equinox.internal.ds.SCRManager.serviceChanged(SCRManager.java:222)
	at org.eclipse.osgi.internal.serviceregistry.FilteredServiceListener.serviceChanged(FilteredServiceListener.java:113)
	at org.eclipse.osgi.internal.framework.BundleContextImpl.dispatchEvent(BundleContextImpl.java:985)
	at org.eclipse.osgi.framework.eventmgr.EventManager.dispatchEvent(EventManager.java:234)
	at org.eclipse.osgi.framework.eventmgr.ListenerQueue.dispatchEventSynchronous(ListenerQueue.java:151)
	at org.eclipse.osgi.internal.serviceregistry.ServiceRegistry.publishServiceEventPrivileged(ServiceRegistry.java:866)
	at org.eclipse.osgi.internal.serviceregistry.ServiceRegistry.publishServiceEvent(ServiceRegistry.java:804)
	at org.eclipse.osgi.internal.serviceregistry.ServiceRegistrationImpl.unregister(ServiceRegistrationImpl.java:227)
	at org.eclipse.osgi.internal.serviceregistry.ServiceRegistry.unregisterServices(ServiceRegistry.java:668)
	at org.eclipse.osgi.internal.framework.BundleContextImpl.close(BundleContextImpl.java:133)
	at org.eclipse.osgi.internal.framework.EquinoxBundle.stopWorker0(EquinoxBundle.java:1029)
	at org.eclipse.osgi.internal.framework.EquinoxBundle$EquinoxModule.stopWorker(EquinoxBundle.java:370)
	at org.eclipse.osgi.container.Module.doStop(Module.java:653)
	at org.eclipse.osgi.container.Module.stop(Module.java:515)
	at org.eclipse.osgi.container.ModuleContainer$ContainerStartLevel.decStartLevel(ModuleContainer.java:1861)
	at org.eclipse.osgi.container.ModuleContainer$ContainerStartLevel.doContainerStartLevel(ModuleContainer.java:1753)
	at org.eclipse.osgi.container.SystemModule.stopWorker(SystemModule.java:275)
	at org.eclipse.osgi.internal.framework.EquinoxBundle$SystemBundle$EquinoxSystemModule.stopWorker(EquinoxBundle.java:202)
	at org.eclipse.osgi.container.Module.doStop(Module.java:653)
	at org.eclipse.osgi.container.Module.stop(Module.java:515)
	at org.eclipse.osgi.container.SystemModule.stop(SystemModule.java:207)
	at org.eclipse.osgi.internal.framework.EquinoxBundle$SystemBundle$EquinoxSystemModule$1.run(EquinoxBundle.java:220)
	at java.base/java.lang.Thread.run(Thread.java:840)
Caused by: java.lang.NoClassDefFoundError: org/wso2/carbon/utils/security/KeystoreUtils
	at org.wso2.carbon.identity.conditional.auth.functions.choreo.internal.ChoreoFunctionServiceComponent.activate(ChoreoFunctionServiceComponent.java:92)
	... 32 more
Caused by: java.lang.ClassNotFoundException: org.wso2.carbon.utils.security.KeystoreUtils cannot be found by org.wso2.carbon.identity.conditional.auth.functions.choreo_1.2.87
	... 33 more
Root exception:
java.lang.NoClassDefFoundError: org/wso2/carbon/utils/security/KeystoreUtils
	at org.wso2.carbon.identity.conditional.auth.functions.choreo.internal.ChoreoFunctionServiceComponent.activate(ChoreoFunctionServiceComponent.java:92)
	at jdk.internal.reflect.GeneratedMethodAccessor77.invoke(Unknown Source)
	at java.base/jdk.internal.reflect.DelegatingMethodAccessorImpl.invoke(DelegatingMethodAccessorImpl.java:43)
	at java.base/java.lang.reflect.Method.invoke(Method.java:569)
	at org.eclipse.equinox.internal.ds.model.ServiceComponent.activate(ServiceComponent.java:235)
	at org.eclipse.equinox.internal.ds.model.ServiceComponentProp.activate(ServiceComponentProp.java:146)
	at org.eclipse.equinox.internal.ds.model.ServiceComponentProp.build(ServiceComponentProp.java:345)
	at org.eclipse.equinox.internal.ds.InstanceProcess.buildComponent(InstanceProcess.java:620)
	at org.eclipse.equinox.internal.ds.InstanceProcess.buildComponents(InstanceProcess.java:197)
	at org.eclipse.equinox.internal.ds.Resolver.getEligible(Resolver.java:386)
	at org.eclipse.equinox.internal.ds.SCRManager.serviceChanged(SCRManager.java:222)
	at org.eclipse.osgi.internal.serviceregistry.FilteredServiceListener.serviceChanged(FilteredServiceListener.java:113)
	at org.eclipse.osgi.internal.framework.BundleContextImpl.dispatchEvent(BundleContextImpl.java:985)
	at org.eclipse.osgi.framework.eventmgr.EventManager.dispatchEvent(EventManager.java:234)
	at org.eclipse.osgi.framework.eventmgr.ListenerQueue.dispatchEventSynchronous(ListenerQueue.java:151)
	at org.eclipse.osgi.internal.serviceregistry.ServiceRegistry.publishServiceEventPrivileged(ServiceRegistry.java:866)
	at org.eclipse.osgi.internal.serviceregistry.ServiceRegistry.publishServiceEvent(ServiceRegistry.java:804)
	at org.eclipse.osgi.internal.serviceregistry.ServiceRegistrationImpl.unregister(ServiceRegistrationImpl.java:227)
	at org.eclipse.osgi.internal.serviceregistry.ServiceRegistry.unregisterServices(ServiceRegistry.java:668)
	at org.eclipse.osgi.internal.framework.BundleContextImpl.close(BundleContextImpl.java:133)
	at org.eclipse.osgi.internal.framework.EquinoxBundle.stopWorker0(EquinoxBundle.java:1029)
	at org.eclipse.osgi.internal.framework.EquinoxBundle$EquinoxModule.stopWorker(EquinoxBundle.java:370)
	at org.eclipse.osgi.container.Module.doStop(Module.java:653)
	at org.eclipse.osgi.container.Module.stop(Module.java:515)
	at org.eclipse.osgi.container.ModuleContainer$ContainerStartLevel.decStartLevel(ModuleContainer.java:1861)
	at org.eclipse.osgi.container.ModuleContainer$ContainerStartLevel.doContainerStartLevel(ModuleContainer.java:1753)
	at org.eclipse.osgi.container.SystemModule.stopWorker(SystemModule.java:275)
	at org.eclipse.osgi.internal.framework.EquinoxBundle$SystemBundle$EquinoxSystemModule.stopWorker(EquinoxBundle.java:202)
	at org.eclipse.osgi.container.Module.doStop(Module.java:653)
	at org.eclipse.osgi.container.Module.stop(Module.java:515)
	at org.eclipse.osgi.container.SystemModule.stop(SystemModule.java:207)
	at org.eclipse.osgi.internal.framework.EquinoxBundle$SystemBundle$EquinoxSystemModule$1.run(EquinoxBundle.java:220)
	at java.base/java.lang.Thread.run(Thread.java:840)
Caused by: java.lang.ClassNotFoundException: org.wso2.carbon.utils.security.KeystoreUtils cannot be found by org.wso2.carbon.identity.conditional.auth.functions.choreo_1.2.87
	... 33 more

!ENTRY org.eclipse.equinox.ds 4 0 2026-01-15 10:46:53.039
!MESSAGE [SCR] Exception while activating instance org.wso2.carbon.identity.conditional.auth.functions.choreo.internal.ChoreoFunctionServiceComponent@5464d99e of component identity.conditional.auth.functions.choreo.component  
!STACK 0
java.lang.reflect.InvocationTargetException
	at jdk.internal.reflect.GeneratedMethodAccessor77.invoke(Unknown Source)
	at java.base/jdk.internal.reflect.DelegatingMethodAccessorImpl.invoke(DelegatingMethodAccessorImpl.java:43)
	at java.base/java.lang.reflect.Method.invoke(Method.java:569)
	at org.eclipse.equinox.internal.ds.model.ServiceComponent.activate(ServiceComponent.java:235)
	at org.eclipse.equinox.internal.ds.model.ServiceComponentProp.activate(ServiceComponentProp.java:146)
	at org.eclipse.equinox.internal.ds.model.ServiceComponentProp.build(ServiceComponentProp.java:345)
	at org.eclipse.equinox.internal.ds.InstanceProcess.buildComponent(InstanceProcess.java:620)
	at org.eclipse.equinox.internal.ds.InstanceProcess.buildComponents(InstanceProcess.java:197)
	at org.eclipse.equinox.internal.ds.Resolver.getEligible(Resolver.java:386)
	at org.eclipse.equinox.internal.ds.SCRManager.serviceChanged(SCRManager.java:222)
	at org.eclipse.osgi.internal.serviceregistry.FilteredServiceListener.serviceChanged(FilteredServiceListener.java:113)
	at org.eclipse.osgi.internal.framework.BundleContextImpl.dispatchEvent(BundleContextImpl.java:985)
	at org.eclipse.osgi.framework.eventmgr.EventManager.dispatchEvent(EventManager.java:234)
	at org.eclipse.osgi.framework.eventmgr.ListenerQueue.dispatchEventSynchronous(ListenerQueue.java:151)
	at org.eclipse.osgi.internal.serviceregistry.ServiceRegistry.publishServiceEventPrivileged(ServiceRegistry.java:866)
	at org.eclipse.osgi.internal.serviceregistry.ServiceRegistry.publishServiceEvent(ServiceRegistry.java:804)
	at org.eclipse.osgi.internal.serviceregistry.ServiceRegistrationImpl.unregister(ServiceRegistrationImpl.java:227)
	at org.eclipse.osgi.internal.serviceregistry.ServiceRegistry.unregisterServices(ServiceRegistry.java:668)
	at org.eclipse.osgi.internal.framework.BundleContextImpl.close(BundleContextImpl.java:133)
	at org.eclipse.osgi.internal.framework.EquinoxBundle.stopWorker0(EquinoxBundle.java:1029)
	at org.eclipse.osgi.internal.framework.EquinoxBundle$EquinoxModule.stopWorker(EquinoxBundle.java:370)
	at org.eclipse.osgi.container.Module.doStop(Module.java:653)
	at org.eclipse.osgi.container.Module.stop(Module.java:515)
	at org.eclipse.osgi.container.ModuleContainer$ContainerStartLevel.decStartLevel(ModuleContainer.java:1861)
	at org.eclipse.osgi.container.ModuleContainer$ContainerStartLevel.doContainerStartLevel(ModuleContainer.java:1753)
	at org.eclipse.osgi.container.SystemModule.stopWorker(SystemModule.java:275)
	at org.eclipse.osgi.internal.framework.EquinoxBundle$SystemBundle$EquinoxSystemModule.stopWorker(EquinoxBundle.java:202)
	at org.eclipse.osgi.container.Module.doStop(Module.java:653)
	at org.eclipse.osgi.container.Module.stop(Module.java:515)
	at org.eclipse.osgi.container.SystemModule.stop(SystemModule.java:207)
	at org.eclipse.osgi.internal.framework.EquinoxBundle$SystemBundle$EquinoxSystemModule$1.run(EquinoxBundle.java:220)
	at java.base/java.lang.Thread.run(Thread.java:840)
Caused by: java.lang.NoClassDefFoundError: org/wso2/carbon/utils/security/KeystoreUtils
	at org.wso2.carbon.identity.conditional.auth.functions.choreo.internal.ChoreoFunctionServiceComponent.activate(ChoreoFunctionServiceComponent.java:92)
	... 32 more
Caused by: java.lang.ClassNotFoundException: org.wso2.carbon.utils.security.KeystoreUtils cannot be found by org.wso2.carbon.identity.conditional.auth.functions.choreo_1.2.87
	... 33 more
Root exception:
java.lang.NoClassDefFoundError: org/wso2/carbon/utils/security/KeystoreUtils
	at org.wso2.carbon.identity.conditional.auth.functions.choreo.internal.ChoreoFunctionServiceComponent.activate(ChoreoFunctionServiceComponent.java:92)
	at jdk.internal.reflect.GeneratedMethodAccessor77.invoke(Unknown Source)
	at java.base/jdk.internal.reflect.DelegatingMethodAccessorImpl.invoke(DelegatingMethodAccessorImpl.java:43)
	at java.base/java.lang.reflect.Method.invoke(Method.java:569)
	at org.eclipse.equinox.internal.ds.model.ServiceComponent.activate(ServiceComponent.java:235)
	at org.eclipse.equinox.internal.ds.model.ServiceComponentProp.activate(ServiceComponentProp.java:146)
	at org.eclipse.equinox.internal.ds.model.ServiceComponentProp.build(ServiceComponentProp.java:345)
	at org.eclipse.equinox.internal.ds.InstanceProcess.buildComponent(InstanceProcess.java:620)
	at org.eclipse.equinox.internal.ds.InstanceProcess.buildComponents(InstanceProcess.java:197)
	at org.eclipse.equinox.internal.ds.Resolver.getEligible(Resolver.java:386)
	at org.eclipse.equinox.internal.ds.SCRManager.serviceChanged(SCRManager.java:222)
	at org.eclipse.osgi.internal.serviceregistry.FilteredServiceListener.serviceChanged(FilteredServiceListener.java:113)
	at org.eclipse.osgi.internal.framework.BundleContextImpl.dispatchEvent(BundleContextImpl.java:985)
	at org.eclipse.osgi.framework.eventmgr.EventManager.dispatchEvent(EventManager.java:234)
	at org.eclipse.osgi.framework.eventmgr.ListenerQueue.dispatchEventSynchronous(ListenerQueue.java:151)
	at org.eclipse.osgi.internal.serviceregistry.ServiceRegistry.publishServiceEventPrivileged(ServiceRegistry.java:866)
	at org.eclipse.osgi.internal.serviceregistry.ServiceRegistry.publishServiceEvent(ServiceRegistry.java:804)
	at org.eclipse.osgi.internal.serviceregistry.ServiceRegistrationImpl.unregister(ServiceRegistrationImpl.java:227)
	at org.eclipse.osgi.internal.serviceregistry.ServiceRegistry.unregisterServices(ServiceRegistry.java:668)
	at org.eclipse.osgi.internal.framework.BundleContextImpl.close(BundleContextImpl.java:133)
	at org.eclipse.osgi.internal.framework.EquinoxBundle.stopWorker0(EquinoxBundle.java:1029)
	at org.eclipse.osgi.internal.framework.EquinoxBundle$EquinoxModule.stopWorker(EquinoxBundle.java:370)
	at org.eclipse.osgi.container.Module.doStop(Module.java:653)
	at org.eclipse.osgi.container.Module.stop(Module.java:515)
	at org.eclipse.osgi.container.ModuleContainer$ContainerStartLevel.decStartLevel(ModuleContainer.java:1861)
	at org.eclipse.osgi.container.ModuleContainer$ContainerStartLevel.doContainerStartLevel(ModuleContainer.java:1753)
	at org.eclipse.osgi.container.SystemModule.stopWorker(SystemModule.java:275)
	at org.eclipse.osgi.internal.framework.EquinoxBundle$SystemBundle$EquinoxSystemModule.stopWorker(EquinoxBundle.java:202)
	at org.eclipse.osgi.container.Module.doStop(Module.java:653)
	at org.eclipse.osgi.container.Module.stop(Module.java:515)
	at org.eclipse.osgi.container.SystemModule.stop(SystemModule.java:207)
	at org.eclipse.osgi.internal.framework.EquinoxBundle$SystemBundle$EquinoxSystemModule$1.run(EquinoxBundle.java:220)
	at java.base/java.lang.Thread.run(Thread.java:840)
Caused by: java.lang.ClassNotFoundException: org.wso2.carbon.utils.security.KeystoreUtils cannot be found by org.wso2.carbon.identity.conditional.auth.functions.choreo_1.2.87
	... 33 more

!ENTRY org.eclipse.equinox.ds 4 0 2026-01-15 10:46:53.047
!MESSAGE [SCR] Exception while activating instance org.wso2.carbon.identity.conditional.auth.functions.choreo.internal.ChoreoFunctionServiceComponent@1be8d112 of component identity.conditional.auth.functions.choreo.component  
!STACK 0
java.lang.reflect.InvocationTargetException
	at jdk.internal.reflect.GeneratedMethodAccessor77.invoke(Unknown Source)
	at java.base/jdk.internal.reflect.DelegatingMethodAccessorImpl.invoke(DelegatingMethodAccessorImpl.java:43)
	at java.base/java.lang.reflect.Method.invoke(Method.java:569)
	at org.eclipse.equinox.internal.ds.model.ServiceComponent.activate(ServiceComponent.java:235)
	at org.eclipse.equinox.internal.ds.model.ServiceComponentProp.activate(ServiceComponentProp.java:146)
	at org.eclipse.equinox.internal.ds.model.ServiceComponentProp.build(ServiceComponentProp.java:345)
	at org.eclipse.equinox.internal.ds.InstanceProcess.buildComponent(InstanceProcess.java:620)
	at org.eclipse.equinox.internal.ds.InstanceProcess.buildComponents(InstanceProcess.java:197)
	at org.eclipse.equinox.internal.ds.Resolver.getEligible(Resolver.java:386)
	at org.eclipse.equinox.internal.ds.SCRManager.serviceChanged(SCRManager.java:222)
	at org.eclipse.osgi.internal.serviceregistry.FilteredServiceListener.serviceChanged(FilteredServiceListener.java:113)
	at org.eclipse.osgi.internal.framework.BundleContextImpl.dispatchEvent(BundleContextImpl.java:985)
	at org.eclipse.osgi.framework.eventmgr.EventManager.dispatchEvent(EventManager.java:234)
	at org.eclipse.osgi.framework.eventmgr.ListenerQueue.dispatchEventSynchronous(ListenerQueue.java:151)
	at org.eclipse.osgi.internal.serviceregistry.ServiceRegistry.publishServiceEventPrivileged(ServiceRegistry.java:866)
	at org.eclipse.osgi.internal.serviceregistry.ServiceRegistry.publishServiceEvent(ServiceRegistry.java:804)
	at org.eclipse.osgi.internal.serviceregistry.ServiceRegistrationImpl.unregister(ServiceRegistrationImpl.java:227)
	at org.eclipse.osgi.internal.serviceregistry.ServiceRegistry.unregisterServices(ServiceRegistry.java:668)
	at org.eclipse.osgi.internal.framework.BundleContextImpl.close(BundleContextImpl.java:133)
	at org.eclipse.osgi.internal.framework.EquinoxBundle.stopWorker0(EquinoxBundle.java:1029)
	at org.eclipse.osgi.internal.framework.EquinoxBundle$EquinoxModule.stopWorker(EquinoxBundle.java:370)
	at org.eclipse.osgi.container.Module.doStop(Module.java:653)
	at org.eclipse.osgi.container.Module.stop(Module.java:515)
	at org.eclipse.osgi.container.ModuleContainer$ContainerStartLevel.decStartLevel(ModuleContainer.java:1861)
	at org.eclipse.osgi.container.ModuleContainer$ContainerStartLevel.doContainerStartLevel(ModuleContainer.java:1753)
	at org.eclipse.osgi.container.SystemModule.stopWorker(SystemModule.java:275)
	at org.eclipse.osgi.internal.framework.EquinoxBundle$SystemBundle$EquinoxSystemModule.stopWorker(EquinoxBundle.java:202)
	at org.eclipse.osgi.container.Module.doStop(Module.java:653)
	at org.eclipse.osgi.container.Module.stop(Module.java:515)
	at org.eclipse.osgi.container.SystemModule.stop(SystemModule.java:207)
	at org.eclipse.osgi.internal.framework.EquinoxBundle$SystemBundle$EquinoxSystemModule$1.run(EquinoxBundle.java:220)
	at java.base/java.lang.Thread.run(Thread.java:840)
Caused by: java.lang.NoClassDefFoundError: org/wso2/carbon/utils/security/KeystoreUtils
	at org.wso2.carbon.identity.conditional.auth.functions.choreo.internal.ChoreoFunctionServiceComponent.activate(ChoreoFunctionServiceComponent.java:92)
	... 32 more
Caused by: java.lang.ClassNotFoundException: org.wso2.carbon.utils.security.KeystoreUtils cannot be found by org.wso2.carbon.identity.conditional.auth.functions.choreo_1.2.87
	... 33 more
Root exception:
java.lang.NoClassDefFoundError: org/wso2/carbon/utils/security/KeystoreUtils
	at org.wso2.carbon.identity.conditional.auth.functions.choreo.internal.ChoreoFunctionServiceComponent.activate(ChoreoFunctionServiceComponent.java:92)
	at jdk.internal.reflect.GeneratedMethodAccessor77.invoke(Unknown Source)
	at java.base/jdk.internal.reflect.DelegatingMethodAccessorImpl.invoke(DelegatingMethodAccessorImpl.java:43)
	at java.base/java.lang.reflect.Method.invoke(Method.java:569)
	at org.eclipse.equinox.internal.ds.model.ServiceComponent.activate(ServiceComponent.java:235)
	at org.eclipse.equinox.internal.ds.model.ServiceComponentProp.activate(ServiceComponentProp.java:146)
	at org.eclipse.equinox.internal.ds.model.ServiceComponentProp.build(ServiceComponentProp.java:345)
	at org.eclipse.equinox.internal.ds.InstanceProcess.buildComponent(InstanceProcess.java:620)
	at org.eclipse.equinox.internal.ds.InstanceProcess.buildComponents(InstanceProcess.java:197)
	at org.eclipse.equinox.internal.ds.Resolver.getEligible(Resolver.java:386)
	at org.eclipse.equinox.internal.ds.SCRManager.serviceChanged(SCRManager.java:222)
	at org.eclipse.osgi.internal.serviceregistry.FilteredServiceListener.serviceChanged(FilteredServiceListener.java:113)
	at org.eclipse.osgi.internal.framework.BundleContextImpl.dispatchEvent(BundleContextImpl.java:985)
	at org.eclipse.osgi.framework.eventmgr.EventManager.dispatchEvent(EventManager.java:234)
	at org.eclipse.osgi.framework.eventmgr.ListenerQueue.dispatchEventSynchronous(ListenerQueue.java:151)
	at org.eclipse.osgi.internal.serviceregistry.ServiceRegistry.publishServiceEventPrivileged(ServiceRegistry.java:866)
	at org.eclipse.osgi.internal.serviceregistry.ServiceRegistry.publishServiceEvent(ServiceRegistry.java:804)
	at org.eclipse.osgi.internal.serviceregistry.ServiceRegistrationImpl.unregister(ServiceRegistrationImpl.java:227)
	at org.eclipse.osgi.internal.serviceregistry.ServiceRegistry.unregisterServices(ServiceRegistry.java:668)
	at org.eclipse.osgi.internal.framework.BundleContextImpl.close(BundleContextImpl.java:133)
	at org.eclipse.osgi.internal.framework.EquinoxBundle.stopWorker0(EquinoxBundle.java:1029)
	at org.eclipse.osgi.internal.framework.EquinoxBundle$EquinoxModule.stopWorker(EquinoxBundle.java:370)
	at org.eclipse.osgi.container.Module.doStop(Module.java:653)
	at org.eclipse.osgi.container.Module.stop(Module.java:515)
	at org.eclipse.osgi.container.ModuleContainer$ContainerStartLevel.decStartLevel(ModuleContainer.java:1861)
	at org.eclipse.osgi.container.ModuleContainer$ContainerStartLevel.doContainerStartLevel(ModuleContainer.java:1753)
	at org.eclipse.osgi.container.SystemModule.stopWorker(SystemModule.java:275)
	at org.eclipse.osgi.internal.framework.EquinoxBundle$SystemBundle$EquinoxSystemModule.stopWorker(EquinoxBundle.java:202)
	at org.eclipse.osgi.container.Module.doStop(Module.java:653)
	at org.eclipse.osgi.container.Module.stop(Module.java:515)
	at org.eclipse.osgi.container.SystemModule.stop(SystemModule.java:207)
	at org.eclipse.osgi.internal.framework.EquinoxBundle$SystemBundle$EquinoxSystemModule$1.run(EquinoxBundle.java:220)
	at java.base/java.lang.Thread.run(Thread.java:840)
Caused by: java.lang.ClassNotFoundException: org.wso2.carbon.utils.security.KeystoreUtils cannot be found by org.wso2.carbon.identity.conditional.auth.functions.choreo_1.2.87
	... 33 more

!ENTRY org.eclipse.equinox.ds 4 0 2026-01-15 10:46:53.050
!MESSAGE [SCR] Exception while activating instance org.wso2.carbon.identity.conditional.auth.functions.choreo.internal.ChoreoFunctionServiceComponent@5b33c30e of component identity.conditional.auth.functions.choreo.component  
!STACK 0
java.lang.reflect.InvocationTargetException
	at jdk.internal.reflect.GeneratedMethodAccessor77.invoke(Unknown Source)
	at java.base/jdk.internal.reflect.DelegatingMethodAccessorImpl.invoke(DelegatingMethodAccessorImpl.java:43)
	at java.base/java.lang.reflect.Method.invoke(Method.java:569)
	at org.eclipse.equinox.internal.ds.model.ServiceComponent.activate(ServiceComponent.java:235)
	at org.eclipse.equinox.internal.ds.model.ServiceComponentProp.activate(ServiceComponentProp.java:146)
	at org.eclipse.equinox.internal.ds.model.ServiceComponentProp.build(ServiceComponentProp.java:345)
	at org.eclipse.equinox.internal.ds.InstanceProcess.buildComponent(InstanceProcess.java:620)
	at org.eclipse.equinox.internal.ds.InstanceProcess.buildComponents(InstanceProcess.java:197)
	at org.eclipse.equinox.internal.ds.Resolver.getEligible(Resolver.java:386)
	at org.eclipse.equinox.internal.ds.SCRManager.serviceChanged(SCRManager.java:222)
	at org.eclipse.osgi.internal.serviceregistry.FilteredServiceListener.serviceChanged(FilteredServiceListener.java:113)
	at org.eclipse.osgi.internal.framework.BundleContextImpl.dispatchEvent(BundleContextImpl.java:985)
	at org.eclipse.osgi.framework.eventmgr.EventManager.dispatchEvent(EventManager.java:234)
	at org.eclipse.osgi.framework.eventmgr.ListenerQueue.dispatchEventSynchronous(ListenerQueue.java:151)
	at org.eclipse.osgi.internal.serviceregistry.ServiceRegistry.publishServiceEventPrivileged(ServiceRegistry.java:866)
	at org.eclipse.osgi.internal.serviceregistry.ServiceRegistry.publishServiceEvent(ServiceRegistry.java:804)
	at org.eclipse.osgi.internal.serviceregistry.ServiceRegistrationImpl.unregister(ServiceRegistrationImpl.java:227)
	at org.eclipse.osgi.internal.serviceregistry.ServiceRegistry.unregisterServices(ServiceRegistry.java:668)
	at org.eclipse.osgi.internal.framework.BundleContextImpl.close(BundleContextImpl.java:133)
	at org.eclipse.osgi.internal.framework.EquinoxBundle.stopWorker0(EquinoxBundle.java:1029)
	at org.eclipse.osgi.internal.framework.EquinoxBundle$EquinoxModule.stopWorker(EquinoxBundle.java:370)
	at org.eclipse.osgi.container.Module.doStop(Module.java:653)
	at org.eclipse.osgi.container.Module.stop(Module.java:515)
	at org.eclipse.osgi.container.ModuleContainer$ContainerStartLevel.decStartLevel(ModuleContainer.java:1861)
	at org.eclipse.osgi.container.ModuleContainer$ContainerStartLevel.doContainerStartLevel(ModuleContainer.java:1753)
	at org.eclipse.osgi.container.SystemModule.stopWorker(SystemModule.java:275)
	at org.eclipse.osgi.internal.framework.EquinoxBundle$SystemBundle$EquinoxSystemModule.stopWorker(EquinoxBundle.java:202)
	at org.eclipse.osgi.container.Module.doStop(Module.java:653)
	at org.eclipse.osgi.container.Module.stop(Module.java:515)
	at org.eclipse.osgi.container.SystemModule.stop(SystemModule.java:207)
	at org.eclipse.osgi.internal.framework.EquinoxBundle$SystemBundle$EquinoxSystemModule$1.run(EquinoxBundle.java:220)
	at java.base/java.lang.Thread.run(Thread.java:840)
Caused by: java.lang.NoClassDefFoundError: org/wso2/carbon/utils/security/KeystoreUtils
	at org.wso2.carbon.identity.conditional.auth.functions.choreo.internal.ChoreoFunctionServiceComponent.activate(ChoreoFunctionServiceComponent.java:92)
	... 32 more
Caused by: java.lang.ClassNotFoundException: org.wso2.carbon.utils.security.KeystoreUtils cannot be found by org.wso2.carbon.identity.conditional.auth.functions.choreo_1.2.87
	... 33 more
Root exception:
java.lang.NoClassDefFoundError: org/wso2/carbon/utils/security/KeystoreUtils
	at org.wso2.carbon.identity.conditional.auth.functions.choreo.internal.ChoreoFunctionServiceComponent.activate(ChoreoFunctionServiceComponent.java:92)
	at jdk.internal.reflect.GeneratedMethodAccessor77.invoke(Unknown Source)
	at java.base/jdk.internal.reflect.DelegatingMethodAccessorImpl.invoke(DelegatingMethodAccessorImpl.java:43)
	at java.base/java.lang.reflect.Method.invoke(Method.java:569)
	at org.eclipse.equinox.internal.ds.model.ServiceComponent.activate(ServiceComponent.java:235)
	at org.eclipse.equinox.internal.ds.model.ServiceComponentProp.activate(ServiceComponentProp.java:146)
	at org.eclipse.equinox.internal.ds.model.ServiceComponentProp.build(ServiceComponentProp.java:345)
	at org.eclipse.equinox.internal.ds.InstanceProcess.buildComponent(InstanceProcess.java:620)
	at org.eclipse.equinox.internal.ds.InstanceProcess.buildComponents(InstanceProcess.java:197)
	at org.eclipse.equinox.internal.ds.Resolver.getEligible(Resolver.java:386)
	at org.eclipse.equinox.internal.ds.SCRManager.serviceChanged(SCRManager.java:222)
	at org.eclipse.osgi.internal.serviceregistry.FilteredServiceListener.serviceChanged(FilteredServiceListener.java:113)
	at org.eclipse.osgi.internal.framework.BundleContextImpl.dispatchEvent(BundleContextImpl.java:985)
	at org.eclipse.osgi.framework.eventmgr.EventManager.dispatchEvent(EventManager.java:234)
	at org.eclipse.osgi.framework.eventmgr.ListenerQueue.dispatchEventSynchronous(ListenerQueue.java:151)
	at org.eclipse.osgi.internal.serviceregistry.ServiceRegistry.publishServiceEventPrivileged(ServiceRegistry.java:866)
	at org.eclipse.osgi.internal.serviceregistry.ServiceRegistry.publishServiceEvent(ServiceRegistry.java:804)
	at org.eclipse.osgi.internal.serviceregistry.ServiceRegistrationImpl.unregister(ServiceRegistrationImpl.java:227)
	at org.eclipse.osgi.internal.serviceregistry.ServiceRegistry.unregisterServices(ServiceRegistry.java:668)
	at org.eclipse.osgi.internal.framework.BundleContextImpl.close(BundleContextImpl.java:133)
	at org.eclipse.osgi.internal.framework.EquinoxBundle.stopWorker0(EquinoxBundle.java:1029)
	at org.eclipse.osgi.internal.framework.EquinoxBundle$EquinoxModule.stopWorker(EquinoxBundle.java:370)
	at org.eclipse.osgi.container.Module.doStop(Module.java:653)
	at org.eclipse.osgi.container.Module.stop(Module.java:515)
	at org.eclipse.osgi.container.ModuleContainer$ContainerStartLevel.decStartLevel(ModuleContainer.java:1861)
	at org.eclipse.osgi.container.ModuleContainer$ContainerStartLevel.doContainerStartLevel(ModuleContainer.java:1753)
	at org.eclipse.osgi.container.SystemModule.stopWorker(SystemModule.java:275)
	at org.eclipse.osgi.internal.framework.EquinoxBundle$SystemBundle$EquinoxSystemModule.stopWorker(EquinoxBundle.java:202)
	at org.eclipse.osgi.container.Module.doStop(Module.java:653)
	at org.eclipse.osgi.container.Module.stop(Module.java:515)
	at org.eclipse.osgi.container.SystemModule.stop(SystemModule.java:207)
	at org.eclipse.osgi.internal.framework.EquinoxBundle$SystemBundle$EquinoxSystemModule$1.run(EquinoxBundle.java:220)
	at java.base/java.lang.Thread.run(Thread.java:840)
Caused by: java.lang.ClassNotFoundException: org.wso2.carbon.utils.security.KeystoreUtils cannot be found by org.wso2.carbon.identity.conditional.auth.functions.choreo_1.2.87
	... 33 more

!ENTRY org.eclipse.equinox.ds 4 0 2026-01-15 10:46:53.056
!MESSAGE [SCR] Exception while activating instance org.wso2.carbon.identity.conditional.auth.functions.choreo.internal.ChoreoFunctionServiceComponent@bfc9f68 of component identity.conditional.auth.functions.choreo.component  
!STACK 0
java.lang.reflect.InvocationTargetException
	at jdk.internal.reflect.GeneratedMethodAccessor77.invoke(Unknown Source)
	at java.base/jdk.internal.reflect.DelegatingMethodAccessorImpl.invoke(DelegatingMethodAccessorImpl.java:43)
	at java.base/java.lang.reflect.Method.invoke(Method.java:569)
	at org.eclipse.equinox.internal.ds.model.ServiceComponent.activate(ServiceComponent.java:235)
	at org.eclipse.equinox.internal.ds.model.ServiceComponentProp.activate(ServiceComponentProp.java:146)
	at org.eclipse.equinox.internal.ds.model.ServiceComponentProp.build(ServiceComponentProp.java:345)
	at org.eclipse.equinox.internal.ds.InstanceProcess.buildComponent(InstanceProcess.java:620)
	at org.eclipse.equinox.internal.ds.InstanceProcess.buildComponents(InstanceProcess.java:197)
	at org.eclipse.equinox.internal.ds.Resolver.getEligible(Resolver.java:386)
	at org.eclipse.equinox.internal.ds.SCRManager.serviceChanged(SCRManager.java:222)
	at org.eclipse.osgi.internal.serviceregistry.FilteredServiceListener.serviceChanged(FilteredServiceListener.java:113)
	at org.eclipse.osgi.internal.framework.BundleContextImpl.dispatchEvent(BundleContextImpl.java:985)
	at org.eclipse.osgi.framework.eventmgr.EventManager.dispatchEvent(EventManager.java:234)
	at org.eclipse.osgi.framework.eventmgr.ListenerQueue.dispatchEventSynchronous(ListenerQueue.java:151)
	at org.eclipse.osgi.internal.serviceregistry.ServiceRegistry.publishServiceEventPrivileged(ServiceRegistry.java:866)
	at org.eclipse.osgi.internal.serviceregistry.ServiceRegistry.publishServiceEvent(ServiceRegistry.java:804)
	at org.eclipse.osgi.internal.serviceregistry.ServiceRegistrationImpl.unregister(ServiceRegistrationImpl.java:227)
	at org.eclipse.osgi.internal.serviceregistry.ServiceRegistry.unregisterServices(ServiceRegistry.java:668)
	at org.eclipse.osgi.internal.framework.BundleContextImpl.close(BundleContextImpl.java:133)
	at org.eclipse.osgi.internal.framework.EquinoxBundle.stopWorker0(EquinoxBundle.java:1029)
	at org.eclipse.osgi.internal.framework.EquinoxBundle$EquinoxModule.stopWorker(EquinoxBundle.java:370)
	at org.eclipse.osgi.container.Module.doStop(Module.java:653)
	at org.eclipse.osgi.container.Module.stop(Module.java:515)
	at org.eclipse.osgi.container.ModuleContainer$ContainerStartLevel.decStartLevel(ModuleContainer.java:1861)
	at org.eclipse.osgi.container.ModuleContainer$ContainerStartLevel.doContainerStartLevel(ModuleContainer.java:1753)
	at org.eclipse.osgi.container.SystemModule.stopWorker(SystemModule.java:275)
	at org.eclipse.osgi.internal.framework.EquinoxBundle$SystemBundle$EquinoxSystemModule.stopWorker(EquinoxBundle.java:202)
	at org.eclipse.osgi.container.Module.doStop(Module.java:653)
	at org.eclipse.osgi.container.Module.stop(Module.java:515)
	at org.eclipse.osgi.container.SystemModule.stop(SystemModule.java:207)
	at org.eclipse.osgi.internal.framework.EquinoxBundle$SystemBundle$EquinoxSystemModule$1.run(EquinoxBundle.java:220)
	at java.base/java.lang.Thread.run(Thread.java:840)
Caused by: java.lang.NoClassDefFoundError: org/wso2/carbon/utils/security/KeystoreUtils
	at org.wso2.carbon.identity.conditional.auth.functions.choreo.internal.ChoreoFunctionServiceComponent.activate(ChoreoFunctionServiceComponent.java:92)
	... 32 more
Caused by: java.lang.ClassNotFoundException: org.wso2.carbon.utils.security.KeystoreUtils cannot be found by org.wso2.carbon.identity.conditional.auth.functions.choreo_1.2.87
	... 33 more
Root exception:
java.lang.NoClassDefFoundError: org/wso2/carbon/utils/security/KeystoreUtils
	at org.wso2.carbon.identity.conditional.auth.functions.choreo.internal.ChoreoFunctionServiceComponent.activate(ChoreoFunctionServiceComponent.java:92)
	at jdk.internal.reflect.GeneratedMethodAccessor77.invoke(Unknown Source)
	at java.base/jdk.internal.reflect.DelegatingMethodAccessorImpl.invoke(DelegatingMethodAccessorImpl.java:43)
	at java.base/java.lang.reflect.Method.invoke(Method.java:569)
	at org.eclipse.equinox.internal.ds.model.ServiceComponent.activate(ServiceComponent.java:235)
	at org.eclipse.equinox.internal.ds.model.ServiceComponentProp.activate(ServiceComponentProp.java:146)
	at org.eclipse.equinox.internal.ds.model.ServiceComponentProp.build(ServiceComponentProp.java:345)
	at org.eclipse.equinox.internal.ds.InstanceProcess.buildComponent(InstanceProcess.java:620)
	at org.eclipse.equinox.internal.ds.InstanceProcess.buildComponents(InstanceProcess.java:197)
	at org.eclipse.equinox.internal.ds.Resolver.getEligible(Resolver.java:386)
	at org.eclipse.equinox.internal.ds.SCRManager.serviceChanged(SCRManager.java:222)
	at org.eclipse.osgi.internal.serviceregistry.FilteredServiceListener.serviceChanged(FilteredServiceListener.java:113)
	at org.eclipse.osgi.internal.framework.BundleContextImpl.dispatchEvent(BundleContextImpl.java:985)
	at org.eclipse.osgi.framework.eventmgr.EventManager.dispatchEvent(EventManager.java:234)
	at org.eclipse.osgi.framework.eventmgr.ListenerQueue.dispatchEventSynchronous(ListenerQueue.java:151)
	at org.eclipse.osgi.internal.serviceregistry.ServiceRegistry.publishServiceEventPrivileged(ServiceRegistry.java:866)
	at org.eclipse.osgi.internal.serviceregistry.ServiceRegistry.publishServiceEvent(ServiceRegistry.java:804)
	at org.eclipse.osgi.internal.serviceregistry.ServiceRegistrationImpl.unregister(ServiceRegistrationImpl.java:227)
	at org.eclipse.osgi.internal.serviceregistry.ServiceRegistry.unregisterServices(ServiceRegistry.java:668)
	at org.eclipse.osgi.internal.framework.BundleContextImpl.close(BundleContextImpl.java:133)
	at org.eclipse.osgi.internal.framework.EquinoxBundle.stopWorker0(EquinoxBundle.java:1029)
	at org.eclipse.osgi.internal.framework.EquinoxBundle$EquinoxModule.stopWorker(EquinoxBundle.java:370)
	at org.eclipse.osgi.container.Module.doStop(Module.java:653)
	at org.eclipse.osgi.container.Module.stop(Module.java:515)
	at org.eclipse.osgi.container.ModuleContainer$ContainerStartLevel.decStartLevel(ModuleContainer.java:1861)
	at org.eclipse.osgi.container.ModuleContainer$ContainerStartLevel.doContainerStartLevel(ModuleContainer.java:1753)
	at org.eclipse.osgi.container.SystemModule.stopWorker(SystemModule.java:275)
	at org.eclipse.osgi.internal.framework.EquinoxBundle$SystemBundle$EquinoxSystemModule.stopWorker(EquinoxBundle.java:202)
	at org.eclipse.osgi.container.Module.doStop(Module.java:653)
	at org.eclipse.osgi.container.Module.stop(Module.java:515)
	at org.eclipse.osgi.container.SystemModule.stop(SystemModule.java:207)
	at org.eclipse.osgi.internal.framework.EquinoxBundle$SystemBundle$EquinoxSystemModule$1.run(EquinoxBundle.java:220)
	at java.base/java.lang.Thread.run(Thread.java:840)
Caused by: java.lang.ClassNotFoundException: org.wso2.carbon.utils.security.KeystoreUtils cannot be found by org.wso2.carbon.identity.conditional.auth.functions.choreo_1.2.87
	... 33 more

!ENTRY org.eclipse.equinox.ds 4 0 2026-01-15 10:46:53.066
!MESSAGE [SCR] Exception while activating instance org.wso2.carbon.identity.conditional.auth.functions.choreo.internal.ChoreoFunctionServiceComponent@ac73ce3 of component identity.conditional.auth.functions.choreo.component  
!STACK 0
java.lang.reflect.InvocationTargetException
	at jdk.internal.reflect.GeneratedMethodAccessor77.invoke(Unknown Source)
	at java.base/jdk.internal.reflect.DelegatingMethodAccessorImpl.invoke(DelegatingMethodAccessorImpl.java:43)
	at java.base/java.lang.reflect.Method.invoke(Method.java:569)
	at org.eclipse.equinox.internal.ds.model.ServiceComponent.activate(ServiceComponent.java:235)
	at org.eclipse.equinox.internal.ds.model.ServiceComponentProp.activate(ServiceComponentProp.java:146)
	at org.eclipse.equinox.internal.ds.model.ServiceComponentProp.build(ServiceComponentProp.java:345)
	at org.eclipse.equinox.internal.ds.InstanceProcess.buildComponent(InstanceProcess.java:620)
	at org.eclipse.equinox.internal.ds.InstanceProcess.buildComponents(InstanceProcess.java:197)
	at org.eclipse.equinox.internal.ds.Resolver.getEligible(Resolver.java:386)
	at org.eclipse.equinox.internal.ds.SCRManager.serviceChanged(SCRManager.java:222)
	at org.eclipse.osgi.internal.serviceregistry.FilteredServiceListener.serviceChanged(FilteredServiceListener.java:113)
	at org.eclipse.osgi.internal.framework.BundleContextImpl.dispatchEvent(BundleContextImpl.java:985)
	at org.eclipse.osgi.framework.eventmgr.EventManager.dispatchEvent(EventManager.java:234)
	at org.eclipse.osgi.framework.eventmgr.ListenerQueue.dispatchEventSynchronous(ListenerQueue.java:151)
	at org.eclipse.osgi.internal.serviceregistry.ServiceRegistry.publishServiceEventPrivileged(ServiceRegistry.java:866)
	at org.eclipse.osgi.internal.serviceregistry.ServiceRegistry.publishServiceEvent(ServiceRegistry.java:804)
	at org.eclipse.osgi.internal.serviceregistry.ServiceRegistrationImpl.unregister(ServiceRegistrationImpl.java:227)
	at org.eclipse.osgi.internal.serviceregistry.ServiceRegistry.unregisterServices(ServiceRegistry.java:668)
	at org.eclipse.osgi.internal.framework.BundleContextImpl.close(BundleContextImpl.java:133)
	at org.eclipse.osgi.internal.framework.EquinoxBundle.stopWorker0(EquinoxBundle.java:1029)
	at org.eclipse.osgi.internal.framework.EquinoxBundle$EquinoxModule.stopWorker(EquinoxBundle.java:370)
	at org.eclipse.osgi.container.Module.doStop(Module.java:653)
	at org.eclipse.osgi.container.Module.stop(Module.java:515)
	at org.eclipse.osgi.container.ModuleContainer$ContainerStartLevel.decStartLevel(ModuleContainer.java:1861)
	at org.eclipse.osgi.container.ModuleContainer$ContainerStartLevel.doContainerStartLevel(ModuleContainer.java:1753)
	at org.eclipse.osgi.container.SystemModule.stopWorker(SystemModule.java:275)
	at org.eclipse.osgi.internal.framework.EquinoxBundle$SystemBundle$EquinoxSystemModule.stopWorker(EquinoxBundle.java:202)
	at org.eclipse.osgi.container.Module.doStop(Module.java:653)
	at org.eclipse.osgi.container.Module.stop(Module.java:515)
	at org.eclipse.osgi.container.SystemModule.stop(SystemModule.java:207)
	at org.eclipse.osgi.internal.framework.EquinoxBundle$SystemBundle$EquinoxSystemModule$1.run(EquinoxBundle.java:220)
	at java.base/java.lang.Thread.run(Thread.java:840)
Caused by: java.lang.NoClassDefFoundError: org/wso2/carbon/utils/security/KeystoreUtils
	at org.wso2.carbon.identity.conditional.auth.functions.choreo.internal.ChoreoFunctionServiceComponent.activate(ChoreoFunctionServiceComponent.java:92)
	... 32 more
Caused by: java.lang.ClassNotFoundException: org.wso2.carbon.utils.security.KeystoreUtils cannot be found by org.wso2.carbon.identity.conditional.auth.functions.choreo_1.2.87
	... 33 more
Root exception:
java.lang.NoClassDefFoundError: org/wso2/carbon/utils/security/KeystoreUtils
	at org.wso2.carbon.identity.conditional.auth.functions.choreo.internal.ChoreoFunctionServiceComponent.activate(ChoreoFunctionServiceComponent.java:92)
	at jdk.internal.reflect.GeneratedMethodAccessor77.invoke(Unknown Source)
	at java.base/jdk.internal.reflect.DelegatingMethodAccessorImpl.invoke(DelegatingMethodAccessorImpl.java:43)
	at java.base/java.lang.reflect.Method.invoke(Method.java:569)
	at org.eclipse.equinox.internal.ds.model.ServiceComponent.activate(ServiceComponent.java:235)
	at org.eclipse.equinox.internal.ds.model.ServiceComponentProp.activate(ServiceComponentProp.java:146)
	at org.eclipse.equinox.internal.ds.model.ServiceComponentProp.build(ServiceComponentProp.java:345)
	at org.eclipse.equinox.internal.ds.InstanceProcess.buildComponent(InstanceProcess.java:620)
	at org.eclipse.equinox.internal.ds.InstanceProcess.buildComponents(InstanceProcess.java:197)
	at org.eclipse.equinox.internal.ds.Resolver.getEligible(Resolver.java:386)
	at org.eclipse.equinox.internal.ds.SCRManager.serviceChanged(SCRManager.java:222)
	at org.eclipse.osgi.internal.serviceregistry.FilteredServiceListener.serviceChanged(FilteredServiceListener.java:113)
	at org.eclipse.osgi.internal.framework.BundleContextImpl.dispatchEvent(BundleContextImpl.java:985)
	at org.eclipse.osgi.framework.eventmgr.EventManager.dispatchEvent(EventManager.java:234)
	at org.eclipse.osgi.framework.eventmgr.ListenerQueue.dispatchEventSynchronous(ListenerQueue.java:151)
	at org.eclipse.osgi.internal.serviceregistry.ServiceRegistry.publishServiceEventPrivileged(ServiceRegistry.java:866)
	at org.eclipse.osgi.internal.serviceregistry.ServiceRegistry.publishServiceEvent(ServiceRegistry.java:804)
	at org.eclipse.osgi.internal.serviceregistry.ServiceRegistrationImpl.unregister(ServiceRegistrationImpl.java:227)
	at org.eclipse.osgi.internal.serviceregistry.ServiceRegistry.unregisterServices(ServiceRegistry.java:668)
	at org.eclipse.osgi.internal.framework.BundleContextImpl.close(BundleContextImpl.java:133)
	at org.eclipse.osgi.internal.framework.EquinoxBundle.stopWorker0(EquinoxBundle.java:1029)
	at org.eclipse.osgi.internal.framework.EquinoxBundle$EquinoxModule.stopWorker(EquinoxBundle.java:370)
	at org.eclipse.osgi.container.Module.doStop(Module.java:653)
	at org.eclipse.osgi.container.Module.stop(Module.java:515)
	at org.eclipse.osgi.container.ModuleContainer$ContainerStartLevel.decStartLevel(ModuleContainer.java:1861)
	at org.eclipse.osgi.container.ModuleContainer$ContainerStartLevel.doContainerStartLevel(ModuleContainer.java:1753)
	at org.eclipse.osgi.container.SystemModule.stopWorker(SystemModule.java:275)
	at org.eclipse.osgi.internal.framework.EquinoxBundle$SystemBundle$EquinoxSystemModule.stopWorker(EquinoxBundle.java:202)
	at org.eclipse.osgi.container.Module.doStop(Module.java:653)
	at org.eclipse.osgi.container.Module.stop(Module.java:515)
	at org.eclipse.osgi.container.SystemModule.stop(SystemModule.java:207)
	at org.eclipse.osgi.internal.framework.EquinoxBundle$SystemBundle$EquinoxSystemModule$1.run(EquinoxBundle.java:220)
	at java.base/java.lang.Thread.run(Thread.java:840)
Caused by: java.lang.ClassNotFoundException: org.wso2.carbon.utils.security.KeystoreUtils cannot be found by org.wso2.carbon.identity.conditional.auth.functions.choreo_1.2.87
	... 33 more

!ENTRY org.eclipse.equinox.ds 4 0 2026-01-15 10:46:53.074
!MESSAGE [SCR] Exception while activating instance org.wso2.carbon.identity.conditional.auth.functions.choreo.internal.ChoreoFunctionServiceComponent@719f9cc0 of component identity.conditional.auth.functions.choreo.component  
!STACK 0
java.lang.reflect.InvocationTargetException
	at jdk.internal.reflect.GeneratedMethodAccessor77.invoke(Unknown Source)
	at java.base/jdk.internal.reflect.DelegatingMethodAccessorImpl.invoke(DelegatingMethodAccessorImpl.java:43)
	at java.base/java.lang.reflect.Method.invoke(Method.java:569)
	at org.eclipse.equinox.internal.ds.model.ServiceComponent.activate(ServiceComponent.java:235)
	at org.eclipse.equinox.internal.ds.model.ServiceComponentProp.activate(ServiceComponentProp.java:146)
	at org.eclipse.equinox.internal.ds.model.ServiceComponentProp.build(ServiceComponentProp.java:345)
	at org.eclipse.equinox.internal.ds.InstanceProcess.buildComponent(InstanceProcess.java:620)
	at org.eclipse.equinox.internal.ds.InstanceProcess.buildComponents(InstanceProcess.java:197)
	at org.eclipse.equinox.internal.ds.Resolver.getEligible(Resolver.java:386)
	at org.eclipse.equinox.internal.ds.SCRManager.serviceChanged(SCRManager.java:222)
	at org.eclipse.osgi.internal.serviceregistry.FilteredServiceListener.serviceChanged(FilteredServiceListener.java:113)
	at org.eclipse.osgi.internal.framework.BundleContextImpl.dispatchEvent(BundleContextImpl.java:985)
	at org.eclipse.osgi.framework.eventmgr.EventManager.dispatchEvent(EventManager.java:234)
	at org.eclipse.osgi.framework.eventmgr.ListenerQueue.dispatchEventSynchronous(ListenerQueue.java:151)
	at org.eclipse.osgi.internal.serviceregistry.ServiceRegistry.publishServiceEventPrivileged(ServiceRegistry.java:866)
	at org.eclipse.osgi.internal.serviceregistry.ServiceRegistry.publishServiceEvent(ServiceRegistry.java:804)
	at org.eclipse.osgi.internal.serviceregistry.ServiceRegistrationImpl.unregister(ServiceRegistrationImpl.java:227)
	at org.eclipse.osgi.internal.serviceregistry.ServiceRegistry.unregisterServices(ServiceRegistry.java:668)
	at org.eclipse.osgi.internal.framework.BundleContextImpl.close(BundleContextImpl.java:133)
	at org.eclipse.osgi.internal.framework.EquinoxBundle.stopWorker0(EquinoxBundle.java:1029)
	at org.eclipse.osgi.internal.framework.EquinoxBundle$EquinoxModule.stopWorker(EquinoxBundle.java:370)
	at org.eclipse.osgi.container.Module.doStop(Module.java:653)
	at org.eclipse.osgi.container.Module.stop(Module.java:515)
	at org.eclipse.osgi.container.ModuleContainer$ContainerStartLevel.decStartLevel(ModuleContainer.java:1861)
	at org.eclipse.osgi.container.ModuleContainer$ContainerStartLevel.doContainerStartLevel(ModuleContainer.java:1753)
	at org.eclipse.osgi.container.SystemModule.stopWorker(SystemModule.java:275)
	at org.eclipse.osgi.internal.framework.EquinoxBundle$SystemBundle$EquinoxSystemModule.stopWorker(EquinoxBundle.java:202)
	at org.eclipse.osgi.container.Module.doStop(Module.java:653)
	at org.eclipse.osgi.container.Module.stop(Module.java:515)
	at org.eclipse.osgi.container.SystemModule.stop(SystemModule.java:207)
	at org.eclipse.osgi.internal.framework.EquinoxBundle$SystemBundle$EquinoxSystemModule$1.run(EquinoxBundle.java:220)
	at java.base/java.lang.Thread.run(Thread.java:840)
Caused by: java.lang.NoClassDefFoundError: org/wso2/carbon/utils/security/KeystoreUtils
	at org.wso2.carbon.identity.conditional.auth.functions.choreo.internal.ChoreoFunctionServiceComponent.activate(ChoreoFunctionServiceComponent.java:92)
	... 32 more
Caused by: java.lang.ClassNotFoundException: org.wso2.carbon.utils.security.KeystoreUtils cannot be found by org.wso2.carbon.identity.conditional.auth.functions.choreo_1.2.87
	... 33 more
Root exception:
java.lang.NoClassDefFoundError: org/wso2/carbon/utils/security/KeystoreUtils
	at org.wso2.carbon.identity.conditional.auth.functions.choreo.internal.ChoreoFunctionServiceComponent.activate(ChoreoFunctionServiceComponent.java:92)
	at jdk.internal.reflect.GeneratedMethodAccessor77.invoke(Unknown Source)
	at java.base/jdk.internal.reflect.DelegatingMethodAccessorImpl.invoke(DelegatingMethodAccessorImpl.java:43)
	at java.base/java.lang.reflect.Method.invoke(Method.java:569)
	at org.eclipse.equinox.internal.ds.model.ServiceComponent.activate(ServiceComponent.java:235)
	at org.eclipse.equinox.internal.ds.model.ServiceComponentProp.activate(ServiceComponentProp.java:146)
	at org.eclipse.equinox.internal.ds.model.ServiceComponentProp.build(ServiceComponentProp.java:345)
	at org.eclipse.equinox.internal.ds.InstanceProcess.buildComponent(InstanceProcess.java:620)
	at org.eclipse.equinox.internal.ds.InstanceProcess.buildComponents(InstanceProcess.java:197)
	at org.eclipse.equinox.internal.ds.Resolver.getEligible(Resolver.java:386)
	at org.eclipse.equinox.internal.ds.SCRManager.serviceChanged(SCRManager.java:222)
	at org.eclipse.osgi.internal.serviceregistry.FilteredServiceListener.serviceChanged(FilteredServiceListener.java:113)
	at org.eclipse.osgi.internal.framework.BundleContextImpl.dispatchEvent(BundleContextImpl.java:985)
	at org.eclipse.osgi.framework.eventmgr.EventManager.dispatchEvent(EventManager.java:234)
	at org.eclipse.osgi.framework.eventmgr.ListenerQueue.dispatchEventSynchronous(ListenerQueue.java:151)
	at org.eclipse.osgi.internal.serviceregistry.ServiceRegistry.publishServiceEventPrivileged(ServiceRegistry.java:866)
	at org.eclipse.osgi.internal.serviceregistry.ServiceRegistry.publishServiceEvent(ServiceRegistry.java:804)
	at org.eclipse.osgi.internal.serviceregistry.ServiceRegistrationImpl.unregister(ServiceRegistrationImpl.java:227)
	at org.eclipse.osgi.internal.serviceregistry.ServiceRegistry.unregisterServices(ServiceRegistry.java:668)
	at org.eclipse.osgi.internal.framework.BundleContextImpl.close(BundleContextImpl.java:133)
	at org.eclipse.osgi.internal.framework.EquinoxBundle.stopWorker0(EquinoxBundle.java:1029)
	at org.eclipse.osgi.internal.framework.EquinoxBundle$EquinoxModule.stopWorker(EquinoxBundle.java:370)
	at org.eclipse.osgi.container.Module.doStop(Module.java:653)
	at org.eclipse.osgi.container.Module.stop(Module.java:515)
	at org.eclipse.osgi.container.ModuleContainer$ContainerStartLevel.decStartLevel(ModuleContainer.java:1861)
	at org.eclipse.osgi.container.ModuleContainer$ContainerStartLevel.doContainerStartLevel(ModuleContainer.java:1753)
	at org.eclipse.osgi.container.SystemModule.stopWorker(SystemModule.java:275)
	at org.eclipse.osgi.internal.framework.EquinoxBundle$SystemBundle$EquinoxSystemModule.stopWorker(EquinoxBundle.java:202)
	at org.eclipse.osgi.container.Module.doStop(Module.java:653)
	at org.eclipse.osgi.container.Module.stop(Module.java:515)
	at org.eclipse.osgi.container.SystemModule.stop(SystemModule.java:207)
	at org.eclipse.osgi.internal.framework.EquinoxBundle$SystemBundle$EquinoxSystemModule$1.run(EquinoxBundle.java:220)
	at java.base/java.lang.Thread.run(Thread.java:840)
Caused by: java.lang.ClassNotFoundException: org.wso2.carbon.utils.security.KeystoreUtils cannot be found by org.wso2.carbon.identity.conditional.auth.functions.choreo_1.2.87
	... 33 more

!ENTRY org.eclipse.equinox.ds 4 0 2026-01-15 10:46:53.078
!MESSAGE [SCR] Exception while activating instance org.wso2.carbon.identity.conditional.auth.functions.choreo.internal.ChoreoFunctionServiceComponent@2cc3f058 of component identity.conditional.auth.functions.choreo.component  
!STACK 0
java.lang.reflect.InvocationTargetException
	at jdk.internal.reflect.GeneratedMethodAccessor77.invoke(Unknown Source)
	at java.base/jdk.internal.reflect.DelegatingMethodAccessorImpl.invoke(DelegatingMethodAccessorImpl.java:43)
	at java.base/java.lang.reflect.Method.invoke(Method.java:569)
	at org.eclipse.equinox.internal.ds.model.ServiceComponent.activate(ServiceComponent.java:235)
	at org.eclipse.equinox.internal.ds.model.ServiceComponentProp.activate(ServiceComponentProp.java:146)
	at org.eclipse.equinox.internal.ds.model.ServiceComponentProp.build(ServiceComponentProp.java:345)
	at org.eclipse.equinox.internal.ds.InstanceProcess.buildComponent(InstanceProcess.java:620)
	at org.eclipse.equinox.internal.ds.InstanceProcess.buildComponents(InstanceProcess.java:197)
	at org.eclipse.equinox.internal.ds.Resolver.getEligible(Resolver.java:386)
	at org.eclipse.equinox.internal.ds.SCRManager.serviceChanged(SCRManager.java:222)
	at org.eclipse.osgi.internal.serviceregistry.FilteredServiceListener.serviceChanged(FilteredServiceListener.java:113)
	at org.eclipse.osgi.internal.framework.BundleContextImpl.dispatchEvent(BundleContextImpl.java:985)
	at org.eclipse.osgi.framework.eventmgr.EventManager.dispatchEvent(EventManager.java:234)
	at org.eclipse.osgi.framework.eventmgr.ListenerQueue.dispatchEventSynchronous(ListenerQueue.java:151)
	at org.eclipse.osgi.internal.serviceregistry.ServiceRegistry.publishServiceEventPrivileged(ServiceRegistry.java:866)
	at org.eclipse.osgi.internal.serviceregistry.ServiceRegistry.publishServiceEvent(ServiceRegistry.java:804)
	at org.eclipse.osgi.internal.serviceregistry.ServiceRegistrationImpl.unregister(ServiceRegistrationImpl.java:227)
	at org.eclipse.osgi.internal.serviceregistry.ServiceRegistry.unregisterServices(ServiceRegistry.java:668)
	at org.eclipse.osgi.internal.framework.BundleContextImpl.close(BundleContextImpl.java:133)
	at org.eclipse.osgi.internal.framework.EquinoxBundle.stopWorker0(EquinoxBundle.java:1029)
	at org.eclipse.osgi.internal.framework.EquinoxBundle$EquinoxModule.stopWorker(EquinoxBundle.java:370)
	at org.eclipse.osgi.container.Module.doStop(Module.java:653)
	at org.eclipse.osgi.container.Module.stop(Module.java:515)
	at org.eclipse.osgi.container.ModuleContainer$ContainerStartLevel.decStartLevel(ModuleContainer.java:1861)
	at org.eclipse.osgi.container.ModuleContainer$ContainerStartLevel.doContainerStartLevel(ModuleContainer.java:1753)
	at org.eclipse.osgi.container.SystemModule.stopWorker(SystemModule.java:275)
	at org.eclipse.osgi.internal.framework.EquinoxBundle$SystemBundle$EquinoxSystemModule.stopWorker(EquinoxBundle.java:202)
	at org.eclipse.osgi.container.Module.doStop(Module.java:653)
	at org.eclipse.osgi.container.Module.stop(Module.java:515)
	at org.eclipse.osgi.container.SystemModule.stop(SystemModule.java:207)
	at org.eclipse.osgi.internal.framework.EquinoxBundle$SystemBundle$EquinoxSystemModule$1.run(EquinoxBundle.java:220)
	at java.base/java.lang.Thread.run(Thread.java:840)
Caused by: java.lang.NoClassDefFoundError: org/wso2/carbon/utils/security/KeystoreUtils
	at org.wso2.carbon.identity.conditional.auth.functions.choreo.internal.ChoreoFunctionServiceComponent.activate(ChoreoFunctionServiceComponent.java:92)
	... 32 more
Caused by: java.lang.ClassNotFoundException: org.wso2.carbon.utils.security.KeystoreUtils cannot be found by org.wso2.carbon.identity.conditional.auth.functions.choreo_1.2.87
	... 33 more
Root exception:
java.lang.NoClassDefFoundError: org/wso2/carbon/utils/security/KeystoreUtils
	at org.wso2.carbon.identity.conditional.auth.functions.choreo.internal.ChoreoFunctionServiceComponent.activate(ChoreoFunctionServiceComponent.java:92)
	at jdk.internal.reflect.GeneratedMethodAccessor77.invoke(Unknown Source)
	at java.base/jdk.internal.reflect.DelegatingMethodAccessorImpl.invoke(DelegatingMethodAccessorImpl.java:43)
	at java.base/java.lang.reflect.Method.invoke(Method.java:569)
	at org.eclipse.equinox.internal.ds.model.ServiceComponent.activate(ServiceComponent.java:235)
	at org.eclipse.equinox.internal.ds.model.ServiceComponentProp.activate(ServiceComponentProp.java:146)
	at org.eclipse.equinox.internal.ds.model.ServiceComponentProp.build(ServiceComponentProp.java:345)
	at org.eclipse.equinox.internal.ds.InstanceProcess.buildComponent(InstanceProcess.java:620)
	at org.eclipse.equinox.internal.ds.InstanceProcess.buildComponents(InstanceProcess.java:197)
	at org.eclipse.equinox.internal.ds.Resolver.getEligible(Resolver.java:386)
	at org.eclipse.equinox.internal.ds.SCRManager.serviceChanged(SCRManager.java:222)
	at org.eclipse.osgi.internal.serviceregistry.FilteredServiceListener.serviceChanged(FilteredServiceListener.java:113)
	at org.eclipse.osgi.internal.framework.BundleContextImpl.dispatchEvent(BundleContextImpl.java:985)
	at org.eclipse.osgi.framework.eventmgr.EventManager.dispatchEvent(EventManager.java:234)
	at org.eclipse.osgi.framework.eventmgr.ListenerQueue.dispatchEventSynchronous(ListenerQueue.java:151)
	at org.eclipse.osgi.internal.serviceregistry.ServiceRegistry.publishServiceEventPrivileged(ServiceRegistry.java:866)
	at org.eclipse.osgi.internal.serviceregistry.ServiceRegistry.publishServiceEvent(ServiceRegistry.java:804)
	at org.eclipse.osgi.internal.serviceregistry.ServiceRegistrationImpl.unregister(ServiceRegistrationImpl.java:227)
	at org.eclipse.osgi.internal.serviceregistry.ServiceRegistry.unregisterServices(ServiceRegistry.java:668)
	at org.eclipse.osgi.internal.framework.BundleContextImpl.close(BundleContextImpl.java:133)
	at org.eclipse.osgi.internal.framework.EquinoxBundle.stopWorker0(EquinoxBundle.java:1029)
	at org.eclipse.osgi.internal.framework.EquinoxBundle$EquinoxModule.stopWorker(EquinoxBundle.java:370)
	at org.eclipse.osgi.container.Module.doStop(Module.java:653)
	at org.eclipse.osgi.container.Module.stop(Module.java:515)
	at org.eclipse.osgi.container.ModuleContainer$ContainerStartLevel.decStartLevel(ModuleContainer.java:1861)
	at org.eclipse.osgi.container.ModuleContainer$ContainerStartLevel.doContainerStartLevel(ModuleContainer.java:1753)
	at org.eclipse.osgi.container.SystemModule.stopWorker(SystemModule.java:275)
	at org.eclipse.osgi.internal.framework.EquinoxBundle$SystemBundle$EquinoxSystemModule.stopWorker(EquinoxBundle.java:202)
	at org.eclipse.osgi.container.Module.doStop(Module.java:653)
	at org.eclipse.osgi.container.Module.stop(Module.java:515)
	at org.eclipse.osgi.container.SystemModule.stop(SystemModule.java:207)
	at org.eclipse.osgi.internal.framework.EquinoxBundle$SystemBundle$EquinoxSystemModule$1.run(EquinoxBundle.java:220)
	at java.base/java.lang.Thread.run(Thread.java:840)
Caused by: java.lang.ClassNotFoundException: org.wso2.carbon.utils.security.KeystoreUtils cannot be found by org.wso2.carbon.identity.conditional.auth.functions.choreo_1.2.87
	... 33 more
