TID: [2026-01-21 10:09:52,890]  INFO {org.wso2.config.mapper.ConfigParser} - Initializing configurations with deployment configurations {org.wso2.config.mapper.ConfigParser}
TID: [] [] [2026-01-21 10:09:55,484] []  INFO {org.ops4j.pax.logging.spi.support.EventAdminConfigurationNotifier} - Sending Event Admin notification (configuration successful) to org/ops4j/pax/logging/Configuration
TID: [] [] [2026-01-21 10:09:55,688] []  INFO {org.wso2.carbon.core.internal.CarbonCoreActivator} - Starting WSO2 Carbon...
TID: [] [] [2026-01-21 10:09:55,688] []  INFO {org.wso2.carbon.core.internal.CarbonCoreActivator} - Operating System : Mac OS X 26.2, aarch64
TID: [] [] [2026-01-21 10:09:55,688] []  INFO {org.wso2.carbon.core.internal.CarbonCoreActivator} - Java Home        : /Library/Java/JavaVirtualMachines/temurin-17.jdk/Contents/Home
TID: [] [] [2026-01-21 10:09:55,688] []  INFO {org.wso2.carbon.core.internal.CarbonCoreActivator} - Java Version     : 17.0.17
TID: [] [] [2026-01-21 10:09:55,688] []  INFO {org.wso2.carbon.core.internal.CarbonCoreActivator} - Java VM          : OpenJDK 64-Bit Server VM 17.0.17+10,Eclipse Adoptium
TID: [] [] [2026-01-21 10:09:55,689] []  INFO {org.wso2.carbon.core.internal.CarbonCoreActivator} - Carbon Home      : /Users/udeepa/Desktop/VC/IS-Packs/v2/wso2is-7.2-5.1-SNAPSHOT
TID: [] [] [2026-01-21 10:09:55,689] []  INFO {org.wso2.carbon.core.internal.CarbonCoreActivator} - Java Temp Dir    : /Users/udeepa/Desktop/VC/IS-Packs/v2/wso2is-7.2-5.1-SNAPSHOT/tmp
TID: [] [] [2026-01-21 10:09:55,689] []  INFO {org.wso2.carbon.core.internal.CarbonCoreActivator} - User             : udeepa, en-GB, Asia/Colombo
TID: [] [] [2026-01-21 10:09:58,296] [] ERROR {Events.Framework} - FrameworkEvent ERROR org.osgi.framework.BundleException: Could not resolve module: org.wso2.carbon.identity.openid4vc.presentation [381]
  Unresolved requirement: Import-Package: org.wso2.carbon.user.core.service; version="[1.0.1,2.0.0)"; resolution:="optional"
  Unresolved requirement: Import-Package: org.wso2.carbon.user.core.tenant; version="[1.0.1,2.0.0)"; resolution:="optional"
  Unresolved requirement: Import-Package: com.nimbusds.jose; version="[7.3.0,8.0.0)"

	at org.eclipse.osgi.container.Module.start(Module.java:457)
	at org.eclipse.osgi.container.ModuleContainer$ContainerStartLevel$1.run(ModuleContainer.java:1820)
	at org.eclipse.osgi.internal.framework.EquinoxContainerAdaptor$2$1.execute(EquinoxContainerAdaptor.java:150)
	at org.eclipse.osgi.container.ModuleContainer$ContainerStartLevel.incStartLevel(ModuleContainer.java:1813)
	at org.eclipse.osgi.container.ModuleContainer$ContainerStartLevel.incStartLevel(ModuleContainer.java:1770)
	at org.eclipse.osgi.container.ModuleContainer$ContainerStartLevel.doContainerStartLevel(ModuleContainer.java:1735)
	at org.eclipse.osgi.container.ModuleContainer$ContainerStartLevel.dispatchEvent(ModuleContainer.java:1661)
	at org.eclipse.osgi.container.ModuleContainer$ContainerStartLevel.dispatchEvent(ModuleContainer.java:1)
	at org.eclipse.osgi.framework.eventmgr.EventManager.dispatchEvent(EventManager.java:234)
	at org.eclipse.osgi.framework.eventmgr.EventManager$EventThread.run(EventManager.java:345)

TID: [] [] [2026-01-21 10:10:00,544] []  INFO {org.apache.jasper.servlet.TldScanner} - At least one JAR was scanned for TLDs yet contained no TLDs. Enable debug logging for this logger for a complete list of JARs that were scanned but no TLDs were found in them. Skipping unneeded JARs during scanning can improve startup time and JSP compilation time.
TID: [] [] [2026-01-21 10:10:10,015] []  INFO {org.ops4j.pax.logging.spi.support.EventAdminConfigurationNotifier} - Sending Event Admin notification (configuration successful) to org/ops4j/pax/logging/Configuration
TID: [] [] [2026-01-21 10:10:10,135] []  INFO {org.wso2.carbon.core.internal.CarbonCoreActivator} - Starting WSO2 Carbon...
TID: [] [] [2026-01-21 10:10:10,135] []  INFO {org.wso2.carbon.core.internal.CarbonCoreActivator} - Operating System : Mac OS X 26.2, aarch64
TID: [] [] [2026-01-21 10:10:10,136] []  INFO {org.wso2.carbon.core.internal.CarbonCoreActivator} - Java Home        : /Library/Java/JavaVirtualMachines/temurin-17.jdk/Contents/Home
TID: [] [] [2026-01-21 10:10:10,136] []  INFO {org.wso2.carbon.core.internal.CarbonCoreActivator} - Java Version     : 17.0.17
TID: [] [] [2026-01-21 10:10:10,136] []  INFO {org.wso2.carbon.core.internal.CarbonCoreActivator} - Java VM          : OpenJDK 64-Bit Server VM 17.0.17+10,Eclipse Adoptium
TID: [] [] [2026-01-21 10:10:10,136] []  INFO {org.wso2.carbon.core.internal.CarbonCoreActivator} - Carbon Home      : /Users/udeepa/Desktop/VC/IS-Packs/v2/wso2is-7.2-5.1-SNAPSHOT
TID: [] [] [2026-01-21 10:10:10,136] []  INFO {org.wso2.carbon.core.internal.CarbonCoreActivator} - Java Temp Dir    : /Users/udeepa/Desktop/VC/IS-Packs/v2/wso2is-7.2-5.1-SNAPSHOT/tmp
TID: [] [] [2026-01-21 10:10:10,136] []  INFO {org.wso2.carbon.core.internal.CarbonCoreActivator} - User             : udeepa, en-GB, Asia/Colombo
TID: [] [] [2026-01-21 10:10:11,172] [] ERROR {Events.Framework} - FrameworkEvent ERROR org.osgi.framework.BundleException: Could not resolve module: org.wso2.carbon.identity.openid4vc.presentation [381]
  Unresolved requirement: Import-Package: org.wso2.carbon.user.core.service; version="[1.0.1,2.0.0)"; resolution:="optional"
  Unresolved requirement: Import-Package: org.wso2.carbon.user.core.tenant; version="[1.0.1,2.0.0)"; resolution:="optional"
  Unresolved requirement: Import-Package: com.nimbusds.jose; version="[7.3.0,8.0.0)"

	at org.eclipse.osgi.container.Module.start(Module.java:457)
	at org.eclipse.osgi.container.ModuleContainer$ContainerStartLevel$1.run(ModuleContainer.java:1820)
	at org.eclipse.osgi.internal.framework.EquinoxContainerAdaptor$2$1.execute(EquinoxContainerAdaptor.java:150)
	at org.eclipse.osgi.container.ModuleContainer$ContainerStartLevel.incStartLevel(ModuleContainer.java:1813)
	at org.eclipse.osgi.container.ModuleContainer$ContainerStartLevel.incStartLevel(ModuleContainer.java:1770)
	at org.eclipse.osgi.container.ModuleContainer$ContainerStartLevel.doContainerStartLevel(ModuleContainer.java:1735)
	at org.eclipse.osgi.container.ModuleContainer$ContainerStartLevel.dispatchEvent(ModuleContainer.java:1661)
	at org.eclipse.osgi.container.ModuleContainer$ContainerStartLevel.dispatchEvent(ModuleContainer.java:1)
	at org.eclipse.osgi.framework.eventmgr.EventManager.dispatchEvent(EventManager.java:234)
	at org.eclipse.osgi.framework.eventmgr.EventManager$EventThread.run(EventManager.java:345)

TID: [] [] [2026-01-21 10:10:12,857] []  INFO {org.apache.jasper.servlet.TldScanner} - At least one JAR was scanned for TLDs yet contained no TLDs. Enable debug logging for this logger for a complete list of JARs that were scanned but no TLDs were found in them. Skipping unneeded JARs during scanning can improve startup time and JSP compilation time.
TID: [] [] [2026-01-21 10:10:16,600] []  INFO {org.wso2.carbon.registry.indexing.solr.SolrClient} - Default Embedded Solr Server Initialized
TID: [] [] [2026-01-21 10:10:17,067] []  INFO {org.apache.axis2.transport.mail.MailTransportSender} - MAILTO Sender started
TID: [] [] [2026-01-21 10:10:17,132] []  INFO {org.wso2.carbon.core.init.CarbonServerManager} - Repository       : /Users/udeepa/Desktop/VC/IS-Packs/v2/wso2is-7.2-5.1-SNAPSHOT/repository/deployment/server/
TID: [] [] [2026-01-21 10:10:17,152] []  INFO {org.wso2.carbon.core.multitenancy.eager.TenantLoadingConfig} - Using tenant lazy loading policy...
TID: [] [] [2026-01-21 10:10:17,159] []  INFO {org.wso2.carbon.core.internal.permission.update.PermissionUpdater} - Permission cache updated for tenant -1234
TID: [] [] [2026-01-21 10:10:19,329] []  INFO {org.wso2.carbon.identity.configuration.mgt.core.ConfigurationManagerImpl} - Resource: ocspvalidator added successfully
TID: [] [] [2026-01-21 10:10:19,332] []  INFO {org.wso2.carbon.identity.configuration.mgt.core.ConfigurationManagerImpl} - Resource: crlvalidator added successfully
TID: [] [] [2026-01-21 10:10:19,530] []  WARN {org.wso2.carbon.identity.auth.service.internal.AuthenticationServiceComponent} - 

##################################  ALERT  ##################################
[WARNING]: Internal authentication is utilizing default credentials,
which may expose the environment to potential security risks.
If this is a production environment, change the credentials immediately.
#############################################################################

TID: [] [] [2026-01-21 10:10:19,553] []  WARN {org.wso2.carbon.identity.event.internal.IdentityEventServiceComponent} - Properties for IdentityFraudDetectorEventHandler is not configured. This event handler will not be activated
TID: [] [] [2026-01-21 10:10:22,270] []  INFO {org.wso2.carbon.identity.application.authentication.framework.store.SessionDataStore} - Thread pool size for temporary authentication context data delete task: 20
TID: [] [] [2026-01-21 10:10:22,524] []  INFO {org.opensaml.core.config.InitializationService} - Initializing OpenSAML using the Java Services API
TID: [] [] [2026-01-21 10:10:23,836] []  INFO {org.wso2.carbon.identity.user.store.configuration.utils.SecondaryUserStoreConfigurationUtil} - folder 'userstores' created to store configurations for tenant = -1234
TID: [] [] [2026-01-21 10:10:24,909] []  INFO {org.wso2.carbon.user.core.common.UserStoreDeploymentManager} - Realm configuration of tenant:-1234  modified with /Users/udeepa/Desktop/VC/IS-Packs/v2/wso2is-7.2-5.1-SNAPSHOT/repository/deployment/server/userstores/AGENT.xml
TID: [] [] [2026-01-21 10:10:30,040] []  INFO {org.hibernate.validator.internal.util.Version} - HV000001: Hibernate Validator 6.2.5.Final
TID: [] [] [2026-01-21 10:10:39,303] []  INFO {org.wso2.carbon.core.transports.http.HttpTransportListener} - HTTP port        : 9763
TID: [] [] [2026-01-21 10:10:39,304] []  INFO {org.wso2.carbon.core.transports.http.HttpsTransportListener} - HTTPS port       : 9443
TID: [] [] [2026-01-21 10:10:39,532] []  INFO {org.apache.tomcat.util.net.NioEndpoint.certificate} - Connector [https-jsse-nio-9443], TLS virtual host [_default_], certificate type [UNDEFINED] configured from keystore [/Users/udeepa/Desktop/VC/IS-Packs/v2/wso2is-7.2-5.1-SNAPSHOT/repository/resources/security/wso2carbon.p12] using alias [wso2carbon] with trust store [/Users/udeepa/Desktop/VC/IS-Packs/v2/wso2is-7.2-5.1-SNAPSHOT/repository/resources/security/client-truststore.p12]
TID: [] [] [2026-01-21 10:10:39,568] []  INFO {org.wso2.identity.apps.common.internal.AppsCommonServiceStartupObserver} - My Account URL : https://localhost:9443/myaccount
TID: [] [] [2026-01-21 10:10:39,568] []  INFO {org.wso2.identity.apps.common.internal.AppsCommonServiceStartupObserver} - Console URL : https://localhost:9443/console
TID: [] [] [2026-01-21 10:10:39,568] []  INFO {org.wso2.carbon.core.internal.StartupFinalizerServiceComponent} - Server           :  WSO2 Identity Server-7.2.1-SNAPSHOT
TID: [] [] [2026-01-21 10:10:39,569] []  INFO {org.wso2.carbon.core.internal.StartupFinalizerServiceComponent} - WSO2 Carbon started in 33 sec
TID: [] [] [2026-01-21 10:10:39,588] []  INFO {org.wso2.carbon.healthcheck.api.core.internal.HealthMonitorServiceComponent} - Carbon health monitoring service is activated..
TID: [] [] [2026-01-21 10:11:47,866] []  INFO {org.wso2.carbon.core.init.CarbonServerManager} - Shutdown hook triggered....
TID: [] [] [2026-01-21 10:11:47,873] []  INFO {org.wso2.carbon.core.init.CarbonServerManager} - Gracefully shutting down WSO2 Identity Server...
TID: [] [] [2026-01-21 10:11:48,057] []  INFO {org.wso2.carbon.core.ServerManagement} - Starting to switch to maintenance mode...
TID: [] [] [2026-01-21 10:11:48,079] []  INFO {org.wso2.carbon.core.ServerManagement} - Stopped all transport listeners
TID: [] [] [2026-01-21 10:11:48,080] []  INFO {org.wso2.carbon.core.ServerManagement} - Waiting for request service completion...
TID: [] [] [2026-01-21 10:11:48,171] []  INFO {org.wso2.carbon.core.ServerManagement} - All requests have been served.
TID: [] [] [2026-01-21 10:11:48,172] []  INFO {org.wso2.carbon.core.ServerManagement} - Waiting for deployment completion...
TID: [] [] [2026-01-21 10:11:48,312] []  INFO {org.wso2.carbon.webapp.mgt.WebApplication} - Unloaded webapp: StandardEngine[Catalina].StandardHost[localhost].StandardContext[/accountrecoveryendpoint]
TID: [] [] [2026-01-21 10:11:48,323] []  INFO {org.wso2.carbon.webapp.mgt.WebApplication} - Unloaded webapp: StandardEngine[Catalina].StandardHost[localhost].StandardContext[/mexut]
TID: [] [] [2026-01-21 10:11:48,337] []  INFO {org.wso2.carbon.webapp.mgt.WebApplication} - Unloaded webapp: StandardEngine[Catalina].StandardHost[localhost].StandardContext[/scim2]
TID: [] [] [2026-01-21 10:11:48,370] []  INFO {org.wso2.carbon.webapp.mgt.WebApplication} - Unloaded webapp: StandardEngine[Catalina].StandardHost[localhost].StandardContext[/authenticationendpoint]
TID: [] [] [2026-01-21 10:11:48,378] []  INFO {org.wso2.carbon.webapp.mgt.WebApplication} - Unloaded webapp: StandardEngine[Catalina].StandardHost[localhost].StandardContext[/oid4vci]
TID: [] [] [2026-01-21 10:11:48,388] []  INFO {org.wso2.carbon.webapp.mgt.WebApplication} - Unloaded webapp: StandardEngine[Catalina].StandardHost[localhost].StandardContext[/wso2]
TID: [] [] [2026-01-21 10:11:48,603] []  INFO {org.wso2.carbon.webapp.mgt.WebApplication} - Unloaded webapp: StandardEngine[Catalina].StandardHost[localhost].StandardContext[/console]
TID: [] [] [2026-01-21 10:11:48,735] []  INFO {org.wso2.carbon.webapp.mgt.WebApplication} - Unloaded webapp: StandardEngine[Catalina].StandardHost[localhost].StandardContext[/api]
TID: [] [] [2026-01-21 10:11:48,747] []  INFO {org.wso2.carbon.webapp.mgt.WebApplication} - Unloaded webapp: StandardEngine[Catalina].StandardHost[localhost].StandardContext[/myaccount]
TID: [] [] [2026-01-21 10:11:48,762] []  INFO {org.wso2.carbon.webapp.mgt.WebApplication} - Unloaded webapp: StandardEngine[Catalina].StandardHost[localhost].StandardContext[/oauth2]
TID: [] [] [2026-01-21 10:11:48,772] []  INFO {org.wso2.carbon.webapp.mgt.WebApplication} - Unloaded webapp: StandardEngine[Catalina].StandardHost[localhost].StandardContext[/api/health-check/v1.0]
TID: [] [] [2026-01-21 10:11:48,793] []  INFO {org.wso2.carbon.webapp.mgt.WebApplication} - Unloaded webapp: StandardEngine[Catalina].StandardHost[localhost].StandardContext[/x509certificateauthenticationendpoint]
TID: [] [] [2026-01-21 10:11:48,801] []  INFO {org.wso2.carbon.webapp.mgt.WebApplication} - Unloaded webapp: StandardEngine[Catalina].StandardHost[localhost].StandardContext[/mex]
TID: [] [] [2026-01-21 10:11:48,808] []  INFO {org.wso2.carbon.webapp.mgt.WebApplication} - Unloaded webapp: StandardEngine[Catalina].StandardHost[localhost].StandardContext[/accounts]
TID: [] [] [2026-01-21 10:11:48,808] []  INFO {org.wso2.carbon.core.ServerManagement} - All deployment tasks have been completed.
TID: [] [] [2026-01-21 10:11:48,809] []  INFO {org.wso2.carbon.core.ServerManagement} - Waiting for server task completion...
TID: [] [] [2026-01-21 10:11:48,814] []  INFO {org.wso2.carbon.core.ServerManagement} - All server tasks have been completed.
TID: [] [] [2026-01-21 10:11:48,816] []  INFO {org.wso2.carbon.core.init.CarbonServerManager} - Shutting down WSO2 Identity Server...
TID: [] [] [2026-01-21 10:11:48,817] []  INFO {org.wso2.carbon.core.init.CarbonServerManager} - Shutting down OSGi framework...
TID: [] [] [2026-01-21 10:11:48,855] []  INFO {org.wso2.carbon.core.init.CarbonServerManager} - Stopping CarbonServerManager...
TID: [] [] [2026-01-21 10:11:48,856] []  INFO {org.apache.axis2.transport.mail.MailTransportSender} - MAILTO Sender Shutdown
TID: [] [] [2026-01-21 10:11:49,021] []  INFO {org.wso2.carbon.tomcat.ext.internal.CarbonTomcatServiceComponent} - Stopping the carbon web-app registered under : /
TID: [] [] [2026-01-21 10:11:50,026] [] ERROR {org.apache.tomcat.util.net.Acceptor} - Socket accept failed java.nio.channels.AsynchronousCloseException
	at java.base/java.nio.channels.spi.AbstractInterruptibleChannel.end(AbstractInterruptibleChannel.java:202)
	at java.base/sun.nio.ch.ServerSocketChannelImpl.end(ServerSocketChannelImpl.java:376)
	at java.base/sun.nio.ch.ServerSocketChannelImpl.accept(ServerSocketChannelImpl.java:399)
	at org.apache.tomcat.util.net.NioEndpoint.serverSocketAccept(NioEndpoint.java:568)
	at org.apache.tomcat.util.net.NioEndpoint.serverSocketAccept(NioEndpoint.java:71)
	at org.apache.tomcat.util.net.Acceptor.run(Acceptor.java:128)
	at java.base/java.lang.Thread.run(Thread.java:840)

TID: [] [] [2026-01-21 10:11:51,028] []  WARN {org.apache.tomcat.util.net.NioEndpoint} - Failed to unlock acceptor for [https-jsse-nio-9443] because the local address was not available
TID: [] [] [2026-01-21 10:11:51,028] [] ERROR {org.apache.tomcat.util.net.Acceptor} - Socket accept failed java.nio.channels.AsynchronousCloseException
	at java.base/java.nio.channels.spi.AbstractInterruptibleChannel.end(AbstractInterruptibleChannel.java:202)
	at java.base/sun.nio.ch.ServerSocketChannelImpl.end(ServerSocketChannelImpl.java:376)
	at java.base/sun.nio.ch.ServerSocketChannelImpl.accept(ServerSocketChannelImpl.java:399)
	at org.apache.tomcat.util.net.NioEndpoint.serverSocketAccept(NioEndpoint.java:568)
	at org.apache.tomcat.util.net.NioEndpoint.serverSocketAccept(NioEndpoint.java:71)
	at org.apache.tomcat.util.net.Acceptor.run(Acceptor.java:128)
	at java.base/java.lang.Thread.run(Thread.java:840)

TID: [-1234] [] [2026-01-21 10:11:51,448]  INFO {org.wso2.carbon.core.init.CarbonServerManager} - Shutdown complete 
TID: [-1234] [] [2026-01-21 10:11:51,448]  INFO {org.wso2.carbon.core.init.CarbonServerManager} - Halting JVM 
TID: [] [] [2026-01-21 10:12:06,541] []  INFO {org.ops4j.pax.logging.spi.support.EventAdminConfigurationNotifier} - Sending Event Admin notification (configuration successful) to org/ops4j/pax/logging/Configuration
TID: [] [] [2026-01-21 10:12:06,676] []  INFO {org.wso2.carbon.core.internal.CarbonCoreActivator} - Starting WSO2 Carbon...
TID: [] [] [2026-01-21 10:12:06,676] []  INFO {org.wso2.carbon.core.internal.CarbonCoreActivator} - Operating System : Mac OS X 26.2, aarch64
TID: [] [] [2026-01-21 10:12:06,676] []  INFO {org.wso2.carbon.core.internal.CarbonCoreActivator} - Java Home        : /Library/Java/JavaVirtualMachines/temurin-17.jdk/Contents/Home
TID: [] [] [2026-01-21 10:12:06,676] []  INFO {org.wso2.carbon.core.internal.CarbonCoreActivator} - Java Version     : 17.0.17
TID: [] [] [2026-01-21 10:12:06,676] []  INFO {org.wso2.carbon.core.internal.CarbonCoreActivator} - Java VM          : OpenJDK 64-Bit Server VM 17.0.17+10,Eclipse Adoptium
TID: [] [] [2026-01-21 10:12:06,676] []  INFO {org.wso2.carbon.core.internal.CarbonCoreActivator} - Carbon Home      : /Users/udeepa/Desktop/VC/IS-Packs/v2/wso2is-7.2-5.1-SNAPSHOT
TID: [] [] [2026-01-21 10:12:06,676] []  INFO {org.wso2.carbon.core.internal.CarbonCoreActivator} - Java Temp Dir    : /Users/udeepa/Desktop/VC/IS-Packs/v2/wso2is-7.2-5.1-SNAPSHOT/tmp
TID: [] [] [2026-01-21 10:12:06,676] []  INFO {org.wso2.carbon.core.internal.CarbonCoreActivator} - User             : udeepa, en-GB, Asia/Colombo
TID: [] [] [2026-01-21 10:12:08,755] [] ERROR {Events.Framework} - FrameworkEvent ERROR org.osgi.framework.BundleException: Could not resolve module: org.wso2.carbon.identity.openid4vc.presentation [381]
  Unresolved requirement: Import-Package: org.wso2.carbon.user.core.service; version="[1.0.1,2.0.0)"; resolution:="optional"
  Unresolved requirement: Import-Package: org.wso2.carbon.user.core.tenant; version="[1.0.1,2.0.0)"; resolution:="optional"
  Unresolved requirement: Import-Package: com.nimbusds.jose; version="[7.3.0,8.0.0)"

	at org.eclipse.osgi.container.Module.start(Module.java:457)
	at org.eclipse.osgi.container.ModuleContainer$ContainerStartLevel$1.run(ModuleContainer.java:1820)
	at org.eclipse.osgi.internal.framework.EquinoxContainerAdaptor$2$1.execute(EquinoxContainerAdaptor.java:150)
	at org.eclipse.osgi.container.ModuleContainer$ContainerStartLevel.incStartLevel(ModuleContainer.java:1813)
	at org.eclipse.osgi.container.ModuleContainer$ContainerStartLevel.incStartLevel(ModuleContainer.java:1770)
	at org.eclipse.osgi.container.ModuleContainer$ContainerStartLevel.doContainerStartLevel(ModuleContainer.java:1735)
	at org.eclipse.osgi.container.ModuleContainer$ContainerStartLevel.dispatchEvent(ModuleContainer.java:1661)
	at org.eclipse.osgi.container.ModuleContainer$ContainerStartLevel.dispatchEvent(ModuleContainer.java:1)
	at org.eclipse.osgi.framework.eventmgr.EventManager.dispatchEvent(EventManager.java:234)
	at org.eclipse.osgi.framework.eventmgr.EventManager$EventThread.run(EventManager.java:345)

TID: [] [] [2026-01-21 10:12:10,374] []  INFO {org.apache.jasper.servlet.TldScanner} - At least one JAR was scanned for TLDs yet contained no TLDs. Enable debug logging for this logger for a complete list of JARs that were scanned but no TLDs were found in them. Skipping unneeded JARs during scanning can improve startup time and JSP compilation time.
TID: [] [] [2026-01-21 10:12:12,933] []  INFO {org.wso2.carbon.registry.indexing.solr.SolrClient} - Default Embedded Solr Server Initialized
TID: [] [] [2026-01-21 10:12:13,479] []  INFO {org.apache.axis2.transport.mail.MailTransportSender} - MAILTO Sender started
TID: [] [] [2026-01-21 10:12:13,544] []  INFO {org.wso2.carbon.core.init.CarbonServerManager} - Repository       : /Users/udeepa/Desktop/VC/IS-Packs/v2/wso2is-7.2-5.1-SNAPSHOT/repository/deployment/server/
TID: [] [] [2026-01-21 10:12:13,567] []  INFO {org.wso2.carbon.core.multitenancy.eager.TenantLoadingConfig} - Using tenant lazy loading policy...
TID: [] [] [2026-01-21 10:12:13,574] []  INFO {org.wso2.carbon.core.internal.permission.update.PermissionUpdater} - Permission cache updated for tenant -1234
TID: [] [] [2026-01-21 10:12:16,631] []  WARN {org.wso2.carbon.identity.auth.service.internal.AuthenticationServiceComponent} - 

##################################  ALERT  ##################################
[WARNING]: Internal authentication is utilizing default credentials,
which may expose the environment to potential security risks.
If this is a production environment, change the credentials immediately.
#############################################################################

TID: [] [] [2026-01-21 10:12:16,651] []  WARN {org.wso2.carbon.identity.event.internal.IdentityEventServiceComponent} - Properties for IdentityFraudDetectorEventHandler is not configured. This event handler will not be activated
TID: [] [] [2026-01-21 10:12:17,980] []  INFO {org.wso2.carbon.identity.application.authentication.framework.store.SessionDataStore} - Thread pool size for temporary authentication context data delete task: 20
TID: [] [] [2026-01-21 10:12:18,170] []  INFO {org.opensaml.core.config.InitializationService} - Initializing OpenSAML using the Java Services API
TID: [] [] [2026-01-21 10:12:20,096] []  INFO {org.wso2.carbon.user.core.common.UserStoreDeploymentManager} - Realm configuration of tenant:-1234  modified with /Users/udeepa/Desktop/VC/IS-Packs/v2/wso2is-7.2-5.1-SNAPSHOT/repository/deployment/server/userstores/AGENT.xml
TID: [] [] [2026-01-21 10:12:24,235] []  INFO {org.hibernate.validator.internal.util.Version} - HV000001: Hibernate Validator 6.2.5.Final
TID: [] [] [2026-01-21 10:12:31,980] []  INFO {org.wso2.carbon.core.transports.http.HttpTransportListener} - HTTP port        : 9763
TID: [] [] [2026-01-21 10:12:31,981] []  INFO {org.wso2.carbon.core.transports.http.HttpsTransportListener} - HTTPS port       : 9443
TID: [] [] [2026-01-21 10:12:32,182] []  INFO {org.apache.tomcat.util.net.NioEndpoint.certificate} - Connector [https-jsse-nio-9443], TLS virtual host [_default_], certificate type [UNDEFINED] configured from keystore [/Users/udeepa/Desktop/VC/IS-Packs/v2/wso2is-7.2-5.1-SNAPSHOT/repository/resources/security/wso2carbon.p12] using alias [wso2carbon] with trust store [/Users/udeepa/Desktop/VC/IS-Packs/v2/wso2is-7.2-5.1-SNAPSHOT/repository/resources/security/client-truststore.p12]
TID: [] [] [2026-01-21 10:12:32,212] []  INFO {org.wso2.identity.apps.common.internal.AppsCommonServiceStartupObserver} - My Account URL : https://localhost:9443/myaccount
TID: [] [] [2026-01-21 10:12:32,213] []  INFO {org.wso2.identity.apps.common.internal.AppsCommonServiceStartupObserver} - Console URL : https://localhost:9443/console
TID: [] [] [2026-01-21 10:12:32,213] []  INFO {org.wso2.carbon.core.internal.StartupFinalizerServiceComponent} - Server           :  WSO2 Identity Server-7.2.1-SNAPSHOT
TID: [] [] [2026-01-21 10:12:32,213] []  INFO {org.wso2.carbon.core.internal.StartupFinalizerServiceComponent} - WSO2 Carbon started in 28 sec
TID: [] [] [2026-01-21 10:12:32,227] []  INFO {org.wso2.carbon.healthcheck.api.core.internal.HealthMonitorServiceComponent} - Carbon health monitoring service is activated..
